[ 2017-12-13T15:17:53+08:00 ] 127.0.0.1 /index.php/Admin/Jiaz/KitingMoney_Remark
INFO: [ app_init ] --START--
INFO: Run Behavior\BuildLiteBehavior [ RunTime:0.000000s ]
INFO: [ app_init ] --END-- [ RunTime:0.005000s ]
INFO: [ app_begin ] --START--
INFO: Run Behavior\ReadHtmlCacheBehavior [ RunTime:0.002000s ]
INFO: [ app_begin ] --END-- [ RunTime:0.002000s ]
DEBUG: [ Jiechengkeji ] [ 15:17:53 ] [ _initialize ]BaseController
DEBUG: [ Jiechengkeji ] [ 15:17:53 ] [ _initialized ]AuthController
DEBUG: [ Jiechengkeji ] [ 15:17:53 ] [ __construct ]BaseDAO
SQL: SELECT
	                      homeMoney_money
                     FROM
	                       homemoney
                     WHERE
	                    cy_apply_id = ''
                  [ RunTime:0.0010s ]
DEBUG: [ Jiechengkeji ] [ 15:17:53 ] [ result ]0
DEBUG: [ Jiechengkeji ] [ 15:17:53 ] [ result ]{"msg":"\u6570\u636e\u83b7\u53d6\u6210\u529f","code":0,"data":[]}

[ 2017-12-13T15:18:28+08:00 ] 127.0.0.1 /index.php/Admin/Jiaz/KitingMoney_Remark
INFO: [ app_init ] --START--
INFO: Run Behavior\BuildLiteBehavior [ RunTime:0.000000s ]
INFO: [ app_init ] --END-- [ RunTime:0.001000s ]
INFO: [ app_begin ] --START--
INFO: Run Behavior\ReadHtmlCacheBehavior [ RunTime:0.001000s ]
INFO: [ app_begin ] --END-- [ RunTime:0.003000s ]
DEBUG: [ Jiechengkeji ] [ 15:18:28 ] [ _initialize ]BaseController
DEBUG: [ Jiechengkeji ] [ 15:18:28 ] [ _initialized ]AuthController
DEBUG: [ Jiechengkeji ] [ 15:18:28 ] [ __construct ]BaseDAO
SQL: SELECT
	                      homeMoney_money
                     FROM
	                       homemoney
                     WHERE
	                    cy_apply_id = '1'
                  [ RunTime:0.0010s ]
DEBUG: [ Jiechengkeji ] [ 15:18:28 ] [ result ]{"homemoney_money":"211411.5"}
DEBUG: [ Jiechengkeji ] [ 15:18:28 ] [ result ]{"msg":"\u6570\u636e\u83b7\u53d6\u6210\u529f","code":0,"data":{"homemoney_money":"211411.5"}}

[ 2017-12-13T15:34:25+08:00 ] 127.0.0.1 /index.php/Admin/Company/Adorm_Money
INFO: [ app_init ] --START--
INFO: Run Behavior\BuildLiteBehavior [ RunTime:0.000000s ]
INFO: [ app_init ] --END-- [ RunTime:0.002000s ]
INFO: [ app_begin ] --START--
INFO: Run Behavior\ReadHtmlCacheBehavior [ RunTime:0.002001s ]
INFO: [ app_begin ] --END-- [ RunTime:0.002001s ]
ERR: 无法加载控制器:Company

[ 2017-12-13T16:37:11+08:00 ] 127.0.0.1 /
INFO: [ app_init ] --START--
INFO: Run Behavior\BuildLiteBehavior [ RunTime:0.000000s ]
INFO: [ app_init ] --END-- [ RunTime:0.003000s ]
INFO: [ app_begin ] --START--
INFO: Run Behavior\ReadHtmlCacheBehavior [ RunTime:0.001000s ]
INFO: [ app_begin ] --END-- [ RunTime:0.003000s ]
DEBUG: [ Jiechengkeji ] [ 16:37:11 ] [ _initialize ]BaseController
DEBUG: [ Jiechengkeji ] [ 16:37:11 ] [ _initialized ]AuthController
DEBUG: [ Jiechengkeji ] [ 16:37:11 ] [ __construct ]BaseDAO
INFO: [ view_parse ] --START--
INFO: [ template_filter ] --START--
INFO: Run Behavior\ContentReplaceBehavior [ RunTime:0.000000s ]
INFO: [ template_filter ] --END-- [ RunTime:0.003000s ]
INFO: Run Behavior\ParseTemplateBehavior [ RunTime:0.037002s ]
INFO: [ view_parse ] --END-- [ RunTime:0.038002s ]
INFO: [ view_filter ] --START--
INFO: Run Behavior\WriteHtmlCacheBehavior [ RunTime:0.023001s ]
INFO: [ view_filter ] --END-- [ RunTime:0.034002s ]
INFO: [ app_end ] --START--
INFO: Run Behavior\ShowPageTraceBehavior [ RunTime:0.003000s ]
INFO: [ app_end ] --END-- [ RunTime:0.003000s ]

[ 2017-12-13T16:37:11+08:00 ] 127.0.0.1 /
INFO: [ app_init ] --START--
INFO: Run Behavior\BuildLiteBehavior [ RunTime:0.000000s ]
INFO: [ app_init ] --END-- [ RunTime:0.001000s ]
INFO: [ app_begin ] --START--
INFO: Run Behavior\ReadHtmlCacheBehavior [ RunTime:0.002000s ]
INFO: [ app_begin ] --END-- [ RunTime:0.002000s ]
DEBUG: [ Jiechengkeji ] [ 16:37:11 ] [ _initialize ]BaseController
DEBUG: [ Jiechengkeji ] [ 16:37:11 ] [ _initialized ]AuthController
DEBUG: [ Jiechengkeji ] [ 16:37:11 ] [ __construct ]BaseDAO
INFO: [ view_parse ] --START--
INFO: [ template_filter ] --START--
INFO: Run Behavior\ContentReplaceBehavior [ RunTime:0.000000s ]
INFO: [ template_filter ] --END-- [ RunTime:0.002001s ]
INFO: Run Behavior\ParseTemplateBehavior [ RunTime:0.017001s ]
INFO: [ view_parse ] --END-- [ RunTime:0.018001s ]
INFO: [ view_filter ] --START--
INFO: Run Behavior\WriteHtmlCacheBehavior [ RunTime:0.001000s ]
INFO: [ view_filter ] --END-- [ RunTime:0.002000s ]
INFO: [ app_end ] --START--
INFO: Run Behavior\ShowPageTraceBehavior [ RunTime:0.001000s ]
INFO: [ app_end ] --END-- [ RunTime:0.005000s ]

