[ 2017-12-12T15:36:36+08:00 ] 127.0.0.1 /index.php/Admin/Jiaz/ConsumpTionMoney_m
INFO: [ app_init ] --START--
INFO: Run Behavior\BuildLiteBehavior [ RunTime:0.001000s ]
INFO: [ app_init ] --END-- [ RunTime:0.003001s ]
INFO: [ app_begin ] --START--
INFO: Run Behavior\ReadHtmlCacheBehavior [ RunTime:0.002000s ]
INFO: [ app_begin ] --END-- [ RunTime:0.004000s ]
DEBUG: [ Jiechengkeji ] [ 15:36:36 ] [ _initialize ]BaseController
DEBUG: [ Jiechengkeji ] [ 15:36:36 ] [ _initialized ]AuthController
DEBUG: [ Jiechengkeji ] [ 15:36:36 ] [ __construct ]BaseDAO
SQL: SELECT
                          SUM(Consumption_Money)   Consumption_Money
                     FROM
	                      ConsumptionMoney  
	                 WHERE
                          cy_apply_id = '1' [ RunTime:0.0020s ]
DEBUG: [ Jiechengkeji ] [ 15:36:36 ] [ result ]{"consumption_money":"500"}
DEBUG: [ Jiechengkeji ] [ 15:36:36 ] [ result ]{"msg":"\u6570\u636e\u83b7\u53d6\u6210\u529f","code":0,"data":{"consumption_money":"500"}}

[ 2017-12-12T15:46:17+08:00 ] 127.0.0.1 /index.php/Admin/Jiaz/HomeMoney_Card
INFO: [ app_init ] --START--
INFO: Run Behavior\BuildLiteBehavior [ RunTime:0.000000s ]
INFO: [ app_init ] --END-- [ RunTime:0.001000s ]
INFO: [ app_begin ] --START--
INFO: Run Behavior\ReadHtmlCacheBehavior [ RunTime:0.001000s ]
INFO: [ app_begin ] --END-- [ RunTime:0.002000s ]
DEBUG: [ Jiechengkeji ] [ 15:46:17 ] [ _initialize ]BaseController
DEBUG: [ Jiechengkeji ] [ 15:46:17 ] [ _initialized ]AuthController
DEBUG: [ Jiechengkeji ] [ 15:46:17 ] [ __construct ]BaseDAO
SQL: SELECT
                          homeMoney_card
                     FROM
	                      homeMoney      
	                 WHERE
                          cy_apply_id = '1' [ RunTime:0.0020s ]
DEBUG: [ Jiechengkeji ] [ 15:46:17 ] [ result ]{"homemoney_card":"18363100065"}
DEBUG: [ Jiechengkeji ] [ 15:46:17 ] [ result ]{"msg":"\u6570\u636e\u83b7\u53d6\u6210\u529f","code":0,"data":{"homemoney_card":"18363100065"}}

[ 2017-12-12T15:50:10+08:00 ] 127.0.0.1 /index.php/Admin/Jiaz/kitingMoney
INFO: [ app_init ] --START--
INFO: Run Behavior\BuildLiteBehavior [ RunTime:0.000000s ]
INFO: [ app_init ] --END-- [ RunTime:0.002000s ]
INFO: [ app_begin ] --START--
INFO: Run Behavior\ReadHtmlCacheBehavior [ RunTime:0.001000s ]
INFO: [ app_begin ] --END-- [ RunTime:0.002000s ]
DEBUG: [ Jiechengkeji ] [ 15:50:10 ] [ _initialize ]BaseController
DEBUG: [ Jiechengkeji ] [ 15:50:10 ] [ _initialized ]AuthController
DEBUG: [ Jiechengkeji ] [ 15:50:10 ] [ __construct ]BaseDAO
SQL: SELECT
	                    withdra_name,
	                    withdra_money,
	                 CASE
	                    withdra_state
                     WHEN 
                        '1' 
                     THEN
	                    '已提交'
                     WHEN 
                        '2' 
                     THEN
	                    '未提交'
                     ELSE
	                    '问题数据'
                     END withdra_state ,
                        (
	                 SELECT
		                kitingMoney_text
	                 FROM
		                moneyText
                        ) kitingMoney_text,
                        createtime,
                        updatetime
                     FROM
	                     kitingMoney
	                 WHERE 
                        cy_apply_id = '1'  
                          ORDER BY
	                     id 
	                LIMIT 0,10 [ RunTime:0.0040s ]
SQL: SELECT
                        count(*) as pageTotal
                      FROM 
                        kitingMoney
                      WHERE 
                        cy_apply_id = '1' [ RunTime:0.0010s ]
DEBUG: [ Jiechengkeji ] [ 15:50:10 ] [ result ][{"withdra_name":"18363100066","withdra_money":"211711.5","withdra_state":"\u672a\u63d0\u4ea4","kitingmoney_text":"\u63d0\u73b0\u8bf4\u660e","createtime":"2017-12-08 14:20:03","updatetime":"2017-12-08 14:21:26"},{"withdra_name":"15666319051","withdra_money":"100","withdra_state":"\u5df2\u63d0\u4ea4","kitingmoney_text":"\u63d0\u73b0\u8bf4\u660e","createtime":"2017-12-09 14:04:08","updatetime":"2017-12-09 14:04:08"},{"withdra_name":"15666319051","withdra_money":"100","withdra_state":"\u5df2\u63d0\u4ea4","kitingmoney_text":"\u63d0\u73b0\u8bf4\u660e","createtime":"2017-12-09 14:04:09","updatetime":"2017-12-09 14:04:09"},{"withdra_name":"15666319051","withdra_money":"100","withdra_state":"\u5df2\u63d0\u4ea4","kitingmoney_text":"\u63d0\u73b0\u8bf4\u660e","createtime":"2017-12-09 14:04:25","updatetime":"2017-12-09 14:04:25"}]
DEBUG: [ Jiechengkeji ] [ 15:50:10 ] [ result ]{"msg":"\u6570\u636e\u83b7\u53d6\u6210\u529f","code":0,"data":{"result":[{"withdra_name":"18363100066","withdra_money":"211711.5","withdra_state":"\u672a\u63d0\u4ea4","kitingmoney_text":"\u63d0\u73b0\u8bf4\u660e","createtime":"2017-12-08 14:20:03","updatetime":"2017-12-08 14:21:26"},{"withdra_name":"15666319051","withdra_money":"100","withdra_state":"\u5df2\u63d0\u4ea4","kitingmoney_text":"\u63d0\u73b0\u8bf4\u660e","createtime":"2017-12-09 14:04:08","updatetime":"2017-12-09 14:04:08"},{"withdra_name":"15666319051","withdra_money":"100","withdra_state":"\u5df2\u63d0\u4ea4","kitingmoney_text":"\u63d0\u73b0\u8bf4\u660e","createtime":"2017-12-09 14:04:09","updatetime":"2017-12-09 14:04:09"},{"withdra_name":"15666319051","withdra_money":"100","withdra_state":"\u5df2\u63d0\u4ea4","kitingmoney_text":"\u63d0\u73b0\u8bf4\u660e","createtime":"2017-12-09 14:04:25","updatetime":"2017-12-09 14:04:25"}],"pageTotal":1,"pageCurrent":1,"recordTotal":4}}

[ 2017-12-12T15:54:41+08:00 ] 127.0.0.1 /index.php/Admin/Jiaz/homeMoney_state
INFO: [ app_init ] --START--
INFO: Run Behavior\BuildLiteBehavior [ RunTime:0.001000s ]
INFO: [ app_init ] --END-- [ RunTime:0.001000s ]
INFO: [ app_begin ] --START--
INFO: Run Behavior\ReadHtmlCacheBehavior [ RunTime:0.001000s ]
INFO: [ app_begin ] --END-- [ RunTime:0.004000s ]
DEBUG: [ Jiechengkeji ] [ 15:54:41 ] [ _initialize ]BaseController
DEBUG: [ Jiechengkeji ] [ 15:54:41 ] [ _initialized ]AuthController
DEBUG: [ Jiechengkeji ] [ 15:54:41 ] [ __construct ]BaseDAO
SQL: SELECT
	                       *, 
	                  CASE
	                       adorm_state_lx
                      WHEN 
                           '1' 
                      THEN
	                       '已签署合同'
                      WHEN 
                            '2' 
                      THEN
	                       '待签署合同'
                      ELSE
	                       '问题数据'
                      END 
                            adorm_state_lx 
                      FROM
	                      adorm_state   
	                  WHERE
                          cy_apply_id = '1' [ RunTime:0.0010s ]
DEBUG: [ Jiechengkeji ] [ 15:54:41 ] [ result ]{"id":"1","cy_apply_id":"1","adorm_id":"14","adorm_name":"\u79d1\u6280\u516c\u53f8","adorm_li":"\u73b0\u91d1","adorm_state_lx":"\u5df2\u7b7e\u7f72\u5408\u540c","survey_id":"1","survey_qr":"1","createtime":"2017-12-09 10:05:40","updatetime":"2017-12-09 10:37:16"}
DEBUG: [ Jiechengkeji ] [ 15:54:41 ] [ result ]{"msg":"\u6570\u636e\u83b7\u53d6\u6210\u529f","code":0,"data":{"id":"1","cy_apply_id":"1","adorm_id":"14","adorm_name":"\u79d1\u6280\u516c\u53f8","adorm_li":"\u73b0\u91d1","adorm_state_lx":"\u5df2\u7b7e\u7f72\u5408\u540c","survey_id":"1","survey_qr":"1","createtime":"2017-12-09 10:05:40","updatetime":"2017-12-09 10:37:16"}}

[ 2017-12-12T15:58:02+08:00 ] 127.0.0.1 /index.php/Admin/Jiaz/HomeMoney_FrostMoney
INFO: [ app_init ] --START--
INFO: Run Behavior\BuildLiteBehavior [ RunTime:0.000000s ]
INFO: [ app_init ] --END-- [ RunTime:0.002000s ]
INFO: [ app_begin ] --START--
INFO: Run Behavior\ReadHtmlCacheBehavior [ RunTime:0.001000s ]
INFO: [ app_begin ] --END-- [ RunTime:0.003000s ]
DEBUG: [ Jiechengkeji ] [ 15:58:02 ] [ _initialize ]BaseController
DEBUG: [ Jiechengkeji ] [ 15:58:02 ] [ _initialized ]AuthController
DEBUG: [ Jiechengkeji ] [ 15:58:02 ] [ __construct ]BaseDAO
SQL: SELECT 
                          homeMoney_frostmoney ,
                          (SELECT  frostmoney_text  FROM  moneyText) frostmoney_text 
                     FROM 
                          homeMoney  
                     WHERE 
                         cy_apply_id = '1' [ RunTime:0.0010s ]
DEBUG: [ Jiechengkeji ] [ 15:58:02 ] [ result ]{"homemoney_frostmoney":"211711.5","frostmoney_text":"\u51bb\u7ed3\u4f59\u989d\uff1a\u4e1a\u4e3b\u5411\u201c\u5bb6\u88c5\u5b9d\u201d\u7533\u8bf7\u8d37\u6b3e\u6210\u529f\u540e\uff0c\u5e73\u53f0\u5c06\u865a\u62df\u8d27\u5e01\u8f6c\u4e3a\u51bb\u7ed3\u4f59\u989d\uff1b\u6b64\u51bb\u7ed3\u4f59\u989d\u53ea\u53ef\u5728\u5e73\u53f0\u4f7f\u7528\u3002 "}
DEBUG: [ Jiechengkeji ] [ 15:58:02 ] [ result ]{"msg":"\u6570\u636e\u83b7\u53d6\u6210\u529f","code":0,"data":{"homemoney_frostmoney":"211711.5","frostmoney_text":"\u51bb\u7ed3\u4f59\u989d\uff1a\u4e1a\u4e3b\u5411\u201c\u5bb6\u88c5\u5b9d\u201d\u7533\u8bf7\u8d37\u6b3e\u6210\u529f\u540e\uff0c\u5e73\u53f0\u5c06\u865a\u62df\u8d27\u5e01\u8f6c\u4e3a\u51bb\u7ed3\u4f59\u989d\uff1b\u6b64\u51bb\u7ed3\u4f59\u989d\u53ea\u53ef\u5728\u5e73\u53f0\u4f7f\u7528\u3002 "}}

[ 2017-12-12T16:03:56+08:00 ] 127.0.0.1 /index.php/Admin/Jiaz/HomeMoney
INFO: [ app_init ] --START--
INFO: Run Behavior\BuildLiteBehavior [ RunTime:0.000000s ]
INFO: [ app_init ] --END-- [ RunTime:0.001000s ]
INFO: [ app_begin ] --START--
INFO: Run Behavior\ReadHtmlCacheBehavior [ RunTime:0.001000s ]
INFO: [ app_begin ] --END-- [ RunTime:0.002000s ]
DEBUG: [ Jiechengkeji ] [ 16:03:56 ] [ _initialize ]BaseController
DEBUG: [ Jiechengkeji ] [ 16:03:56 ] [ _initialized ]AuthController
DEBUG: [ Jiechengkeji ] [ 16:03:56 ] [ __construct ]BaseDAO
SQL: SELECT 
                          homeMoney_shcr,
                          createtime
                     FROM 
                          homeMoney  
                     WHERE 
                      cy_apply_id = '1' [ RunTime:0.0010s ]
DEBUG: [ Jiechengkeji ] [ 16:03:56 ] [ result ]{"homemoney_shcr":"423423","createtime":"2017-12-08 14:20:03"}
DEBUG: [ Jiechengkeji ] [ 16:03:56 ] [ result ]{"msg":"\u6570\u636e\u83b7\u53d6\u6210\u529f","code":0,"data":{"homemoney_shcr":"423423","createtime":"2017-12-08 14:20:03"}}

[ 2017-12-12T16:06:31+08:00 ] 127.0.0.1 /index.php/Admin/Jiaz/RefundMoney
INFO: [ app_init ] --START--
INFO: Run Behavior\BuildLiteBehavior [ RunTime:0.000000s ]
INFO: [ app_init ] --END-- [ RunTime:0.002000s ]
INFO: [ app_begin ] --START--
INFO: Run Behavior\ReadHtmlCacheBehavior [ RunTime:0.001000s ]
INFO: [ app_begin ] --END-- [ RunTime:0.002000s ]
DEBUG: [ Jiechengkeji ] [ 16:06:31 ] [ _initialize ]BaseController
DEBUG: [ Jiechengkeji ] [ 16:06:31 ] [ _initialized ]AuthController
DEBUG: [ Jiechengkeji ] [ 16:06:31 ] [ __construct ]BaseDAO
SQL: SELECT 
                        refund_Money,refund_time,
                        (SELECT refund_text FROM moneyText ) refund_text  
                     FROM 
                        refundMoney   
                     WHERE 
                        cy_apply_id = '1' [ RunTime:0.0030s ]
DEBUG: [ Jiechengkeji ] [ 16:06:31 ] [ result ]{"refund_money":"423423","refund_time":"2018-12-08 14:20:04","refund_text":"\u8bf7\u4e8e\u8fd8\u6b3e\u65e517:00\u524d\u5c06\u8db3\u989d\u8d44\u91d1\u5b58\u5165\u60a8\u7684\u8fd8\u6b3e\u8d26\u6237\uff0c\u5177\u4f53\u91d1\u989d\u4ee5\u5b9e\u9645\u6263\u6b3e\u4e3a\u51c6\u3002\u82e5\u672a\u53ca\u65f6\u8fd8\u6b3e\u5c06\u9075\u7167**\u94f6\u884c\u300a\u5f81\u4fe1\u7ba1\u7406\u6761\u4f8b\u300b\u4e0a\u62a5\u9884\u671f\u4fe1\u606f\u3002"}
DEBUG: [ Jiechengkeji ] [ 16:06:31 ] [ result ]{"msg":"\u6570\u636e\u83b7\u53d6\u6210\u529f","code":0,"data":{"refund_money":"423423","refund_time":"2018-12-08 14:20:04","refund_text":"\u8bf7\u4e8e\u8fd8\u6b3e\u65e517:00\u524d\u5c06\u8db3\u989d\u8d44\u91d1\u5b58\u5165\u60a8\u7684\u8fd8\u6b3e\u8d26\u6237\uff0c\u5177\u4f53\u91d1\u989d\u4ee5\u5b9e\u9645\u6263\u6b3e\u4e3a\u51c6\u3002\u82e5\u672a\u53ca\u65f6\u8fd8\u6b3e\u5c06\u9075\u7167**\u94f6\u884c\u300a\u5f81\u4fe1\u7ba1\u7406\u6761\u4f8b\u300b\u4e0a\u62a5\u9884\u671f\u4fe1\u606f\u3002"}}

[ 2017-12-12T16:10:50+08:00 ] 127.0.0.1 /index.php/Admin/Jiaz/refundMoneyadd
INFO: [ app_init ] --START--
INFO: Run Behavior\BuildLiteBehavior [ RunTime:0.000000s ]
INFO: [ app_init ] --END-- [ RunTime:0.002001s ]
INFO: [ app_begin ] --START--
INFO: Run Behavior\ReadHtmlCacheBehavior [ RunTime:0.001000s ]
INFO: [ app_begin ] --END-- [ RunTime:0.002000s ]
DEBUG: [ Jiechengkeji ] [ 16:10:50 ] [ _initialize ]BaseController
DEBUG: [ Jiechengkeji ] [ 16:10:50 ] [ _initialized ]AuthController
DEBUG: [ Jiechengkeji ] [ 16:10:50 ] [ __construct ]BaseDAO
SQL: SELECT 
                     *
                  FROM 
                        refundMoney   
                  WHERE 
                        cy_apply_id = '1'
                  ORDER BY 
                         id 
                   DESC 
                         LIMIT 0,1 [ RunTime:0.0010s ]
SQL:  INSERT INTO    refundMoney (
                             cy_apply_id,
	                         refund_shcr,
	                         refund_time ,
	                         refund_Money ,
	                         createtime,
	                         updatetime
                          )
              VALUES
	                    (
		                     '1',
		                     '423423',
	                         '2018-12-08 14:20:04',
		                     '423223',
		                     '2017-12-12 16:10:50',
		                     '2017-12-12 16:10:50'
	                    ) [ RunTime:0.0000s ]
DEBUG: [ Jiechengkeji ] [ 16:10:50 ] [ result ]true
DEBUG: [ Jiechengkeji ] [ 16:10:50 ] [ result ]{"msg":"\u8fd8\u6b3e\u70b9\u51fb\u6210\u529f!","code":0,"data":[]}

[ 2017-12-12T16:20:08+08:00 ] 127.0.0.1 /index.php/Admin/Jiaz/HomeMoneyUpdate
INFO: [ app_init ] --START--
INFO: Run Behavior\BuildLiteBehavior [ RunTime:0.000000s ]
INFO: [ app_init ] --END-- [ RunTime:0.002000s ]
INFO: [ app_begin ] --START--
INFO: Run Behavior\ReadHtmlCacheBehavior [ RunTime:0.001000s ]
INFO: [ app_begin ] --END-- [ RunTime:0.001000s ]
DEBUG: [ Jiechengkeji ] [ 16:20:08 ] [ _initialize ]BaseController
DEBUG: [ Jiechengkeji ] [ 16:20:08 ] [ _initialized ]AuthController
DEBUG: [ Jiechengkeji ] [ 16:20:08 ] [ __construct ]BaseDAO
SQL: UPDATE
                     adorm_state
                  SET 
                      adorm_state_lx = '1',
                      updatetime = '2017-12-12 16:20:08'
                  WHERE
	                  cy_apply_id = '1'
                  AND 
                      adorm_li = '家装贷' [ RunTime:0.0010s ]
DEBUG: [ Jiechengkeji ] [ 16:20:08 ] [ result ]0
DEBUG: [ Jiechengkeji ] [ 16:20:08 ] [ result ]{"msg":"\u6570\u636e\u83b7\u53d6\u6210\u529f","code":0,"data":[]}

[ 2017-12-12T16:22:09+08:00 ] 127.0.0.1 /index.php/Admin/Jiaz/HomeMoneyUpdate
INFO: [ app_init ] --START--
INFO: Run Behavior\BuildLiteBehavior [ RunTime:0.001000s ]
INFO: [ app_init ] --END-- [ RunTime:0.002000s ]
INFO: [ app_begin ] --START--
INFO: Run Behavior\ReadHtmlCacheBehavior [ RunTime:0.004000s ]
INFO: [ app_begin ] --END-- [ RunTime:0.007000s ]
DEBUG: [ Jiechengkeji ] [ 16:22:09 ] [ _initialize ]BaseController
DEBUG: [ Jiechengkeji ] [ 16:22:09 ] [ _initialized ]AuthController
DEBUG: [ Jiechengkeji ] [ 16:22:09 ] [ __construct ]BaseDAO
SQL: UPDATE
                     adorm_state
                  SET 
                      adorm_state_lx = '1',
                      updatetime = '2017-12-12 16:22:09'
                  WHERE
	                  cy_apply_id = '1'
                  AND 
                      adorm_li = '家装贷' [ RunTime:0.0000s ]
DEBUG: [ Jiechengkeji ] [ 16:22:09 ] [ result ]0
DEBUG: [ Jiechengkeji ] [ 16:22:09 ] [ result ]{"msg":"\u5408\u540c\u4fee\u6539\u5df2\u7b7e\u5931\u8d25!","code":1}

[ 2017-12-12T16:22:52+08:00 ] 127.0.0.1 /index.php/Admin/Jiaz/HomeMoneyUpdate
INFO: [ app_init ] --START--
INFO: Run Behavior\BuildLiteBehavior [ RunTime:0.000000s ]
INFO: [ app_init ] --END-- [ RunTime:0.011001s ]
INFO: [ app_begin ] --START--
INFO: Run Behavior\ReadHtmlCacheBehavior [ RunTime:0.002001s ]
INFO: [ app_begin ] --END-- [ RunTime:0.004001s ]
DEBUG: [ Jiechengkeji ] [ 16:22:52 ] [ _initialize ]BaseController
DEBUG: [ Jiechengkeji ] [ 16:22:52 ] [ _initialized ]AuthController
DEBUG: [ Jiechengkeji ] [ 16:22:52 ] [ __construct ]BaseDAO
SQL: UPDATE
                     adorm_state
                  SET 
                      adorm_state_lx = '1',
                      updatetime = '2017-12-12 16:22:52'
                  WHERE
	                  cy_apply_id = '1'
                  AND 
                      adorm_li = '家装贷' [ RunTime:0.0000s ]
DEBUG: [ Jiechengkeji ] [ 16:22:52 ] [ result ]0
DEBUG: [ Jiechengkeji ] [ 16:22:52 ] [ result ]{"msg":"\u5408\u540c\u4fee\u6539\u5df2\u7b7e\u5931\u8d25!","code":1}

[ 2017-12-12T16:23:53+08:00 ] 127.0.0.1 /?XDEBUG_SESSION_START=13203
INFO: [ app_init ] --START--
INFO: Run Behavior\BuildLiteBehavior [ RunTime:0.000000s ]
INFO: [ app_init ] --END-- [ RunTime:0.002001s ]
INFO: [ app_begin ] --START--
INFO: Run Behavior\ReadHtmlCacheBehavior [ RunTime:0.001000s ]
INFO: [ app_begin ] --END-- [ RunTime:0.003000s ]
DEBUG: [ Jiechengkeji ] [ 16:23:53 ] [ _initialize ]BaseController
DEBUG: [ Jiechengkeji ] [ 16:23:53 ] [ _initialized ]AuthController
DEBUG: [ Jiechengkeji ] [ 16:23:53 ] [ __construct ]BaseDAO
INFO: [ view_parse ] --START--
INFO: [ template_filter ] --START--
INFO: Run Behavior\ContentReplaceBehavior [ RunTime:0.002000s ]
INFO: [ template_filter ] --END-- [ RunTime:0.003000s ]
INFO: Run Behavior\ParseTemplateBehavior [ RunTime:0.041002s ]
INFO: [ view_parse ] --END-- [ RunTime:0.042003s ]
INFO: [ view_filter ] --START--
INFO: Run Behavior\WriteHtmlCacheBehavior [ RunTime:0.002000s ]
INFO: [ view_filter ] --END-- [ RunTime:0.003000s ]
INFO: [ app_end ] --START--
INFO: Run Behavior\ShowPageTraceBehavior [ RunTime:0.002000s ]
INFO: [ app_end ] --END-- [ RunTime:0.003000s ]

[ 2017-12-12T16:25:24+08:00 ] 127.0.0.1 /index.php/Admin/Jiaz/HomeMoneyUpdate
INFO: [ app_init ] --START--
INFO: Run Behavior\BuildLiteBehavior [ RunTime:0.000000s ]
INFO: [ app_init ] --END-- [ RunTime:0.001000s ]
INFO: [ app_begin ] --START--
INFO: Run Behavior\ReadHtmlCacheBehavior [ RunTime:0.002000s ]
INFO: [ app_begin ] --END-- [ RunTime:0.003000s ]
DEBUG: [ Jiechengkeji ] [ 16:23:59 ] [ _initialize ]BaseController
DEBUG: [ Jiechengkeji ] [ 16:23:59 ] [ _initialized ]AuthController
DEBUG: [ Jiechengkeji ] [ 16:23:59 ] [ __construct ]BaseDAO
SQL: UPDATE
                     adorm_state
                  SET 
                      adorm_state_lx = '1',
                      updatetime = '2017-12-12 16:23:59'
                  WHERE
	                  cy_apply_id = '1'
                  AND 
                      adorm_li = '家装贷' [ RunTime:0.0010s ]
DEBUG: [ Jiechengkeji ] [ 16:25:23 ] [ result ]0
DEBUG: [ Jiechengkeji ] [ 16:25:23 ] [ result ]{"msg":"\u5408\u540c\u4fee\u6539\u5df2\u7b7e\u5931\u8d25!","code":1}

[ 2017-12-12T16:33:14+08:00 ] 127.0.0.1 /index.php/Admin/Platfrom/Money_xs
INFO: [ app_init ] --START--
INFO: Run Behavior\BuildLiteBehavior [ RunTime:0.000000s ]
INFO: [ app_init ] --END-- [ RunTime:0.002000s ]
INFO: [ app_begin ] --START--
INFO: Run Behavior\ReadHtmlCacheBehavior [ RunTime:0.001000s ]
INFO: [ app_begin ] --END-- [ RunTime:0.003000s ]
ERR: 无法加载控制器:Platfrom

[ 2017-12-12T16:34:28+08:00 ] 127.0.0.1 /index.php/Admin/Platfrom/Money_xs
INFO: [ app_init ] --START--
INFO: Run Behavior\BuildLiteBehavior [ RunTime:0.000000s ]
INFO: [ app_init ] --END-- [ RunTime:0.002000s ]
INFO: [ app_begin ] --START--
INFO: Run Behavior\ReadHtmlCacheBehavior [ RunTime:0.002000s ]
INFO: [ app_begin ] --END-- [ RunTime:0.002000s ]
ERR: 无法加载控制器:Platfrom

[ 2017-12-12T16:34:54+08:00 ] 127.0.0.1 /index.php/Admin/Platfrom/Money_xs
INFO: [ app_init ] --START--
INFO: Run Behavior\BuildLiteBehavior [ RunTime:0.000000s ]
INFO: [ app_init ] --END-- [ RunTime:0.002000s ]
INFO: [ app_begin ] --START--
INFO: Run Behavior\ReadHtmlCacheBehavior [ RunTime:0.001000s ]
INFO: [ app_begin ] --END-- [ RunTime:0.003000s ]
ERR: 无法加载控制器:Platfrom

[ 2017-12-12T16:36:04+08:00 ] 127.0.0.1 /index.php/Admin/Platfrom/Money_xs
INFO: [ app_init ] --START--
INFO: Run Behavior\BuildLiteBehavior [ RunTime:0.000000s ]
INFO: [ app_init ] --END-- [ RunTime:0.002000s ]
INFO: [ app_begin ] --START--
INFO: Run Behavior\ReadHtmlCacheBehavior [ RunTime:0.001000s ]
INFO: [ app_begin ] --END-- [ RunTime:0.002000s ]
ERR: 无法加载控制器:Platfrom

[ 2017-12-12T16:57:30+08:00 ] 127.0.0.1 /index.php/Admin/Jiaz/HomeMoneyUpdate
INFO: [ app_init ] --START--
INFO: Run Behavior\BuildLiteBehavior [ RunTime:0.000000s ]
INFO: [ app_init ] --END-- [ RunTime:0.002000s ]
INFO: [ app_begin ] --START--
INFO: Run Behavior\ReadHtmlCacheBehavior [ RunTime:0.001000s ]
INFO: [ app_begin ] --END-- [ RunTime:0.002000s ]
DEBUG: [ Jiechengkeji ] [ 16:57:25 ] [ _initialize ]BaseController
DEBUG: [ Jiechengkeji ] [ 16:57:25 ] [ _initialized ]AuthController
DEBUG: [ Jiechengkeji ] [ 16:57:25 ] [ __construct ]BaseDAO
SQL: UPDATE
                     adorm_state
                  SET 
                      adorm_state_lx = '2',
                      updatetime = '2017-12-12 16:57:25'
                  WHERE
	                  cy_apply_id = '1'
                  AND 
                      adorm_li = '家装贷' [ RunTime:0.0010s ]
DEBUG: [ Jiechengkeji ] [ 16:57:29 ] [ result ]1
DEBUG: [ Jiechengkeji ] [ 16:57:30 ] [ result ]{"msg":"\u5408\u540c\u4fee\u6539\u5df2\u7b7e\u6210\u529f!","code":0,"data":[]}

