[ 2017-11-18T10:16:37+08:00 ] 127.0.0.1 /?XDEBUG_SESSION_START=13818
INFO: [ app_init ] --START--
INFO: Run Behavior\BuildLiteBehavior [ RunTime:0.000000s ]
INFO: [ app_init ] --END-- [ RunTime:0.003001s ]
INFO: [ app_begin ] --START--
INFO: Run Behavior\ReadHtmlCacheBehavior [ RunTime:0.005000s ]
INFO: [ app_begin ] --END-- [ RunTime:0.006000s ]
DEBUG: [ Jiechengkeji ] [ 10:16:37 ] [ _initialize ]BaseController
DEBUG: [ Jiechengkeji ] [ 10:16:37 ] [ _initialized ]AuthController
DEBUG: [ Jiechengkeji ] [ 10:16:37 ] [ __construct ]BaseDAO
INFO: [ view_parse ] --START--
INFO: [ template_filter ] --START--
INFO: Run Behavior\ContentReplaceBehavior [ RunTime:0.005000s ]
INFO: [ template_filter ] --END-- [ RunTime:0.009000s ]
INFO: Run Behavior\ParseTemplateBehavior [ RunTime:0.064003s ]
INFO: [ view_parse ] --END-- [ RunTime:0.066003s ]
INFO: [ view_filter ] --START--
INFO: Run Behavior\WriteHtmlCacheBehavior [ RunTime:0.003000s ]
INFO: [ view_filter ] --END-- [ RunTime:0.008000s ]
INFO: [ app_end ] --START--
INFO: Run Behavior\ShowPageTraceBehavior [ RunTime:0.004000s ]
INFO: [ app_end ] --END-- [ RunTime:0.007000s ]

[ 2017-11-18T10:17:47+08:00 ] 127.0.0.1 /index.php/Admin/Jiaz/survey_a
INFO: [ app_init ] --START--
INFO: Run Behavior\BuildLiteBehavior [ RunTime:0.000000s ]
INFO: [ app_init ] --END-- [ RunTime:0.002000s ]
INFO: [ app_begin ] --START--
INFO: Run Behavior\ReadHtmlCacheBehavior [ RunTime:0.001001s ]
INFO: [ app_begin ] --END-- [ RunTime:0.003001s ]
DEBUG: [ Jiechengkeji ] [ 10:16:59 ] [ _initialize ]BaseController
DEBUG: [ Jiechengkeji ] [ 10:16:59 ] [ _initialized ]AuthController
DEBUG: [ Jiechengkeji ] [ 10:16:59 ] [ __construct ]BaseDAO
SQL:  INSERT INTO 
                         survey (
                             cy_apply_id,
	                         homeMoney_id,
	                         survey_name ,
	                         survey_payment ,
	                         survey_money ,
	                         remark1,
	                         createtime,
	                         updatetime
                          )
                      VALUES
	                     (
		                     '14',
		                     '46',
		                     '签署合同款',
	                         '消费',
		                     '100',
		                     '1',
		                     '2017-11-18 10:17:02',
		                     '2017-11-18 10:17:03'
	                    ) [ RunTime:0.0020s ]
SQL:  INSERT INTO 
                         ConsumptionMoney (
                             cy_apply_id,
	                         homeMoney_id,
	                         Consumption_Money,
	                         createtime,
	                         updatetime
                          )
                      VALUES
	                    (
		                     '14',
		                     '46',
		                     '100',
		                     '2017-11-18 10:17:02',
		                     '2017-11-18 10:17:03'
	                    ) [ RunTime:0.0020s ]
SQL: SELECT 
                          homeMoney_frostmoney ,
                          (SELECT  frostmoney_text  FROM  moneyText) frostmoney_text 
                     FROM 
                          homeMoney  
                     WHERE 
                      cy_apply_id = '14' [ RunTime:0.0230s ]

[ 2017-11-18T10:19:29+08:00 ] 127.0.0.1 /index.php/Admin/Jiaz/survey_a
INFO: [ app_init ] --START--
INFO: Run Behavior\BuildLiteBehavior [ RunTime:0.001000s ]
INFO: [ app_init ] --END-- [ RunTime:0.001000s ]
INFO: [ app_begin ] --START--
INFO: Run Behavior\ReadHtmlCacheBehavior [ RunTime:0.001000s ]
INFO: [ app_begin ] --END-- [ RunTime:0.002000s ]
DEBUG: [ Jiechengkeji ] [ 10:18:28 ] [ _initialize ]BaseController
DEBUG: [ Jiechengkeji ] [ 10:18:28 ] [ _initialized ]AuthController
DEBUG: [ Jiechengkeji ] [ 10:18:28 ] [ __construct ]BaseDAO
SQL:  INSERT INTO 
                         survey (
                             cy_apply_id,
	                         homeMoney_id,
	                         survey_name ,
	                         survey_payment ,
	                         survey_money ,
	                         remark1,
	                         createtime,
	                         updatetime
                          )
                      VALUES
	                     (
		                     '14',
		                     '46',
		                     '签署合同款',
	                         '消费',
		                     '100',
		                     '1',
		                     '2017-11-18 10:18:31',
		                     '2017-11-18 10:18:31'
	                    ) [ RunTime:0.0010s ]
SQL:  INSERT INTO 
                         ConsumptionMoney (
                             cy_apply_id,
	                         homeMoney_id,
	                         Consumption_Money,
	                         createtime,
	                         updatetime
                          )
                      VALUES
	                    (
		                     '14',
		                     '46',
		                     '100',
		                     '2017-11-18 10:18:31',
		                     '2017-11-18 10:18:31'
	                    ) [ RunTime:0.0040s ]
SQL: SELECT 
                          homeMoney_frostmoney ,
                          (SELECT  frostmoney_text  FROM  moneyText) frostmoney_text 
                     FROM 
                          homeMoney  
                     WHERE 
                      cy_apply_id = '14' [ RunTime:0.0020s ]
SQL:  INSERT INTO 
                         consume  (
                             cy_apply_id,
	                         homeMoney_id,
	                         consume_frostmoney ,
	                         createtime,
	                         updatetime
                          )
                      VALUES
	                     (
		                     '14',
		                     '46',
		                     '-100',
		                     '2017-11-18 10:18:31',
		                     '2017-11-18 10:18:31'
	                    ) [ RunTime:0.0060s ]
DEBUG: [ Jiechengkeji ] [ 10:19:29 ] [ result ]true
DEBUG: [ Jiechengkeji ] [ 10:19:29 ] [ result ]{"msg":"\u5bb6\u88c5\u6d88\u8d39\u7533\u8bf7\u6210\u529f!","code":0,"data":[]}

[ 2017-11-18T10:22:03+08:00 ] 127.0.0.1 /index.php/Admin/Jiaz/survey_a
INFO: [ app_init ] --START--
INFO: Run Behavior\BuildLiteBehavior [ RunTime:0.000000s ]
INFO: [ app_init ] --END-- [ RunTime:0.002000s ]
INFO: [ app_begin ] --START--
INFO: Run Behavior\ReadHtmlCacheBehavior [ RunTime:0.001000s ]
INFO: [ app_begin ] --END-- [ RunTime:0.002000s ]
DEBUG: [ Jiechengkeji ] [ 10:19:36 ] [ _initialize ]BaseController
DEBUG: [ Jiechengkeji ] [ 10:19:36 ] [ _initialized ]AuthController
DEBUG: [ Jiechengkeji ] [ 10:19:36 ] [ __construct ]BaseDAO
SQL:  INSERT INTO 
                         survey (
                             cy_apply_id,
	                         homeMoney_id,
	                         survey_name ,
	                         survey_payment ,
	                         survey_money ,
	                         remark1,
	                         createtime,
	                         updatetime
                          )
                      VALUES
	                     (
		                     '46',
		                     '46',
		                     '签署合同款',
	                         '消费',
		                     '100',
		                     '1',
		                     '2017-11-18 10:19:38',
		                     '2017-11-18 10:19:38'
	                    ) [ RunTime:0.0020s ]
SQL:  INSERT INTO 
                         ConsumptionMoney (
                             cy_apply_id,
	                         homeMoney_id,
	                         Consumption_Money,
	                         createtime,
	                         updatetime
                          )
                      VALUES
	                    (
		                     '46',
		                     '46',
		                     '100',
		                     '2017-11-18 10:19:38',
		                     '2017-11-18 10:19:38'
	                    ) [ RunTime:0.0020s ]
SQL: SELECT 
                          homeMoney_frostmoney ,
                          (SELECT  frostmoney_text  FROM  moneyText) frostmoney_text 
                     FROM 
                          homeMoney  
                     WHERE 
                      cy_apply_id = '46' [ RunTime:0.0010s ]

[ 2017-11-18T10:22:28+08:00 ] 127.0.0.1 /index.php/Admin/Jiaz/survey_a
INFO: [ app_init ] --START--
INFO: Run Behavior\BuildLiteBehavior [ RunTime:0.000000s ]
INFO: [ app_init ] --END-- [ RunTime:0.002000s ]
INFO: [ app_begin ] --START--
INFO: Run Behavior\ReadHtmlCacheBehavior [ RunTime:0.001000s ]
INFO: [ app_begin ] --END-- [ RunTime:0.002000s ]
DEBUG: [ Jiechengkeji ] [ 10:22:07 ] [ _initialize ]BaseController
DEBUG: [ Jiechengkeji ] [ 10:22:07 ] [ _initialized ]AuthController
DEBUG: [ Jiechengkeji ] [ 10:22:07 ] [ __construct ]BaseDAO
SQL:  INSERT INTO 
                         survey (
                             cy_apply_id,
	                         homeMoney_id,
	                         survey_name ,
	                         survey_payment ,
	                         survey_money ,
	                         remark1,
	                         createtime,
	                         updatetime
                          )
                      VALUES
	                     (
		                     '46',
		                     '46',
		                     '签署合同款',
	                         '消费',
		                     '100',
		                     '1',
		                     '2017-11-18 10:22:09',
		                     '2017-11-18 10:22:09'
	                    ) [ RunTime:0.0010s ]
SQL:  INSERT INTO 
                         ConsumptionMoney (
                             cy_apply_id,
	                         homeMoney_id,
	                         Consumption_Money,
	                         createtime,
	                         updatetime
                          )
                      VALUES
	                    (
		                     '46',
		                     '46',
		                     '100',
		                     '2017-11-18 10:22:09',
		                     '2017-11-18 10:22:09'
	                    ) [ RunTime:0.0010s ]
SQL: SELECT 
                          homeMoney_frostmoney ,
                          (SELECT  frostmoney_text  FROM  moneyText) frostmoney_text 
                     FROM 
                          homeMoney  
                     WHERE 
                      cy_apply_id = '46' [ RunTime:0.0040s ]
NOTIC: [8] Undefined offset: 0 D:\jiazhuangdai.com\Application\Admin\Service\JiazService.class.php 第 132 行.
SQL:  INSERT INTO 
                         consume  (
                             cy_apply_id,
	                         homeMoney_id,
	                         consume_frostmoney ,
	                         createtime,
	                         updatetime
                          )
                      VALUES
	                     (
		                     '46',
		                     '46',
		                     '-100',
		                     '2017-11-18 10:22:09',
		                     '2017-11-18 10:22:09'
	                    ) [ RunTime:0.0030s ]
DEBUG: [ Jiechengkeji ] [ 10:22:28 ] [ result ]true
DEBUG: [ Jiechengkeji ] [ 10:22:28 ] [ result ]{"msg":"\u5bb6\u88c5\u6d88\u8d39\u7533\u8bf7\u6210\u529f!","code":0,"data":[]}

[ 2017-11-18T10:23:12+08:00 ] 127.0.0.1 /index.php/Admin/Jiaz/survey_a
INFO: [ app_init ] --START--
INFO: Run Behavior\BuildLiteBehavior [ RunTime:0.001000s ]
INFO: [ app_init ] --END-- [ RunTime:0.001000s ]
INFO: [ app_begin ] --START--
INFO: Run Behavior\ReadHtmlCacheBehavior [ RunTime:0.001000s ]
INFO: [ app_begin ] --END-- [ RunTime:0.002000s ]
DEBUG: [ Jiechengkeji ] [ 10:22:31 ] [ _initialize ]BaseController
DEBUG: [ Jiechengkeji ] [ 10:22:31 ] [ _initialized ]AuthController
DEBUG: [ Jiechengkeji ] [ 10:22:31 ] [ __construct ]BaseDAO
SQL:  INSERT INTO 
                         survey (
                             cy_apply_id,
	                         homeMoney_id,
	                         survey_name ,
	                         survey_payment ,
	                         survey_money ,
	                         remark1,
	                         createtime,
	                         updatetime
                          )
                      VALUES
	                     (
		                     '46',
		                     '46',
		                     '签署合同款',
	                         '消费',
		                     '100',
		                     '1',
		                     '2017-11-18 10:22:33',
		                     '2017-11-18 10:22:33'
	                    ) [ RunTime:0.0000s ]
SQL:  INSERT INTO 
                         ConsumptionMoney (
                             cy_apply_id,
	                         homeMoney_id,
	                         Consumption_Money,
	                         createtime,
	                         updatetime
                          )
                      VALUES
	                    (
		                     '46',
		                     '46',
		                     '100',
		                     '2017-11-18 10:22:33',
		                     '2017-11-18 10:22:33'
	                    ) [ RunTime:0.0020s ]
SQL: SELECT 
                          homeMoney_frostmoney ,
                          (SELECT  frostmoney_text  FROM  moneyText) frostmoney_text 
                     FROM 
                          homeMoney  
                     WHERE 
                      cy_apply_id = '46' [ RunTime:0.0010s ]
SQL:  INSERT INTO 
                         consume  (
                             cy_apply_id,
	                         homeMoney_id,
	                         consume_frostmoney ,
	                         createtime,
	                         updatetime
                          )
                      VALUES
	                     (
		                     '46',
		                     '46',
		                     '12517',
		                     '2017-11-18 10:22:33',
		                     '2017-11-18 10:22:33'
	                    ) [ RunTime:0.0020s ]
DEBUG: [ Jiechengkeji ] [ 10:23:10 ] [ result ]true
DEBUG: [ Jiechengkeji ] [ 10:23:12 ] [ result ]{"msg":"\u5bb6\u88c5\u6d88\u8d39\u7533\u8bf7\u6210\u529f!","code":0,"data":[]}

[ 2017-11-18T10:24:09+08:00 ] 127.0.0.1 /index.php/Admin/Jiaz/survey_a
INFO: [ app_init ] --START--
INFO: Run Behavior\BuildLiteBehavior [ RunTime:0.000000s ]
INFO: [ app_init ] --END-- [ RunTime:0.001000s ]
INFO: [ app_begin ] --START--
INFO: Run Behavior\ReadHtmlCacheBehavior [ RunTime:0.001001s ]
INFO: [ app_begin ] --END-- [ RunTime:0.002001s ]
DEBUG: [ Jiechengkeji ] [ 10:23:53 ] [ _initialize ]BaseController
DEBUG: [ Jiechengkeji ] [ 10:23:53 ] [ _initialized ]AuthController
DEBUG: [ Jiechengkeji ] [ 10:23:53 ] [ __construct ]BaseDAO
SQL:  INSERT INTO 
                         survey (
                             cy_apply_id,
	                         homeMoney_id,
	                         survey_name ,
	                         survey_payment ,
	                         survey_money ,
	                         remark1,
	                         createtime,
	                         updatetime
                          )
                      VALUES
	                     (
		                     '46',
		                     '46',
		                     '签署合同款',
	                         '消费',
		                     '100',
		                     '1',
		                     '2017-11-18 10:23:55',
		                     '2017-11-18 10:23:56'
	                    ) [ RunTime:0.0010s ]
SQL:  INSERT INTO 
                         ConsumptionMoney (
                             cy_apply_id,
	                         homeMoney_id,
	                         Consumption_Money,
	                         createtime,
	                         updatetime
                          )
                      VALUES
	                    (
		                     '46',
		                     '46',
		                     '100',
		                     '2017-11-18 10:23:55',
		                     '2017-11-18 10:23:56'
	                    ) [ RunTime:0.0010s ]
SQL: SELECT 
                          homeMoney_frostmoney ,
                          (SELECT  frostmoney_text  FROM  moneyText) frostmoney_text 
                     FROM 
                          homeMoney  
                     WHERE 
                      cy_apply_id = '46' [ RunTime:0.0010s ]
SQL:  INSERT INTO 
                         consume  (
                             cy_apply_id,
	                         homeMoney_id,
	                         consume_frostmoney ,
	                         createtime,
	                         updatetime
                          )
                      VALUES
	                     (
		                     '46',
		                     '46',
		                     '12517',
		                     '2017-11-18 10:23:55',
		                     '2017-11-18 10:23:56'
	                    ) [ RunTime:0.0030s ]
DEBUG: [ Jiechengkeji ] [ 10:24:07 ] [ result ]true
DEBUG: [ Jiechengkeji ] [ 10:24:08 ] [ result ]{"msg":"\u5bb6\u88c5\u6d88\u8d39\u7533\u8bf7\u6210\u529f!","code":0,"data":[]}

[ 2017-11-18T10:25:35+08:00 ] 127.0.0.1 /index.php/Admin/Jiaz/survey_a
INFO: [ app_init ] --START--
INFO: Run Behavior\BuildLiteBehavior [ RunTime:0.000000s ]
INFO: [ app_init ] --END-- [ RunTime:0.001000s ]
INFO: [ app_begin ] --START--
INFO: Run Behavior\ReadHtmlCacheBehavior [ RunTime:0.001000s ]
INFO: [ app_begin ] --END-- [ RunTime:0.002000s ]
DEBUG: [ Jiechengkeji ] [ 10:25:30 ] [ _initialize ]BaseController
DEBUG: [ Jiechengkeji ] [ 10:25:30 ] [ _initialized ]AuthController
DEBUG: [ Jiechengkeji ] [ 10:25:30 ] [ __construct ]BaseDAO
SQL:  INSERT INTO 
                         survey (
                             cy_apply_id,
	                         homeMoney_id,
	                         survey_name ,
	                         survey_payment ,
	                         survey_money ,
	                         remark1,
	                         createtime,
	                         updatetime
                          )
                      VALUES
	                     (
		                     '46',
		                     '46',
		                     '签署合同款',
	                         '消费',
		                     '100',
		                     '1',
		                     '2017-11-18 10:25:32',
		                     '2017-11-18 10:25:32'
	                    ) [ RunTime:0.0030s ]
DEBUG: [ Jiechengkeji ] [ 10:25:35 ] [ result ]{"msg":"\u5bb6\u88c5\u6d88\u8d39\u7533\u8bf7\u6210\u529f!","code":0,"data":[]}

[ 2017-11-18T10:28:14+08:00 ] 127.0.0.1 /index.php/Admin/Jiaz/survey_a
INFO: [ app_init ] --START--
INFO: Run Behavior\BuildLiteBehavior [ RunTime:0.001000s ]
INFO: [ app_init ] --END-- [ RunTime:0.002000s ]
INFO: [ app_begin ] --START--
INFO: Run Behavior\ReadHtmlCacheBehavior [ RunTime:0.001001s ]
INFO: [ app_begin ] --END-- [ RunTime:0.003001s ]
DEBUG: [ Jiechengkeji ] [ 10:26:32 ] [ _initialize ]BaseController
DEBUG: [ Jiechengkeji ] [ 10:26:32 ] [ _initialized ]AuthController
DEBUG: [ Jiechengkeji ] [ 10:26:32 ] [ __construct ]BaseDAO
SQL:  INSERT INTO 
                         survey (
                             cy_apply_id,
	                         homeMoney_id,
	                         survey_name ,
	                         survey_payment ,
	                         survey_money ,
	                         remark1,
	                         createtime,
	                         updatetime
                          )
                      VALUES
	                     (
		                     '46',
		                     '46',
		                     '签署合同款',
	                         '消费',
		                     '100',
		                     '1',
		                     '2017-11-18 10:26:37',
		                     '2017-11-18 10:26:38'
	                    ) [ RunTime:0.0030s ]
DEBUG: [ Jiechengkeji ] [ 10:28:14 ] [ result ]{"msg":"\u5bb6\u88c5\u6d88\u8d39\u7533\u8bf7\u6210\u529f!","code":0,"data":[]}

[ 2017-11-18T10:30:19+08:00 ] 127.0.0.1 /index.php/Admin/Jiaz/survey_a
INFO: [ app_init ] --START--
INFO: Run Behavior\BuildLiteBehavior [ RunTime:0.000000s ]
INFO: [ app_init ] --END-- [ RunTime:0.001000s ]
INFO: [ app_begin ] --START--
INFO: Run Behavior\ReadHtmlCacheBehavior [ RunTime:0.001000s ]
INFO: [ app_begin ] --END-- [ RunTime:0.002000s ]
DEBUG: [ Jiechengkeji ] [ 10:30:13 ] [ _initialize ]BaseController
DEBUG: [ Jiechengkeji ] [ 10:30:13 ] [ _initialized ]AuthController
DEBUG: [ Jiechengkeji ] [ 10:30:13 ] [ __construct ]BaseDAO
SQL:  INSERT INTO 
                         survey (
                             cy_apply_id,
	                         homeMoney_id,
	                         survey_name ,
	                         survey_payment ,
	                         survey_money ,
	                         remark1,
	                         createtime,
	                         updatetime
                          )
                      VALUES
	                     (
		                     '45',
		                     '46',
		                     '签署合同款',
	                         '消费',
		                     '100',
		                     '1',
		                     '2017-11-18 10:30:16',
		                     '2017-11-18 10:30:16'
	                    ) [ RunTime:0.0010s ]
SQL:  INSERT INTO 
                         ConsumptionMoney (
                             cy_apply_id,
	                         homeMoney_id,
	                         Consumption_Money,
	                         createtime,
	                         updatetime
                          )
                      VALUES
	                    (
		                     '45',
		                     '46',
		                     '100',
		                     '2017-11-18 10:30:16',
		                     '2017-11-18 10:30:16'
	                    ) [ RunTime:0.0010s ]
SQL: SELECT 
                          homeMoney_frostmoney ,
                          (SELECT  frostmoney_text  FROM  moneyText) frostmoney_text 
                     FROM 
                          homeMoney  
                     WHERE 
                      cy_apply_id = '45' [ RunTime:0.0010s ]
SQL:  INSERT INTO 
                         consume  (
                             cy_apply_id,
	                         homeMoney_id,
	                         consume_frostmoney ,
	                         createtime,
	                         updatetime
                          )
                      VALUES
	                     (
		                     '45',
		                     '46',
		                     '12517',
		                     '2017-11-18 10:30:16',
		                     '2017-11-18 10:30:16'
	                    ) [ RunTime:0.0010s ]
DEBUG: [ Jiechengkeji ] [ 10:30:19 ] [ result ]{"msg":"\u5bb6\u88c5\u6d88\u8d39\u7533\u8bf7\u6210\u529f!","code":0,"data":[]}

[ 2017-11-18T10:36:42+08:00 ] 127.0.0.1 /index.php/Admin/Jiaz/survey_a
INFO: [ app_init ] --START--
INFO: Run Behavior\BuildLiteBehavior [ RunTime:0.000000s ]
INFO: [ app_init ] --END-- [ RunTime:0.002000s ]
INFO: [ app_begin ] --START--
INFO: Run Behavior\ReadHtmlCacheBehavior [ RunTime:0.001000s ]
INFO: [ app_begin ] --END-- [ RunTime:0.002000s ]
DEBUG: [ Jiechengkeji ] [ 10:36:38 ] [ _initialize ]BaseController
DEBUG: [ Jiechengkeji ] [ 10:36:38 ] [ _initialized ]AuthController
DEBUG: [ Jiechengkeji ] [ 10:36:38 ] [ __construct ]BaseDAO
SQL:  INSERT INTO 
                         survey (
                             cy_apply_id,
	                         homeMoney_id,
	                         survey_name ,
	                         survey_payment ,
	                         survey_money ,
	                         remark1,
	                         createtime,
	                         updatetime
                          )
                      VALUES
	                     (
		                     '45',
		                     '46',
		                     '签署合同款',
	                         '消费',
		                     '100',
		                     '提现类型',
		                     '2017-11-18 10:36:41',
		                     '2017-11-18 10:36:41'
	                    ) [ RunTime:0.0010s ]
SQL:  INSERT INTO 
                         ConsumptionMoney (
                             cy_apply_id,
	                         homeMoney_id,
	                         Consumption_Money,
	                         createtime,
	                         updatetime
                          )
                      VALUES
	                    (
		                     '45',
		                     '46',
		                     '100',
		                     '2017-11-18 10:36:41',
		                     '2017-11-18 10:36:41'
	                    ) [ RunTime:0.0060s ]
SQL: SELECT 
                          homeMoney_frostmoney ,
                          (SELECT  frostmoney_text  FROM  moneyText) frostmoney_text 
                     FROM 
                          homeMoney  
                     WHERE 
                      cy_apply_id = '45' [ RunTime:0.0030s ]
SQL:  INSERT INTO 
                         consume  (
                             cy_apply_id,
	                         homeMoney_id,
	                         consume_frostmoney ,
	                         createtime,
	                         updatetime
                          )
                      VALUES
	                     (
		                     '45',
		                     '46',
		                     '12517',
		                     '2017-11-18 10:36:41',
		                     '2017-11-18 10:36:41'
	                    ) [ RunTime:0.0030s ]
DEBUG: [ Jiechengkeji ] [ 10:36:42 ] [ result ]{"msg":"\u5bb6\u88c5\u6d88\u8d39\u7533\u8bf7\u6210\u529f!","code":0,"data":[]}

[ 2017-11-18T10:37:28+08:00 ] 127.0.0.1 /index.php/Admin/Jiaz/survey_a
INFO: [ app_init ] --START--
INFO: Run Behavior\BuildLiteBehavior [ RunTime:0.001000s ]
INFO: [ app_init ] --END-- [ RunTime:0.002000s ]
INFO: [ app_begin ] --START--
INFO: Run Behavior\ReadHtmlCacheBehavior [ RunTime:0.001000s ]
INFO: [ app_begin ] --END-- [ RunTime:0.002000s ]
DEBUG: [ Jiechengkeji ] [ 10:37:25 ] [ _initialize ]BaseController
DEBUG: [ Jiechengkeji ] [ 10:37:25 ] [ _initialized ]AuthController
DEBUG: [ Jiechengkeji ] [ 10:37:25 ] [ __construct ]BaseDAO
SQL:  INSERT INTO 
                         survey (
                             cy_apply_id,
	                         homeMoney_id,
	                         survey_name ,
	                         survey_payment ,
	                         survey_money ,
	                         remark1,
	                         createtime,
	                         updatetime
                          )
                      VALUES
	                     (
		                     '45',
		                     '46',
		                     '签署合同款',
	                         '消费',
		                     '100',
		                     '贷款消费类型',
		                     '2017-11-18 10:37:27',
		                     '2017-11-18 10:37:27'
	                    ) [ RunTime:0.0010s ]
SQL:  INSERT INTO 
                         ConsumptionMoney (
                             cy_apply_id,
	                         homeMoney_id,
	                         Consumption_Money,
	                         createtime,
	                         updatetime
                          )
                      VALUES
	                    (
		                     '45',
		                     '46',
		                     '100',
		                     '2017-11-18 10:37:27',
		                     '2017-11-18 10:37:27'
	                    ) [ RunTime:0.0070s ]
SQL: SELECT 
                          homeMoney_frostmoney ,
                          (SELECT  frostmoney_text  FROM  moneyText) frostmoney_text 
                     FROM 
                          homeMoney  
                     WHERE 
                      cy_apply_id = '45' [ RunTime:0.0020s ]
SQL:  INSERT INTO 
                         consume  (
                             cy_apply_id,
	                         homeMoney_id,
	                         consume_frostmoney ,
	                         createtime,
	                         updatetime
                          )
                      VALUES
	                     (
		                     '45',
		                     '46',
		                     '12517',
		                     '2017-11-18 10:37:27',
		                     '2017-11-18 10:37:27'
	                    ) [ RunTime:0.0190s ]
DEBUG: [ Jiechengkeji ] [ 10:37:28 ] [ result ]{"msg":"\u5bb6\u88c5\u6d88\u8d39\u7533\u8bf7\u6210\u529f!","code":0,"data":[]}

[ 2017-11-18T10:55:17+08:00 ] 127.0.0.1 /index.php/Admin/Jiaz/TxianAdd
INFO: [ app_init ] --START--
INFO: Run Behavior\BuildLiteBehavior [ RunTime:0.000000s ]
INFO: [ app_init ] --END-- [ RunTime:0.002000s ]
INFO: [ app_begin ] --START--
INFO: Run Behavior\ReadHtmlCacheBehavior [ RunTime:0.001000s ]
INFO: [ app_begin ] --END-- [ RunTime:0.002000s ]
DEBUG: [ Jiechengkeji ] [ 10:55:17 ] [ _initialize ]BaseController
DEBUG: [ Jiechengkeji ] [ 10:55:17 ] [ _initialized ]AuthController
DEBUG: [ Jiechengkeji ] [ 10:55:17 ] [ __construct ]BaseDAO
SQL: SELECT
	                           remark
                          FROM
	                          kitingMoney
                          WHERE
	                          homeMoney_id ='46'
                          ORDER BY
	                          id  DESC  LIMIT 0,1 [ RunTime:0.0010s ]
SQL: UPDATE 
                         homemoney 
                     SET 
                         homeMoney_money='100'
                     WHERE 
                         cy_apply_id= 46 [ RunTime:0.0020s ]
SQL:  INSERT INTO 
                         survey (
                             cy_apply_id,
	                         homeMoney_id,
	                         survey_name ,
	                         survey_payment ,
	                         survey_money ,
	                         remark1,
	                         createtime,
	                         updatetime
                          )
                      VALUES
	                     (
		                     '14',
		                     '46',
		                     '签署合同款',
	                         '提现',
		                     '100',
		                     '提现类型',
		                     '2017-11-18 10:55:17',
		                     '2017-11-18 10:55:17'
	                    ) [ RunTime:0.0000s ]
SQL:  INSERT INTO 
                         ConsumptionMoney (
                             cy_apply_id,
	                         homeMoney_id,
	                         Consumption_Money,
	                         createtime,
	                         updatetime
                          )
                      VALUES
	                    (
		                     '14',
		                     '46',
		                     '100',
		                     '2017-11-18 10:55:17',
		                     '2017-11-18 10:55:17'
	                    ) [ RunTime:0.0010s ]
SQL:  INSERT INTO 
                         kitingMoney (
                             cy_apply_id,
	                         homeMoney_id,
	                         withdra_name,
	                         withdra_money,
	                         withdra_state,
	                         remark,
	                         createtime,
	                         updatetime
                          )
                      VALUES
	                    (
		                     '14',
		                     '46',
		                     '15666319051',
	                         '100',
		                     '1',
		                     '10817',
		                     '2017-11-18 10:55:17',
		                     '2017-11-18 10:55:17'
	                    ) [ RunTime:0.0010s ]
DEBUG: [ Jiechengkeji ] [ 10:55:17 ] [ result ]true
DEBUG: [ Jiechengkeji ] [ 10:55:17 ] [ result ]{"msg":"\u63d0\u73b0\u6d41\u6c34\u8868\u7533\u8bf7\u6210\u529f!","code":0,"data":[]}

