[ 2017-11-23T09:40:05+08:00 ] 127.0.0.1 /
INFO: [ app_init ] --START--
INFO: Run Behavior\BuildLiteBehavior [ RunTime:0.000000s ]
INFO: [ app_init ] --END-- [ RunTime:0.004000s ]
INFO: [ app_begin ] --START--
INFO: Run Behavior\ReadHtmlCacheBehavior [ RunTime:0.016001s ]
INFO: [ app_begin ] --END-- [ RunTime:0.022001s ]
DEBUG: [ Jiechengkeji ] [ 09:40:05 ] [ _initialize ]BaseController
DEBUG: [ Jiechengkeji ] [ 09:40:05 ] [ _initialized ]AuthController
DEBUG: [ Jiechengkeji ] [ 09:40:05 ] [ __construct ]BaseDAO
INFO: [ view_parse ] --START--
INFO: [ template_filter ] --START--
INFO: Run Behavior\ContentReplaceBehavior [ RunTime:0.009001s ]
INFO: [ template_filter ] --END-- [ RunTime:0.010001s ]
INFO: Run Behavior\ParseTemplateBehavior [ RunTime:0.042002s ]
INFO: [ view_parse ] --END-- [ RunTime:0.043002s ]
INFO: [ view_filter ] --START--
INFO: Run Behavior\WriteHtmlCacheBehavior [ RunTime:0.007000s ]
INFO: [ view_filter ] --END-- [ RunTime:0.010000s ]
INFO: [ app_end ] --START--
INFO: Run Behavior\ShowPageTraceBehavior [ RunTime:0.013001s ]
INFO: [ app_end ] --END-- [ RunTime:0.016001s ]

[ 2017-11-23T10:03:56+08:00 ] 127.0.0.1 /index.php/Admin/Jiaz/adorm_state
INFO: [ app_init ] --START--
INFO: Run Behavior\BuildLiteBehavior [ RunTime:0.000000s ]
INFO: [ app_init ] --END-- [ RunTime:0.002000s ]
INFO: [ app_begin ] --START--
INFO: Run Behavior\ReadHtmlCacheBehavior [ RunTime:0.002001s ]
INFO: [ app_begin ] --END-- [ RunTime:0.003001s ]
DEBUG: [ Jiechengkeji ] [ 10:03:56 ] [ _initialize ]BaseController
DEBUG: [ Jiechengkeji ] [ 10:03:56 ] [ _initialized ]AuthController
DEBUG: [ Jiechengkeji ] [ 10:03:56 ] [ __construct ]BaseDAO
SQL: UPDATE 
                         adorm_state 
                     SET 
                         remark='2'
                     WHERE 
                         cy_apply_id= '14' and adorm_state_id='14' [ RunTime:0.0020s ]
DEBUG: [ Jiechengkeji ] [ 10:03:56 ] [ result ]1
DEBUG: [ Jiechengkeji ] [ 10:03:56 ] [ result ]{"msg":"\u5408\u540c\u4fee\u6539\u6210\u529f!","code":0,"data":[]}

[ 2017-11-23T10:04:43+08:00 ] 127.0.0.1 /index.php/Admin/Jiaz/homeMoney_state
INFO: [ app_init ] --START--
INFO: Run Behavior\BuildLiteBehavior [ RunTime:0.000000s ]
INFO: [ app_init ] --END-- [ RunTime:0.002001s ]
INFO: [ app_begin ] --START--
INFO: Run Behavior\ReadHtmlCacheBehavior [ RunTime:0.002000s ]
INFO: [ app_begin ] --END-- [ RunTime:0.002000s ]
DEBUG: [ Jiechengkeji ] [ 10:04:43 ] [ _initialize ]BaseController
DEBUG: [ Jiechengkeji ] [ 10:04:43 ] [ _initialized ]AuthController
DEBUG: [ Jiechengkeji ] [ 10:04:43 ] [ __construct ]BaseDAO
SQL: SELECT
	                       *, 
	                  CASE
	                       remark
                      WHEN 
                           '1' 
                      THEN
	                       '已签署合同'
                      WHEN 
                            '2' 
                      THEN
	                       '待签署合同'
                      ELSE
	                       '问题数据'
                      END 
                            remark 
                      FROM
	                      adorm_state   
	                  WHERE
                          cy_apply_id = '14' [ RunTime:0.0010s ]
DEBUG: [ Jiechengkeji ] [ 10:04:43 ] [ result ][{"id":"1","cy_apply_id":"14","adorm_state_id":"46","adorm_state_name":"14","adorm_state_money":"\u79d1\u6280\u516c\u53f8","adorm_li":"100","remark":"\u95ee\u9898\u6570\u636e","remark1":"1","createtime":"2017-11-22 15:53:22","updatetime":"2017-11-22 15:53:22"},{"id":"2","cy_apply_id":"14","adorm_state_id":"14","adorm_state_name":"\u79d1\u6280\u516c\u53f8","adorm_state_money":"100","adorm_li":"\u73b0\u91d1","remark":"\u5f85\u7b7e\u7f72\u5408\u540c","remark1":"","createtime":"2017-11-22 15:55:30","updatetime":"2017-11-22 15:55:30"}]
DEBUG: [ Jiechengkeji ] [ 10:04:43 ] [ result ]{"msg":"\u6570\u636e\u83b7\u53d6\u6210\u529f","code":0,"data":[{"id":"1","cy_apply_id":"14","adorm_state_id":"46","adorm_state_name":"14","adorm_state_money":"\u79d1\u6280\u516c\u53f8","adorm_li":"100","remark":"\u95ee\u9898\u6570\u636e","remark1":"1","createtime":"2017-11-22 15:53:22","updatetime":"2017-11-22 15:53:22"},{"id":"2","cy_apply_id":"14","adorm_state_id":"14","adorm_state_name":"\u79d1\u6280\u516c\u53f8","adorm_state_money":"100","adorm_li":"\u73b0\u91d1","remark":"\u5f85\u7b7e\u7f72\u5408\u540c","remark1":"","createtime":"2017-11-22 15:55:30","updatetime":"2017-11-22 15:55:30"}]}

[ 2017-11-23T10:04:48+08:00 ] 127.0.0.1 /index.php/Admin/Jiaz/homeMoney_state
INFO: [ app_init ] --START--
INFO: Run Behavior\BuildLiteBehavior [ RunTime:0.000000s ]
INFO: [ app_init ] --END-- [ RunTime:0.001001s ]
INFO: [ app_begin ] --START--
INFO: Run Behavior\ReadHtmlCacheBehavior [ RunTime:0.001000s ]
INFO: [ app_begin ] --END-- [ RunTime:0.002000s ]
DEBUG: [ Jiechengkeji ] [ 10:04:48 ] [ _initialize ]BaseController
DEBUG: [ Jiechengkeji ] [ 10:04:48 ] [ _initialized ]AuthController
DEBUG: [ Jiechengkeji ] [ 10:04:48 ] [ __construct ]BaseDAO
SQL: SELECT
	                       *, 
	                  CASE
	                       remark
                      WHEN 
                           '1' 
                      THEN
	                       '已签署合同'
                      WHEN 
                            '2' 
                      THEN
	                       '待签署合同'
                      ELSE
	                       '问题数据'
                      END 
                            remark 
                      FROM
	                      adorm_state   
	                  WHERE
                          cy_apply_id = '14' [ RunTime:0.0010s ]
DEBUG: [ Jiechengkeji ] [ 10:04:48 ] [ result ][{"id":"1","cy_apply_id":"14","adorm_state_id":"46","adorm_state_name":"14","adorm_state_money":"\u79d1\u6280\u516c\u53f8","adorm_li":"100","remark":"\u95ee\u9898\u6570\u636e","remark1":"1","createtime":"2017-11-22 15:53:22","updatetime":"2017-11-22 15:53:22"},{"id":"2","cy_apply_id":"14","adorm_state_id":"14","adorm_state_name":"\u79d1\u6280\u516c\u53f8","adorm_state_money":"100","adorm_li":"\u73b0\u91d1","remark":"\u5f85\u7b7e\u7f72\u5408\u540c","remark1":"","createtime":"2017-11-22 15:55:30","updatetime":"2017-11-22 15:55:30"}]
DEBUG: [ Jiechengkeji ] [ 10:04:48 ] [ result ]{"msg":"\u6570\u636e\u83b7\u53d6\u6210\u529f","code":0,"data":[{"id":"1","cy_apply_id":"14","adorm_state_id":"46","adorm_state_name":"14","adorm_state_money":"\u79d1\u6280\u516c\u53f8","adorm_li":"100","remark":"\u95ee\u9898\u6570\u636e","remark1":"1","createtime":"2017-11-22 15:53:22","updatetime":"2017-11-22 15:53:22"},{"id":"2","cy_apply_id":"14","adorm_state_id":"14","adorm_state_name":"\u79d1\u6280\u516c\u53f8","adorm_state_money":"100","adorm_li":"\u73b0\u91d1","remark":"\u5f85\u7b7e\u7f72\u5408\u540c","remark1":"","createtime":"2017-11-22 15:55:30","updatetime":"2017-11-22 15:55:30"}]}

[ 2017-11-23T10:12:47+08:00 ] 127.0.0.1 /index.php/Admin/Jiaz/adorm_state
INFO: [ app_init ] --START--
INFO: Run Behavior\BuildLiteBehavior [ RunTime:0.000000s ]
INFO: [ app_init ] --END-- [ RunTime:0.002000s ]
INFO: [ app_begin ] --START--
INFO: Run Behavior\ReadHtmlCacheBehavior [ RunTime:0.002000s ]
INFO: [ app_begin ] --END-- [ RunTime:0.002000s ]
DEBUG: [ Jiechengkeji ] [ 10:12:47 ] [ _initialize ]BaseController
DEBUG: [ Jiechengkeji ] [ 10:12:47 ] [ _initialized ]AuthController
DEBUG: [ Jiechengkeji ] [ 10:12:47 ] [ __construct ]BaseDAO
SQL: UPDATE 
                         adorm_state 
                     SET 
                         remark='2'
                     WHERE 
                         cy_apply_id= '14' and adorm_state_id='14' [ RunTime:0.0010s ]
DEBUG: [ Jiechengkeji ] [ 10:12:47 ] [ result ]0
DEBUG: [ Jiechengkeji ] [ 10:12:47 ] [ result ]{"msg":"\u5408\u540c\u4fee\u6539\u5931\u8d25!","code":1}

[ 2017-11-23T10:13:23+08:00 ] 127.0.0.1 /index.php/Admin/Jiaz/adorm_state
INFO: [ app_init ] --START--
INFO: Run Behavior\BuildLiteBehavior [ RunTime:0.000000s ]
INFO: [ app_init ] --END-- [ RunTime:0.002000s ]
INFO: [ app_begin ] --START--
INFO: Run Behavior\ReadHtmlCacheBehavior [ RunTime:0.001000s ]
INFO: [ app_begin ] --END-- [ RunTime:0.002000s ]
DEBUG: [ Jiechengkeji ] [ 10:13:23 ] [ _initialize ]BaseController
DEBUG: [ Jiechengkeji ] [ 10:13:23 ] [ _initialized ]AuthController
DEBUG: [ Jiechengkeji ] [ 10:13:23 ] [ __construct ]BaseDAO
SQL: UPDATE 
                         adorm_state 
                     SET 
                         remark='2'
                     WHERE 
                         cy_apply_id= '14' and adorm_state_id='14' [ RunTime:0.0010s ]
DEBUG: [ Jiechengkeji ] [ 10:13:23 ] [ result ]0
DEBUG: [ Jiechengkeji ] [ 10:13:23 ] [ result ]{"msg":"\u6570\u636e\u83b7\u53d6\u6210\u529f","code":0,"data":[]}

[ 2017-11-23T10:20:55+08:00 ] 127.0.0.1 /index.php/Admin/Jiaz/Remarkupdate
INFO: [ app_init ] --START--
INFO: Run Behavior\BuildLiteBehavior [ RunTime:0.000000s ]
INFO: [ app_init ] --END-- [ RunTime:0.003000s ]
INFO: [ app_begin ] --START--
INFO: Run Behavior\ReadHtmlCacheBehavior [ RunTime:0.001000s ]
INFO: [ app_begin ] --END-- [ RunTime:0.002000s ]
DEBUG: [ Jiechengkeji ] [ 10:20:55 ] [ _initialize ]BaseController
DEBUG: [ Jiechengkeji ] [ 10:20:55 ] [ _initialized ]AuthController
DEBUG: [ Jiechengkeji ] [ 10:20:55 ] [ __construct ]BaseDAO
ERR: 非法操作:Remarkupdate

[ 2017-11-23T10:21:14+08:00 ] 127.0.0.1 /index.php/Admin/Company/Remarkupdate
INFO: [ app_init ] --START--
INFO: Run Behavior\BuildLiteBehavior [ RunTime:0.000000s ]
INFO: [ app_init ] --END-- [ RunTime:0.002000s ]
INFO: [ app_begin ] --START--
INFO: Run Behavior\ReadHtmlCacheBehavior [ RunTime:0.001000s ]
INFO: [ app_begin ] --END-- [ RunTime:0.002000s ]
DEBUG: [ Jiechengkeji ] [ 10:21:14 ] [ _initialize ]BaseController
DEBUG: [ Jiechengkeji ] [ 10:21:14 ] [ _initialized ]AuthController
DEBUG: [ Jiechengkeji ] [ 10:21:14 ] [ __construct ]BaseDAO
ERR: 1064:You have an error in your SQL syntax; check the manual that corresponds to your MySQL server version for the right syntax to use near 'WHERE 
                         cy_apply_id= 14' at line 5
 [ SQL语句 ] : UPDATE 
                         homemoney 
                     SET 
                         remark='2',
                     WHERE 
                         cy_apply_id= 14
ERR: 1064:You have an error in your SQL syntax; check the manual that corresponds to your MySQL server version for the right syntax to use near 'WHERE 
                         cy_apply_id= 14' at line 5
 [ SQL语句 ] : UPDATE 
                         homemoney 
                     SET 
                         remark='2',
                     WHERE 
                         cy_apply_id= 14

[ 2017-11-23T10:21:45+08:00 ] 127.0.0.1 /index.php/Admin/Company/Remarkupdate
INFO: [ app_init ] --START--
INFO: Run Behavior\BuildLiteBehavior [ RunTime:0.000000s ]
INFO: [ app_init ] --END-- [ RunTime:0.001001s ]
INFO: [ app_begin ] --START--
INFO: Run Behavior\ReadHtmlCacheBehavior [ RunTime:0.001000s ]
INFO: [ app_begin ] --END-- [ RunTime:0.002000s ]
DEBUG: [ Jiechengkeji ] [ 10:21:45 ] [ _initialize ]BaseController
DEBUG: [ Jiechengkeji ] [ 10:21:45 ] [ _initialized ]AuthController
DEBUG: [ Jiechengkeji ] [ 10:21:45 ] [ __construct ]BaseDAO
ERR: 1064:You have an error in your SQL syntax; check the manual that corresponds to your MySQL server version for the right syntax to use near 'WHERE 
                         cy_apply_id= '14'' at line 5
 [ SQL语句 ] : UPDATE 
                         homemoney 
                     SET 
                         remark='2',
                     WHERE 
                         cy_apply_id= '14'
ERR: 1064:You have an error in your SQL syntax; check the manual that corresponds to your MySQL server version for the right syntax to use near 'WHERE 
                         cy_apply_id= '14'' at line 5
 [ SQL语句 ] : UPDATE 
                         homemoney 
                     SET 
                         remark='2',
                     WHERE 
                         cy_apply_id= '14'

[ 2017-11-23T10:22:12+08:00 ] 127.0.0.1 /index.php/Admin/Company/Remarkupdate
INFO: [ app_init ] --START--
INFO: Run Behavior\BuildLiteBehavior [ RunTime:0.000000s ]
INFO: [ app_init ] --END-- [ RunTime:0.002001s ]
INFO: [ app_begin ] --START--
INFO: Run Behavior\ReadHtmlCacheBehavior [ RunTime:0.002000s ]
INFO: [ app_begin ] --END-- [ RunTime:0.002000s ]
DEBUG: [ Jiechengkeji ] [ 10:22:12 ] [ _initialize ]BaseController
DEBUG: [ Jiechengkeji ] [ 10:22:12 ] [ _initialized ]AuthController
DEBUG: [ Jiechengkeji ] [ 10:22:12 ] [ __construct ]BaseDAO
SQL: UPDATE 
                         homemoney 
                     SET 
                         remark='2'
                     WHERE 
                         cy_apply_id= '14' [ RunTime:0.0020s ]
DEBUG: [ Jiechengkeji ] [ 10:22:12 ] [ result ]14
DEBUG: [ Jiechengkeji ] [ 10:22:12 ] [ result ]{"msg":"\u6570\u636e\u83b7\u53d6\u6210\u529f","code":0,"data":14}

[ 2017-11-23T10:22:59+08:00 ] 127.0.0.1 /index.php/Admin/Company/Remarkupdate
INFO: [ app_init ] --START--
INFO: Run Behavior\BuildLiteBehavior [ RunTime:0.000000s ]
INFO: [ app_init ] --END-- [ RunTime:0.002000s ]
INFO: [ app_begin ] --START--
INFO: Run Behavior\ReadHtmlCacheBehavior [ RunTime:0.001000s ]
INFO: [ app_begin ] --END-- [ RunTime:0.003000s ]
DEBUG: [ Jiechengkeji ] [ 10:22:59 ] [ _initialize ]BaseController
DEBUG: [ Jiechengkeji ] [ 10:22:59 ] [ _initialized ]AuthController
DEBUG: [ Jiechengkeji ] [ 10:22:59 ] [ __construct ]BaseDAO
SQL: UPDATE 
                         homemoney 
                     SET 
                         remark='2'
                     WHERE 
                         cy_apply_id= '14' [ RunTime:0.0010s ]
DEBUG: [ Jiechengkeji ] [ 10:22:59 ] [ result ]0
DEBUG: [ Jiechengkeji ] [ 10:22:59 ] [ result ]{"msg":"\u6570\u636e\u83b7\u53d6\u6210\u529f","code":0,"data":[]}

