[ 2018-01-20T11:33:14+08:00 ] 127.0.0.1 /index.php/Admin/index/login
INFO: [ app_init ] --START--
INFO: Run Behavior\BuildLiteBehavior [ RunTime:0.000000s ]
INFO: [ app_init ] --END-- [ RunTime:0.028001s ]
INFO: [ app_begin ] --START--
INFO: Run Behavior\ReadHtmlCacheBehavior [ RunTime:0.006000s ]
INFO: [ app_begin ] --END-- [ RunTime:0.008001s ]
DEBUG: [ Jiechengkeji ] [ 11:33:14 ] [ _initialize ]BaseController
DEBUG: [ Jiechengkeji ] [ 11:33:14 ] [ _initialized ]AuthController
DEBUG: [ Jiechengkeji ] [ 11:33:14 ] [ __construct ]BaseDAO
SQL: SELECT 
                      * 
                    FROM
                      cy_member 
                    WHERE uname = '18363100063' 
                      AND passwd = '123456' [ RunTime:0.0020s ]
DEBUG: [ Jiechengkeji ] [ 11:33:14 ] [ result ]0
DEBUG: [ Jiechengkeji ] [ 11:33:14 ] [ result ]{"msg":"\u767b\u5f55\u5931\u8d25!","code":1}

[ 2018-01-20T11:33:15+08:00 ] 127.0.0.1 /index.php/Admin/index/login
INFO: [ app_init ] --START--
INFO: Run Behavior\BuildLiteBehavior [ RunTime:0.000000s ]
INFO: [ app_init ] --END-- [ RunTime:0.003000s ]
INFO: [ app_begin ] --START--
INFO: Run Behavior\ReadHtmlCacheBehavior [ RunTime:0.001000s ]
INFO: [ app_begin ] --END-- [ RunTime:0.003000s ]
DEBUG: [ Jiechengkeji ] [ 11:33:14 ] [ _initialize ]BaseController
DEBUG: [ Jiechengkeji ] [ 11:33:14 ] [ _initialized ]AuthController
DEBUG: [ Jiechengkeji ] [ 11:33:14 ] [ __construct ]BaseDAO
SQL: SELECT 
                      * 
                    FROM
                      cy_member 
                    WHERE uname = '18363100063' 
                      AND passwd = '123456' [ RunTime:0.0140s ]
DEBUG: [ Jiechengkeji ] [ 11:33:15 ] [ result ]0
DEBUG: [ Jiechengkeji ] [ 11:33:15 ] [ result ]{"msg":"\u767b\u5f55\u5931\u8d25!","code":1}

[ 2018-01-20T14:00:43+08:00 ] 127.0.0.1 /index.php/Admin/index/login
INFO: [ app_init ] --START--
INFO: Run Behavior\BuildLiteBehavior [ RunTime:0.001000s ]
INFO: [ app_init ] --END-- [ RunTime:0.010000s ]
INFO: [ app_begin ] --START--
INFO: Run Behavior\ReadHtmlCacheBehavior [ RunTime:0.002000s ]
INFO: [ app_begin ] --END-- [ RunTime:0.004000s ]
DEBUG: [ Jiechengkeji ] [ 14:00:43 ] [ _initialize ]BaseController
DEBUG: [ Jiechengkeji ] [ 14:00:43 ] [ _initialized ]AuthController
DEBUG: [ Jiechengkeji ] [ 14:00:43 ] [ __construct ]BaseDAO
SQL: SELECT 
                      * 
                    FROM
                      cy_member 
                    WHERE uname = '18363100063' 
                      AND passwd = '123456' [ RunTime:0.0010s ]
DEBUG: [ Jiechengkeji ] [ 14:00:43 ] [ result ]0
DEBUG: [ Jiechengkeji ] [ 14:00:43 ] [ result ]{"msg":"\u767b\u5f55\u5931\u8d25!","code":1}

[ 2018-01-20T14:00:44+08:00 ] 127.0.0.1 /index.php/Admin/index/login
INFO: [ app_init ] --START--
INFO: Run Behavior\BuildLiteBehavior [ RunTime:0.001000s ]
INFO: [ app_init ] --END-- [ RunTime:0.003000s ]
INFO: [ app_begin ] --START--
INFO: Run Behavior\ReadHtmlCacheBehavior [ RunTime:0.002001s ]
INFO: [ app_begin ] --END-- [ RunTime:0.004001s ]
DEBUG: [ Jiechengkeji ] [ 14:00:44 ] [ _initialize ]BaseController
DEBUG: [ Jiechengkeji ] [ 14:00:44 ] [ _initialized ]AuthController
DEBUG: [ Jiechengkeji ] [ 14:00:44 ] [ __construct ]BaseDAO
SQL: SELECT 
                      * 
                    FROM
                      cy_member 
                    WHERE uname = '18363100063' 
                      AND passwd = '123456' [ RunTime:0.0010s ]
DEBUG: [ Jiechengkeji ] [ 14:00:44 ] [ result ]0
DEBUG: [ Jiechengkeji ] [ 14:00:44 ] [ result ]{"msg":"\u767b\u5f55\u5931\u8d25!","code":1}

[ 2018-01-20T15:00:36+08:00 ] 127.0.0.1 /?XDEBUG_SESSION_START=16581
INFO: [ app_init ] --START--
INFO: Run Behavior\BuildLiteBehavior [ RunTime:0.001000s ]
INFO: [ app_init ] --END-- [ RunTime:0.003001s ]
INFO: [ app_begin ] --START--
INFO: Run Behavior\ReadHtmlCacheBehavior [ RunTime:0.002000s ]
INFO: [ app_begin ] --END-- [ RunTime:0.004001s ]
DEBUG: [ Jiechengkeji ] [ 15:00:36 ] [ _initialize ]BaseController
DEBUG: [ Jiechengkeji ] [ 15:00:36 ] [ _initialized ]AuthController
DEBUG: [ Jiechengkeji ] [ 15:00:36 ] [ __construct ]BaseDAO
INFO: [ view_parse ] --START--
INFO: [ template_filter ] --START--
INFO: Run Behavior\ContentReplaceBehavior [ RunTime:0.001000s ]
INFO: [ template_filter ] --END-- [ RunTime:0.003000s ]
INFO: Run Behavior\ParseTemplateBehavior [ RunTime:0.031002s ]
INFO: [ view_parse ] --END-- [ RunTime:0.034002s ]
INFO: [ view_filter ] --START--
INFO: Run Behavior\WriteHtmlCacheBehavior [ RunTime:0.002000s ]
INFO: [ view_filter ] --END-- [ RunTime:0.004000s ]
INFO: [ app_end ] --START--
INFO: Run Behavior\ShowPageTraceBehavior [ RunTime:0.003000s ]
INFO: [ app_end ] --END-- [ RunTime:0.005000s ]

[ 2018-01-20T15:01:15+08:00 ] 127.0.0.1 /index.php/Admin/Designer/Designer
INFO: [ app_init ] --START--
INFO: Run Behavior\BuildLiteBehavior [ RunTime:0.000000s ]
INFO: [ app_init ] --END-- [ RunTime:0.003000s ]
INFO: [ app_begin ] --START--
INFO: Run Behavior\ReadHtmlCacheBehavior [ RunTime:0.002000s ]
INFO: [ app_begin ] --END-- [ RunTime:0.004000s ]
DEBUG: [ Jiechengkeji ] [ 15:01:15 ] [ _initialize ]BaseController
DEBUG: [ Jiechengkeji ] [ 15:01:15 ] [ _initialized ]AuthController
DEBUG: [ Jiechengkeji ] [ 15:01:15 ] [ __construct ]BaseDAO

[ 2018-01-20T15:01:59+08:00 ] 127.0.0.1 /index.php/Admin/Designer/Designer
INFO: [ app_init ] --START--
INFO: Run Behavior\BuildLiteBehavior [ RunTime:0.000000s ]
INFO: [ app_init ] --END-- [ RunTime:0.003001s ]
INFO: [ app_begin ] --START--
INFO: Run Behavior\ReadHtmlCacheBehavior [ RunTime:0.002000s ]
INFO: [ app_begin ] --END-- [ RunTime:0.004000s ]
DEBUG: [ Jiechengkeji ] [ 15:01:59 ] [ _initialize ]BaseController
DEBUG: [ Jiechengkeji ] [ 15:01:59 ] [ _initialized ]AuthController
DEBUG: [ Jiechengkeji ] [ 15:01:59 ] [ __construct ]BaseDAO

[ 2018-01-20T15:04:44+08:00 ] 127.0.0.1 /index.php/Admin/Designer/Designer
INFO: [ app_init ] --START--
INFO: Run Behavior\BuildLiteBehavior [ RunTime:0.001000s ]
INFO: [ app_init ] --END-- [ RunTime:0.003000s ]
INFO: [ app_begin ] --START--
INFO: Run Behavior\ReadHtmlCacheBehavior [ RunTime:0.002000s ]
INFO: [ app_begin ] --END-- [ RunTime:0.004000s ]
DEBUG: [ Jiechengkeji ] [ 15:04:44 ] [ _initialize ]BaseController
DEBUG: [ Jiechengkeji ] [ 15:04:44 ] [ _initialized ]AuthController
DEBUG: [ Jiechengkeji ] [ 15:04:44 ] [ __construct ]BaseDAO
SQL: SELECT
	*
FROM
	cy_data_area
WHERE 
area_name=''
	                 [ RunTime:0.0010s ]
NOTIC: [8] Undefined offset: 0 D:\bewin.WhjzProject.com\Application\Admin\Service\DesignerService.class.php 第 58 行.
SQL: SELECT 
	                  	uid,
	                   name,
	                  case_num,
	                  yuyue_num,
	                   mobile,
	                  (
		                CASE 1
		               WHEN '1' THEN
			           '设计师'
		                ELSE
			           '其他'
		               END
                         	) sjs
                       FROM
	                     cy_designer
                           WHERE 1=1  and closed = '0' and audit = '1'
	                    LIMIT 0,10 [ RunTime:0.0010s ]
SQL: SELECT 
	                 count(*) AS pageTotal
                     FROM
	                cy_designer
                         WHERE 1=1  and closed = '0' and audit = '1' [ RunTime:0.0010s ]
SQL: SELECT 
	                 *
                     FROM
	                  cy_member
	                WHERE 
	                   uname = '15166128873' [ RunTime:0.0010s ]
NOTIC: [8] Undefined index: face D:\bewin.WhjzProject.com\Application\Admin\Service\DesignerService.class.php 第 66 行.
SQL: SELECT
	                    case_id,
                    	photo
                     FROM
	                    cy_case 
                     WHERE
                     	uid = '119'
                     ORDER BY
	                     case_id DESC
                     LIMIT 0,3 [ RunTime:0.0030s ]
SQL: SELECT 
	                 *
                     FROM
	                  cy_member
	                WHERE 
	                   uname = '18863165330' [ RunTime:0.0000s ]
NOTIC: [8] Undefined index: face D:\bewin.WhjzProject.com\Application\Admin\Service\DesignerService.class.php 第 66 行.
SQL: SELECT
	                    case_id,
                    	photo
                     FROM
	                    cy_case 
                     WHERE
                     	uid = '121'
                     ORDER BY
	                     case_id DESC
                     LIMIT 0,3 [ RunTime:0.0020s ]
SQL: SELECT 
	                 *
                     FROM
	                  cy_member
	                WHERE 
	                   uname = '13721933099' [ RunTime:0.0010s ]
NOTIC: [8] Undefined index: face D:\bewin.WhjzProject.com\Application\Admin\Service\DesignerService.class.php 第 66 行.
SQL: SELECT
	                    case_id,
                    	photo
                     FROM
	                    cy_case 
                     WHERE
                     	uid = '122'
                     ORDER BY
	                     case_id DESC
                     LIMIT 0,3 [ RunTime:0.0010s ]
SQL: SELECT 
	                 *
                     FROM
	                  cy_member
	                WHERE 
	                   uname = '15106316655' [ RunTime:0.0020s ]
NOTIC: [8] Undefined index: face D:\bewin.WhjzProject.com\Application\Admin\Service\DesignerService.class.php 第 66 行.
SQL: SELECT
	                    case_id,
                    	photo
                     FROM
	                    cy_case 
                     WHERE
                     	uid = '117'
                     ORDER BY
	                     case_id DESC
                     LIMIT 0,3 [ RunTime:0.0010s ]
DEBUG: [ Jiechengkeji ] [ 15:04:44 ] [ result ][{"uid":"119","name":"\u4f55\u857e","case_num":"10","yuyue_num":"1","mobile":"15166128873","sjs":"\u8bbe\u8ba1\u5e08","photo":["http:\/\/music.shulailo.cn\/attachs\/photo\/201708\/20170810_1674DA169B058EA4F8FDEF36B6A8A4CC.jpg","http:\/\/music.shulailo.cn\/attachs\/photo\/201708\/20170810_5F74769062B07DCE9A1CFD468756E4FB.jpg","http:\/\/music.shulailo.cn\/attachs\/photo\/201708\/20170810_E251AD76100966F2CE414DD4F73605CA.jpg"],"logo":"http:\/\/music.shulailo.cn\/.\/attachs\/"},{"uid":"121","name":"\u674e\u6797\u9896","case_num":"5","yuyue_num":"0","mobile":"18863165330","sjs":"\u8bbe\u8ba1\u5e08","photo":["http:\/\/music.shulailo.cn\/attachs\/photo\/201708\/20170811_94E46EC62240771E5E000121AD819551.png","http:\/\/music.shulailo.cn\/attachs\/photo\/201708\/20170811_501E7350323B781FC9A906ACF45AEF66.png","http:\/\/music.shulailo.cn\/attachs\/photo\/201708\/20170810_66831D7F99A7DC4A71E03C064128F0A6.png"],"logo":"http:\/\/music.shulailo.cn\/.\/attachs\/"},{"uid":"122","name":"\u5b59\u8bb8\u5149","case_num":"17","yuyue_num":"0","mobile":"13721933099","sjs":"\u8bbe\u8ba1\u5e08","photo":["http:\/\/music.shulailo.cn\/attachs\/photo\/201708\/20170825_900DD5A44B7458CE7A914E7A853CEF5E.jpg","http:\/\/music.shulailo.cn\/attachs\/photo\/201708\/20170825_1BCE67AA001118EED20A3855ABD4BEA4.jpg","http:\/\/music.shulailo.cn\/attachs\/photo\/201708\/20170825_C1017CC4EDB6B260D8E5AF40ADAA308E.jpg"],"logo":"http:\/\/music.shulailo.cn\/.\/attachs\/"},{"uid":"117","name":"\u4e8e\u677e\u4e3d","case_num":"4","yuyue_num":"0","mobile":"15106316655","sjs":"\u8bbe\u8ba1\u5e08","photo":["http:\/\/music.shulailo.cn\/attachs\/photo\/201708\/20170811_99C946C915B7FE9535654553AC84CF4A.jpg","http:\/\/music.shulailo.cn\/attachs\/photo\/201708\/20170811_39EB60247444D6B7508B63BFDCCBEEF6.jpg","http:\/\/music.shulailo.cn\/attachs\/photo\/201708\/20170811_B1224B15159876AFAA476066A0780022.jpg"],"logo":"http:\/\/music.shulailo.cn\/.\/attachs\/"}]
DEBUG: [ Jiechengkeji ] [ 15:04:44 ] [ result ]{"msg":"\u6570\u636e\u83b7\u53d6\u6210\u529f","code":0,"data":{"result":[{"uid":"119","name":"\u4f55\u857e","case_num":"10","yuyue_num":"1","mobile":"15166128873","sjs":"\u8bbe\u8ba1\u5e08","photo":["http:\/\/music.shulailo.cn\/attachs\/photo\/201708\/20170810_1674DA169B058EA4F8FDEF36B6A8A4CC.jpg","http:\/\/music.shulailo.cn\/attachs\/photo\/201708\/20170810_5F74769062B07DCE9A1CFD468756E4FB.jpg","http:\/\/music.shulailo.cn\/attachs\/photo\/201708\/20170810_E251AD76100966F2CE414DD4F73605CA.jpg"],"logo":"http:\/\/music.shulailo.cn\/.\/attachs\/"},{"uid":"121","name":"\u674e\u6797\u9896","case_num":"5","yuyue_num":"0","mobile":"18863165330","sjs":"\u8bbe\u8ba1\u5e08","photo":["http:\/\/music.shulailo.cn\/attachs\/photo\/201708\/20170811_94E46EC62240771E5E000121AD819551.png","http:\/\/music.shulailo.cn\/attachs\/photo\/201708\/20170811_501E7350323B781FC9A906ACF45AEF66.png","http:\/\/music.shulailo.cn\/attachs\/photo\/201708\/20170810_66831D7F99A7DC4A71E03C064128F0A6.png"],"logo":"http:\/\/music.shulailo.cn\/.\/attachs\/"},{"uid":"122","name":"\u5b59\u8bb8\u5149","case_num":"17","yuyue_num":"0","mobile":"13721933099","sjs":"\u8bbe\u8ba1\u5e08","photo":["http:\/\/music.shulailo.cn\/attachs\/photo\/201708\/20170825_900DD5A44B7458CE7A914E7A853CEF5E.jpg","http:\/\/music.shulailo.cn\/attachs\/photo\/201708\/20170825_1BCE67AA001118EED20A3855ABD4BEA4.jpg","http:\/\/music.shulailo.cn\/attachs\/photo\/201708\/20170825_C1017CC4EDB6B260D8E5AF40ADAA308E.jpg"],"logo":"http:\/\/music.shulailo.cn\/.\/attachs\/"},{"uid":"117","name":"\u4e8e\u677e\u4e3d","case_num":"4","yuyue_num":"0","mobile":"15106316655","sjs":"\u8bbe\u8ba1\u5e08","photo":["http:\/\/music.shulailo.cn\/attachs\/photo\/201708\/20170811_99C946C915B7FE9535654553AC84CF4A.jpg","http:\/\/music.shulailo.cn\/attachs\/photo\/201708\/20170811_39EB60247444D6B7508B63BFDCCBEEF6.jpg","http:\/\/music.shulailo.cn\/attachs\/photo\/201708\/20170811_B1224B15159876AFAA476066A0780022.jpg"],"logo":"http:\/\/music.shulailo.cn\/.\/attachs\/"}],"pageTotal":4,"pageCurrent":1,"recordTotal":1}}

[ 2018-01-20T15:07:10+08:00 ] 127.0.0.1 /index.php/Admin/Designer/Designer
INFO: [ app_init ] --START--
INFO: Run Behavior\BuildLiteBehavior [ RunTime:0.000000s ]
INFO: [ app_init ] --END-- [ RunTime:0.003000s ]
INFO: [ app_begin ] --START--
INFO: Run Behavior\ReadHtmlCacheBehavior [ RunTime:0.002001s ]
INFO: [ app_begin ] --END-- [ RunTime:0.004001s ]
DEBUG: [ Jiechengkeji ] [ 15:07:10 ] [ _initialize ]BaseController
DEBUG: [ Jiechengkeji ] [ 15:07:10 ] [ _initialized ]AuthController
DEBUG: [ Jiechengkeji ] [ 15:07:10 ] [ __construct ]BaseDAO
SQL: SELECT
	*
FROM
	cy_data_area
WHERE 
area_name=''
	                 [ RunTime:0.0010s ]
NOTIC: [8] Undefined offset: 0 D:\bewin.WhjzProject.com\Application\Admin\Service\DesignerService.class.php 第 58 行.
SQL: SELECT 
	                  	uid,
	                   name,
	                  case_num,
	                  yuyue_num,
	                   mobile,
	                  (
		                CASE 1
		               WHEN '1' THEN
			           '设计师'
		                ELSE
			           '其他'
		               END
                         	) sjs
                       FROM
	                     cy_designer
                           WHERE 1=1  and closed = '0' and audit = '1'
	                    LIMIT 0,10 [ RunTime:0.0020s ]
SQL: SELECT 
	                 count(*) AS pageTotal
                     FROM
	                cy_designer
                         WHERE 1=1  and closed = '0' and audit = '1' [ RunTime:0.0010s ]
SQL: SELECT 
	                 *
                     FROM
	                  cy_member
	                WHERE 
	                   uname = '15166128873' [ RunTime:0.0010s ]
NOTIC: [8] Undefined index: face D:\bewin.WhjzProject.com\Application\Admin\Service\DesignerService.class.php 第 66 行.
SQL: SELECT
	                    case_id,
                    	photo
                     FROM
	                    cy_case 
                     WHERE
                     	uid = '119'
                     ORDER BY
	                     case_id DESC
                     LIMIT 0,3 [ RunTime:0.0010s ]
SQL: SELECT 
	                 *
                     FROM
	                  cy_member
	                WHERE 
	                   uname = '18863165330' [ RunTime:0.0010s ]
NOTIC: [8] Undefined index: face D:\bewin.WhjzProject.com\Application\Admin\Service\DesignerService.class.php 第 66 行.
SQL: SELECT
	                    case_id,
                    	photo
                     FROM
	                    cy_case 
                     WHERE
                     	uid = '121'
                     ORDER BY
	                     case_id DESC
                     LIMIT 0,3 [ RunTime:0.0010s ]
SQL: SELECT 
	                 *
                     FROM
	                  cy_member
	                WHERE 
	                   uname = '13721933099' [ RunTime:0.0000s ]
NOTIC: [8] Undefined index: face D:\bewin.WhjzProject.com\Application\Admin\Service\DesignerService.class.php 第 66 行.
SQL: SELECT
	                    case_id,
                    	photo
                     FROM
	                    cy_case 
                     WHERE
                     	uid = '122'
                     ORDER BY
	                     case_id DESC
                     LIMIT 0,3 [ RunTime:0.0010s ]
SQL: SELECT 
	                 *
                     FROM
	                  cy_member
	                WHERE 
	                   uname = '15106316655' [ RunTime:0.0010s ]
NOTIC: [8] Undefined index: face D:\bewin.WhjzProject.com\Application\Admin\Service\DesignerService.class.php 第 66 行.
SQL: SELECT
	                    case_id,
                    	photo
                     FROM
	                    cy_case 
                     WHERE
                     	uid = '117'
                     ORDER BY
	                     case_id DESC
                     LIMIT 0,3 [ RunTime:0.0020s ]
DEBUG: [ Jiechengkeji ] [ 15:07:10 ] [ result ][{"uid":"119","name":"\u4f55\u857e","case_num":"10","yuyue_num":"1","mobile":"15166128873","sjs":"\u8bbe\u8ba1\u5e08","photo":["http:\/\/music.shulailo.cn\/attachs\/photo\/201708\/20170810_1674DA169B058EA4F8FDEF36B6A8A4CC.jpg","http:\/\/music.shulailo.cn\/attachs\/photo\/201708\/20170810_5F74769062B07DCE9A1CFD468756E4FB.jpg","http:\/\/music.shulailo.cn\/attachs\/photo\/201708\/20170810_E251AD76100966F2CE414DD4F73605CA.jpg"],"logo":"http:\/\/music.shulailo.cn\/.\/attachs\/"},{"uid":"121","name":"\u674e\u6797\u9896","case_num":"5","yuyue_num":"0","mobile":"18863165330","sjs":"\u8bbe\u8ba1\u5e08","photo":["http:\/\/music.shulailo.cn\/attachs\/photo\/201708\/20170811_94E46EC62240771E5E000121AD819551.png","http:\/\/music.shulailo.cn\/attachs\/photo\/201708\/20170811_501E7350323B781FC9A906ACF45AEF66.png","http:\/\/music.shulailo.cn\/attachs\/photo\/201708\/20170810_66831D7F99A7DC4A71E03C064128F0A6.png"],"logo":"http:\/\/music.shulailo.cn\/.\/attachs\/"},{"uid":"122","name":"\u5b59\u8bb8\u5149","case_num":"17","yuyue_num":"0","mobile":"13721933099","sjs":"\u8bbe\u8ba1\u5e08","photo":["http:\/\/music.shulailo.cn\/attachs\/photo\/201708\/20170825_900DD5A44B7458CE7A914E7A853CEF5E.jpg","http:\/\/music.shulailo.cn\/attachs\/photo\/201708\/20170825_1BCE67AA001118EED20A3855ABD4BEA4.jpg","http:\/\/music.shulailo.cn\/attachs\/photo\/201708\/20170825_C1017CC4EDB6B260D8E5AF40ADAA308E.jpg"],"logo":"http:\/\/music.shulailo.cn\/.\/attachs\/"},{"uid":"117","name":"\u4e8e\u677e\u4e3d","case_num":"4","yuyue_num":"0","mobile":"15106316655","sjs":"\u8bbe\u8ba1\u5e08","photo":["http:\/\/music.shulailo.cn\/attachs\/photo\/201708\/20170811_99C946C915B7FE9535654553AC84CF4A.jpg","http:\/\/music.shulailo.cn\/attachs\/photo\/201708\/20170811_39EB60247444D6B7508B63BFDCCBEEF6.jpg","http:\/\/music.shulailo.cn\/attachs\/photo\/201708\/20170811_B1224B15159876AFAA476066A0780022.jpg"],"logo":"http:\/\/music.shulailo.cn\/.\/attachs\/"}]
DEBUG: [ Jiechengkeji ] [ 15:07:10 ] [ result ]{"msg":"\u6570\u636e\u83b7\u53d6\u6210\u529f","code":0,"data":{"result":[{"uid":"119","name":"\u4f55\u857e","case_num":"10","yuyue_num":"1","mobile":"15166128873","sjs":"\u8bbe\u8ba1\u5e08","photo":["http:\/\/music.shulailo.cn\/attachs\/photo\/201708\/20170810_1674DA169B058EA4F8FDEF36B6A8A4CC.jpg","http:\/\/music.shulailo.cn\/attachs\/photo\/201708\/20170810_5F74769062B07DCE9A1CFD468756E4FB.jpg","http:\/\/music.shulailo.cn\/attachs\/photo\/201708\/20170810_E251AD76100966F2CE414DD4F73605CA.jpg"],"logo":"http:\/\/music.shulailo.cn\/.\/attachs\/"},{"uid":"121","name":"\u674e\u6797\u9896","case_num":"5","yuyue_num":"0","mobile":"18863165330","sjs":"\u8bbe\u8ba1\u5e08","photo":["http:\/\/music.shulailo.cn\/attachs\/photo\/201708\/20170811_94E46EC62240771E5E000121AD819551.png","http:\/\/music.shulailo.cn\/attachs\/photo\/201708\/20170811_501E7350323B781FC9A906ACF45AEF66.png","http:\/\/music.shulailo.cn\/attachs\/photo\/201708\/20170810_66831D7F99A7DC4A71E03C064128F0A6.png"],"logo":"http:\/\/music.shulailo.cn\/.\/attachs\/"},{"uid":"122","name":"\u5b59\u8bb8\u5149","case_num":"17","yuyue_num":"0","mobile":"13721933099","sjs":"\u8bbe\u8ba1\u5e08","photo":["http:\/\/music.shulailo.cn\/attachs\/photo\/201708\/20170825_900DD5A44B7458CE7A914E7A853CEF5E.jpg","http:\/\/music.shulailo.cn\/attachs\/photo\/201708\/20170825_1BCE67AA001118EED20A3855ABD4BEA4.jpg","http:\/\/music.shulailo.cn\/attachs\/photo\/201708\/20170825_C1017CC4EDB6B260D8E5AF40ADAA308E.jpg"],"logo":"http:\/\/music.shulailo.cn\/.\/attachs\/"},{"uid":"117","name":"\u4e8e\u677e\u4e3d","case_num":"4","yuyue_num":"0","mobile":"15106316655","sjs":"\u8bbe\u8ba1\u5e08","photo":["http:\/\/music.shulailo.cn\/attachs\/photo\/201708\/20170811_99C946C915B7FE9535654553AC84CF4A.jpg","http:\/\/music.shulailo.cn\/attachs\/photo\/201708\/20170811_39EB60247444D6B7508B63BFDCCBEEF6.jpg","http:\/\/music.shulailo.cn\/attachs\/photo\/201708\/20170811_B1224B15159876AFAA476066A0780022.jpg"],"logo":"http:\/\/music.shulailo.cn\/.\/attachs\/"}],"pageTotal":4,"pageCurrent":1,"recordTotal":1}}

[ 2018-01-20T15:16:38+08:00 ] 127.0.0.1 /index.php/Admin/Designer/Designer
INFO: [ app_init ] --START--
INFO: Run Behavior\BuildLiteBehavior [ RunTime:0.000000s ]
INFO: [ app_init ] --END-- [ RunTime:0.004000s ]
INFO: [ app_begin ] --START--
INFO: Run Behavior\ReadHtmlCacheBehavior [ RunTime:0.002000s ]
INFO: [ app_begin ] --END-- [ RunTime:0.007000s ]
DEBUG: [ Jiechengkeji ] [ 15:14:19 ] [ _initialize ]BaseController
DEBUG: [ Jiechengkeji ] [ 15:14:19 ] [ _initialized ]AuthController
DEBUG: [ Jiechengkeji ] [ 15:14:19 ] [ __construct ]BaseDAO
SQL: SELECT
	*
FROM
	cy_data_area
WHERE 
area_name=''
	                 [ RunTime:0.0010s ]
NOTIC: [8] Undefined offset: 0 D:\bewin.WhjzProject.com\Application\Admin\Service\DesignerService.class.php 第 58 行.
SQL: SELECT 
	                  	uid,
	                   name,
	                  case_num,
	                  yuyue_num,
	                   mobile,
	                  (
		                CASE 1
		               WHEN '1' THEN
			           '设计师'
		                ELSE
			           '其他'
		               END
                         	) sjs
                       FROM
	                     cy_designer
                           WHERE 1=1  and closed = '0' and audit = '1'
	                    LIMIT 0,10 [ RunTime:0.0040s ]
SQL: SELECT 
	                 count(*) AS pageTotal
                     FROM
	                cy_designer
                         WHERE 1=1  and closed = '0' and audit = '1' [ RunTime:0.0010s ]
SQL: SELECT 
	                 *
                     FROM
	                  cy_member
	                WHERE 
	                   uname = '15166128873' [ RunTime:0.0010s ]

[ 2018-01-20T15:18:31+08:00 ] 127.0.0.1 /?XDEBUG_SESSION_START=13567
INFO: [ app_init ] --START--
INFO: Run Behavior\BuildLiteBehavior [ RunTime:0.000000s ]
INFO: [ app_init ] --END-- [ RunTime:0.005000s ]
INFO: [ app_begin ] --START--
INFO: Run Behavior\ReadHtmlCacheBehavior [ RunTime:0.002000s ]
INFO: [ app_begin ] --END-- [ RunTime:0.004001s ]
DEBUG: [ Jiechengkeji ] [ 15:18:31 ] [ _initialize ]BaseController
DEBUG: [ Jiechengkeji ] [ 15:18:31 ] [ _initialized ]AuthController
DEBUG: [ Jiechengkeji ] [ 15:18:31 ] [ __construct ]BaseDAO
INFO: [ view_parse ] --START--
INFO: [ template_filter ] --START--
INFO: Run Behavior\ContentReplaceBehavior [ RunTime:0.001000s ]
INFO: [ template_filter ] --END-- [ RunTime:0.003000s ]
INFO: Run Behavior\ParseTemplateBehavior [ RunTime:0.045002s ]
INFO: [ view_parse ] --END-- [ RunTime:0.047002s ]
INFO: [ view_filter ] --START--
INFO: Run Behavior\WriteHtmlCacheBehavior [ RunTime:0.004000s ]
INFO: [ view_filter ] --END-- [ RunTime:0.006000s ]
INFO: [ app_end ] --START--
INFO: Run Behavior\ShowPageTraceBehavior [ RunTime:0.002000s ]
INFO: [ app_end ] --END-- [ RunTime:0.006000s ]

[ 2018-01-20T15:20:12+08:00 ] 127.0.0.1 /index.php/Admin/Designer/Designer
INFO: [ app_init ] --START--
INFO: Run Behavior\BuildLiteBehavior [ RunTime:0.000000s ]
INFO: [ app_init ] --END-- [ RunTime:0.003000s ]
INFO: [ app_begin ] --START--
INFO: Run Behavior\ReadHtmlCacheBehavior [ RunTime:0.003000s ]
INFO: [ app_begin ] --END-- [ RunTime:0.005000s ]
DEBUG: [ Jiechengkeji ] [ 15:18:37 ] [ _initialize ]BaseController
DEBUG: [ Jiechengkeji ] [ 15:18:37 ] [ _initialized ]AuthController
DEBUG: [ Jiechengkeji ] [ 15:18:37 ] [ __construct ]BaseDAO
SQL: SELECT
	*
FROM
	cy_data_area
WHERE 
area_name=''
	                 [ RunTime:0.0020s ]
NOTIC: [8] Undefined offset: 0 D:\bewin.WhjzProject.com\Application\Admin\Service\DesignerService.class.php 第 58 行.
SQL: SELECT 
	                  	uid,
	                   name,
	                  case_num,
	                  yuyue_num,
	                   mobile,
	                  (
		                CASE 1
		               WHEN '1' THEN
			           '设计师'
		                ELSE
			           '其他'
		               END
                         	) sjs
                       FROM
	                     cy_designer
                           WHERE 1=1  and closed = '0' and audit = '1'
	                    LIMIT 0,10 [ RunTime:0.0010s ]
SQL: SELECT 
	                 count(*) AS pageTotal
                     FROM
	                cy_designer
                         WHERE 1=1  and closed = '0' and audit = '1' [ RunTime:0.0030s ]
SQL: SELECT 
	                 *
                     FROM
	                  cy_member
	                WHERE 
	                   uname = '15166128873' [ RunTime:0.0030s ]
NOTIC: [8] Undefined index: face D:\bewin.WhjzProject.com\Application\Admin\Service\DesignerService.class.php 第 66 行.
SQL: SELECT
	                    case_id,
                    	photo
                     FROM
	                    cy_case 
                     WHERE
                     	uid = '119'
                     ORDER BY
	                     case_id DESC
                     LIMIT 0,3 [ RunTime:0.0030s ]
SQL: SELECT 
	                 *
                     FROM
	                  cy_member
	                WHERE 
	                   uname = '18863165330' [ RunTime:0.0010s ]
NOTIC: [8] Undefined index: face D:\bewin.WhjzProject.com\Application\Admin\Service\DesignerService.class.php 第 66 行.
SQL: SELECT
	                    case_id,
                    	photo
                     FROM
	                    cy_case 
                     WHERE
                     	uid = '121'
                     ORDER BY
	                     case_id DESC
                     LIMIT 0,3 [ RunTime:0.0010s ]
SQL: SELECT 
	                 *
                     FROM
	                  cy_member
	                WHERE 
	                   uname = '13721933099' [ RunTime:0.0010s ]
NOTIC: [8] Undefined index: face D:\bewin.WhjzProject.com\Application\Admin\Service\DesignerService.class.php 第 66 行.
SQL: SELECT
	                    case_id,
                    	photo
                     FROM
	                    cy_case 
                     WHERE
                     	uid = '122'
                     ORDER BY
	                     case_id DESC
                     LIMIT 0,3 [ RunTime:0.0010s ]
SQL: SELECT 
	                 *
                     FROM
	                  cy_member
	                WHERE 
	                   uname = '15106316655' [ RunTime:0.0010s ]
NOTIC: [8] Undefined index: face D:\bewin.WhjzProject.com\Application\Admin\Service\DesignerService.class.php 第 66 行.
SQL: SELECT
	                    case_id,
                    	photo
                     FROM
	                    cy_case 
                     WHERE
                     	uid = '117'
                     ORDER BY
	                     case_id DESC
                     LIMIT 0,3 [ RunTime:0.0090s ]
DEBUG: [ Jiechengkeji ] [ 15:20:12 ] [ result ][{"uid":"119","name":"\u4f55\u857e","case_num":"10","yuyue_num":"1","mobile":"15166128873","sjs":"\u8bbe\u8ba1\u5e08","photo":["http:\/\/music.shulailo.cn\/attachs\/photo\/201708\/20170810_1674DA169B058EA4F8FDEF36B6A8A4CC.jpg","http:\/\/music.shulailo.cn\/attachs\/photo\/201708\/20170810_5F74769062B07DCE9A1CFD468756E4FB.jpg","http:\/\/music.shulailo.cn\/attachs\/photo\/201708\/20170810_E251AD76100966F2CE414DD4F73605CA.jpg"],"logo":"http:\/\/music.shulailo.cn\/attachs\/"},{"uid":"121","name":"\u674e\u6797\u9896","case_num":"5","yuyue_num":"0","mobile":"18863165330","sjs":"\u8bbe\u8ba1\u5e08","photo":["http:\/\/music.shulailo.cn\/attachs\/photo\/201708\/20170811_94E46EC62240771E5E000121AD819551.png","http:\/\/music.shulailo.cn\/attachs\/photo\/201708\/20170811_501E7350323B781FC9A906ACF45AEF66.png","http:\/\/music.shulailo.cn\/attachs\/photo\/201708\/20170810_66831D7F99A7DC4A71E03C064128F0A6.png"],"logo":"http:\/\/music.shulailo.cn\/attachs\/"},{"uid":"122","name":"\u5b59\u8bb8\u5149","case_num":"17","yuyue_num":"0","mobile":"13721933099","sjs":"\u8bbe\u8ba1\u5e08","photo":["http:\/\/music.shulailo.cn\/attachs\/photo\/201708\/20170825_900DD5A44B7458CE7A914E7A853CEF5E.jpg","http:\/\/music.shulailo.cn\/attachs\/photo\/201708\/20170825_1BCE67AA001118EED20A3855ABD4BEA4.jpg","http:\/\/music.shulailo.cn\/attachs\/photo\/201708\/20170825_C1017CC4EDB6B260D8E5AF40ADAA308E.jpg"],"logo":"http:\/\/music.shulailo.cn\/attachs\/"},{"uid":"117","name":"\u4e8e\u677e\u4e3d","case_num":"4","yuyue_num":"0","mobile":"15106316655","sjs":"\u8bbe\u8ba1\u5e08","photo":["http:\/\/music.shulailo.cn\/attachs\/photo\/201708\/20170811_99C946C915B7FE9535654553AC84CF4A.jpg","http:\/\/music.shulailo.cn\/attachs\/photo\/201708\/20170811_39EB60247444D6B7508B63BFDCCBEEF6.jpg","http:\/\/music.shulailo.cn\/attachs\/photo\/201708\/20170811_B1224B15159876AFAA476066A0780022.jpg"],"logo":"http:\/\/music.shulailo.cn\/attachs\/"}]
DEBUG: [ Jiechengkeji ] [ 15:20:12 ] [ result ]{"msg":"\u6570\u636e\u83b7\u53d6\u6210\u529f","code":0,"data":{"result":[{"uid":"119","name":"\u4f55\u857e","case_num":"10","yuyue_num":"1","mobile":"15166128873","sjs":"\u8bbe\u8ba1\u5e08","photo":["http:\/\/music.shulailo.cn\/attachs\/photo\/201708\/20170810_1674DA169B058EA4F8FDEF36B6A8A4CC.jpg","http:\/\/music.shulailo.cn\/attachs\/photo\/201708\/20170810_5F74769062B07DCE9A1CFD468756E4FB.jpg","http:\/\/music.shulailo.cn\/attachs\/photo\/201708\/20170810_E251AD76100966F2CE414DD4F73605CA.jpg"],"logo":"http:\/\/music.shulailo.cn\/attachs\/"},{"uid":"121","name":"\u674e\u6797\u9896","case_num":"5","yuyue_num":"0","mobile":"18863165330","sjs":"\u8bbe\u8ba1\u5e08","photo":["http:\/\/music.shulailo.cn\/attachs\/photo\/201708\/20170811_94E46EC62240771E5E000121AD819551.png","http:\/\/music.shulailo.cn\/attachs\/photo\/201708\/20170811_501E7350323B781FC9A906ACF45AEF66.png","http:\/\/music.shulailo.cn\/attachs\/photo\/201708\/20170810_66831D7F99A7DC4A71E03C064128F0A6.png"],"logo":"http:\/\/music.shulailo.cn\/attachs\/"},{"uid":"122","name":"\u5b59\u8bb8\u5149","case_num":"17","yuyue_num":"0","mobile":"13721933099","sjs":"\u8bbe\u8ba1\u5e08","photo":["http:\/\/music.shulailo.cn\/attachs\/photo\/201708\/20170825_900DD5A44B7458CE7A914E7A853CEF5E.jpg","http:\/\/music.shulailo.cn\/attachs\/photo\/201708\/20170825_1BCE67AA001118EED20A3855ABD4BEA4.jpg","http:\/\/music.shulailo.cn\/attachs\/photo\/201708\/20170825_C1017CC4EDB6B260D8E5AF40ADAA308E.jpg"],"logo":"http:\/\/music.shulailo.cn\/attachs\/"},{"uid":"117","name":"\u4e8e\u677e\u4e3d","case_num":"4","yuyue_num":"0","mobile":"15106316655","sjs":"\u8bbe\u8ba1\u5e08","photo":["http:\/\/music.shulailo.cn\/attachs\/photo\/201708\/20170811_99C946C915B7FE9535654553AC84CF4A.jpg","http:\/\/music.shulailo.cn\/attachs\/photo\/201708\/20170811_39EB60247444D6B7508B63BFDCCBEEF6.jpg","http:\/\/music.shulailo.cn\/attachs\/photo\/201708\/20170811_B1224B15159876AFAA476066A0780022.jpg"],"logo":"http:\/\/music.shulailo.cn\/attachs\/"}],"pageTotal":4,"pageCurrent":1,"recordTotal":1}}

[ 2018-01-20T15:21:30+08:00 ] 127.0.0.1 /index.php/Admin/Designer/Designer
INFO: [ app_init ] --START--
INFO: Run Behavior\BuildLiteBehavior [ RunTime:0.000000s ]
INFO: [ app_init ] --END-- [ RunTime:0.003000s ]
INFO: [ app_begin ] --START--
INFO: Run Behavior\ReadHtmlCacheBehavior [ RunTime:0.004000s ]
INFO: [ app_begin ] --END-- [ RunTime:0.011001s ]
DEBUG: [ Jiechengkeji ] [ 15:21:04 ] [ _initialize ]BaseController
DEBUG: [ Jiechengkeji ] [ 15:21:04 ] [ _initialized ]AuthController
DEBUG: [ Jiechengkeji ] [ 15:21:04 ] [ __construct ]BaseDAO
SQL: SELECT
	*
FROM
	cy_data_area
WHERE 
area_name=''
	                 [ RunTime:0.0000s ]
NOTIC: [8] Undefined offset: 0 D:\bewin.WhjzProject.com\Application\Admin\Service\DesignerService.class.php 第 58 行.
SQL: SELECT 
	                  	uid,
	                   name,
	                  case_num,
	                  yuyue_num,
	                   mobile,
	                  (
		                CASE 1
		               WHEN '1' THEN
			           '设计师'
		                ELSE
			           '其他'
		               END
                         	) sjs
                       FROM
	                     cy_designer
                           WHERE 1=1  and closed = '0' and audit = '1'
	                    LIMIT 0,10 [ RunTime:0.0020s ]
SQL: SELECT 
	                 count(*) AS pageTotal
                     FROM
	                cy_designer
                         WHERE 1=1  and closed = '0' and audit = '1' [ RunTime:0.0020s ]
SQL: SELECT 
	                 *
                     FROM
	                  cy_member
	                WHERE 
	                   uname = '15166128873' [ RunTime:0.0010s ]
SQL: SELECT
	                    case_id,
                    	photo
                     FROM
	                    cy_case 
                     WHERE
                     	uid = '119'
                     ORDER BY
	                     case_id DESC
                     LIMIT 0,3 [ RunTime:0.0010s ]
SQL: SELECT 
	                 *
                     FROM
	                  cy_member
	                WHERE 
	                   uname = '18863165330' [ RunTime:0.0010s ]
NOTIC: [8] Undefined offset: 1 D:\bewin.WhjzProject.com\Application\Admin\Service\DesignerService.class.php 第 66 行.
SQL: SELECT
	                    case_id,
                    	photo
                     FROM
	                    cy_case 
                     WHERE
                     	uid = '121'
                     ORDER BY
	                     case_id DESC
                     LIMIT 0,3 [ RunTime:0.0010s ]
SQL: SELECT 
	                 *
                     FROM
	                  cy_member
	                WHERE 
	                   uname = '13721933099' [ RunTime:0.0020s ]
NOTIC: [8] Undefined offset: 2 D:\bewin.WhjzProject.com\Application\Admin\Service\DesignerService.class.php 第 66 行.
SQL: SELECT
	                    case_id,
                    	photo
                     FROM
	                    cy_case 
                     WHERE
                     	uid = '122'
                     ORDER BY
	                     case_id DESC
                     LIMIT 0,3 [ RunTime:0.0010s ]
SQL: SELECT 
	                 *
                     FROM
	                  cy_member
	                WHERE 
	                   uname = '15106316655' [ RunTime:0.0000s ]
NOTIC: [8] Undefined offset: 3 D:\bewin.WhjzProject.com\Application\Admin\Service\DesignerService.class.php 第 66 行.
SQL: SELECT
	                    case_id,
                    	photo
                     FROM
	                    cy_case 
                     WHERE
                     	uid = '117'
                     ORDER BY
	                     case_id DESC
                     LIMIT 0,3 [ RunTime:0.0010s ]
DEBUG: [ Jiechengkeji ] [ 15:21:30 ] [ result ][{"uid":"119","name":"\u4f55\u857e","case_num":"10","yuyue_num":"1","mobile":"15166128873","sjs":"\u8bbe\u8ba1\u5e08","photo":["http:\/\/music.shulailo.cn\/attachs\/photo\/201708\/20170810_1674DA169B058EA4F8FDEF36B6A8A4CC.jpg","http:\/\/music.shulailo.cn\/attachs\/photo\/201708\/20170810_5F74769062B07DCE9A1CFD468756E4FB.jpg","http:\/\/music.shulailo.cn\/attachs\/photo\/201708\/20170810_E251AD76100966F2CE414DD4F73605CA.jpg"],"logo":"http:\/\/music.shulailo.cn\/attachs\/"},{"uid":"121","name":"\u674e\u6797\u9896","case_num":"5","yuyue_num":"0","mobile":"18863165330","sjs":"\u8bbe\u8ba1\u5e08","photo":["http:\/\/music.shulailo.cn\/attachs\/photo\/201708\/20170811_94E46EC62240771E5E000121AD819551.png","http:\/\/music.shulailo.cn\/attachs\/photo\/201708\/20170811_501E7350323B781FC9A906ACF45AEF66.png","http:\/\/music.shulailo.cn\/attachs\/photo\/201708\/20170810_66831D7F99A7DC4A71E03C064128F0A6.png"],"logo":"http:\/\/music.shulailo.cn\/attachs\/"},{"uid":"122","name":"\u5b59\u8bb8\u5149","case_num":"17","yuyue_num":"0","mobile":"13721933099","sjs":"\u8bbe\u8ba1\u5e08","photo":["http:\/\/music.shulailo.cn\/attachs\/photo\/201708\/20170825_900DD5A44B7458CE7A914E7A853CEF5E.jpg","http:\/\/music.shulailo.cn\/attachs\/photo\/201708\/20170825_1BCE67AA001118EED20A3855ABD4BEA4.jpg","http:\/\/music.shulailo.cn\/attachs\/photo\/201708\/20170825_C1017CC4EDB6B260D8E5AF40ADAA308E.jpg"],"logo":"http:\/\/music.shulailo.cn\/attachs\/"},{"uid":"117","name":"\u4e8e\u677e\u4e3d","case_num":"4","yuyue_num":"0","mobile":"15106316655","sjs":"\u8bbe\u8ba1\u5e08","photo":["http:\/\/music.shulailo.cn\/attachs\/photo\/201708\/20170811_99C946C915B7FE9535654553AC84CF4A.jpg","http:\/\/music.shulailo.cn\/attachs\/photo\/201708\/20170811_39EB60247444D6B7508B63BFDCCBEEF6.jpg","http:\/\/music.shulailo.cn\/attachs\/photo\/201708\/20170811_B1224B15159876AFAA476066A0780022.jpg"],"logo":"http:\/\/music.shulailo.cn\/attachs\/"}]
DEBUG: [ Jiechengkeji ] [ 15:21:30 ] [ result ]{"msg":"\u6570\u636e\u83b7\u53d6\u6210\u529f","code":0,"data":{"result":[{"uid":"119","name":"\u4f55\u857e","case_num":"10","yuyue_num":"1","mobile":"15166128873","sjs":"\u8bbe\u8ba1\u5e08","photo":["http:\/\/music.shulailo.cn\/attachs\/photo\/201708\/20170810_1674DA169B058EA4F8FDEF36B6A8A4CC.jpg","http:\/\/music.shulailo.cn\/attachs\/photo\/201708\/20170810_5F74769062B07DCE9A1CFD468756E4FB.jpg","http:\/\/music.shulailo.cn\/attachs\/photo\/201708\/20170810_E251AD76100966F2CE414DD4F73605CA.jpg"],"logo":"http:\/\/music.shulailo.cn\/attachs\/"},{"uid":"121","name":"\u674e\u6797\u9896","case_num":"5","yuyue_num":"0","mobile":"18863165330","sjs":"\u8bbe\u8ba1\u5e08","photo":["http:\/\/music.shulailo.cn\/attachs\/photo\/201708\/20170811_94E46EC62240771E5E000121AD819551.png","http:\/\/music.shulailo.cn\/attachs\/photo\/201708\/20170811_501E7350323B781FC9A906ACF45AEF66.png","http:\/\/music.shulailo.cn\/attachs\/photo\/201708\/20170810_66831D7F99A7DC4A71E03C064128F0A6.png"],"logo":"http:\/\/music.shulailo.cn\/attachs\/"},{"uid":"122","name":"\u5b59\u8bb8\u5149","case_num":"17","yuyue_num":"0","mobile":"13721933099","sjs":"\u8bbe\u8ba1\u5e08","photo":["http:\/\/music.shulailo.cn\/attachs\/photo\/201708\/20170825_900DD5A44B7458CE7A914E7A853CEF5E.jpg","http:\/\/music.shulailo.cn\/attachs\/photo\/201708\/20170825_1BCE67AA001118EED20A3855ABD4BEA4.jpg","http:\/\/music.shulailo.cn\/attachs\/photo\/201708\/20170825_C1017CC4EDB6B260D8E5AF40ADAA308E.jpg"],"logo":"http:\/\/music.shulailo.cn\/attachs\/"},{"uid":"117","name":"\u4e8e\u677e\u4e3d","case_num":"4","yuyue_num":"0","mobile":"15106316655","sjs":"\u8bbe\u8ba1\u5e08","photo":["http:\/\/music.shulailo.cn\/attachs\/photo\/201708\/20170811_99C946C915B7FE9535654553AC84CF4A.jpg","http:\/\/music.shulailo.cn\/attachs\/photo\/201708\/20170811_39EB60247444D6B7508B63BFDCCBEEF6.jpg","http:\/\/music.shulailo.cn\/attachs\/photo\/201708\/20170811_B1224B15159876AFAA476066A0780022.jpg"],"logo":"http:\/\/music.shulailo.cn\/attachs\/"}],"pageTotal":4,"pageCurrent":1,"recordTotal":1}}

[ 2018-01-20T15:32:53+08:00 ] 127.0.0.1 /index.php/Admin/Compay/setFitment
INFO: [ app_init ] --START--
INFO: Run Behavior\BuildLiteBehavior [ RunTime:0.000000s ]
INFO: [ app_init ] --END-- [ RunTime:0.003000s ]
INFO: [ app_begin ] --START--
INFO: Run Behavior\ReadHtmlCacheBehavior [ RunTime:0.002000s ]
INFO: [ app_begin ] --END-- [ RunTime:0.004000s ]
DEBUG: [ Jiechengkeji ] [ 15:27:21 ] [ _initialize ]BaseController
DEBUG: [ Jiechengkeji ] [ 15:27:21 ] [ _initialized ]AuthController
DEBUG: [ Jiechengkeji ] [ 15:27:21 ] [ __construct ]BaseDAO
SQL: SELECT
	                    *
                      FROM
	                cy_data_area
	                  WHERE  area_name='环翠区'
	                 [ RunTime:0.0010s ]
NOTIC: [8] Use of undefined constant music - assumed 'music' xdebug://debug-eval(1) : eval()'d code 第 1 行.
SQL: SELECT 
                     comments,
                     score,
	                 case_num,
	                 tenders_num,
	                 yuyue_num,
	                 name,
                     addr,
                     logo,
                     phone
                     FROM
	                cy_company 
                         WHERE 1=1  and group_id = '7' and closed = '0' and audit = '1'
	                 LIMIT 0,10 [ RunTime:0.0030s ]
SQL: SELECT 
	                  count(*) AS pageTotal
                     FROM
	                cy_company
                         WHERE 1=1  and closed = '7' and audit = '0' [ RunTime:0.0010s ]
DEBUG: [ Jiechengkeji ] [ 15:32:52 ] [ result ][]
DEBUG: [ Jiechengkeji ] [ 15:32:52 ] [ result ]{"msg":"\u6570\u636e\u83b7\u53d6\u6210\u529f","code":1,"data":{"result":[],"pageTotal":0,"pageCurrent":1,"recordTotal":0}}

[ 2018-01-20T15:33:57+08:00 ] 127.0.0.1 /index.php/Admin/Compay/setFitment
INFO: [ app_init ] --START--
INFO: Run Behavior\BuildLiteBehavior [ RunTime:0.001000s ]
INFO: [ app_init ] --END-- [ RunTime:0.003000s ]
INFO: [ app_begin ] --START--
INFO: Run Behavior\ReadHtmlCacheBehavior [ RunTime:0.002001s ]
INFO: [ app_begin ] --END-- [ RunTime:0.005001s ]
DEBUG: [ Jiechengkeji ] [ 15:32:59 ] [ _initialize ]BaseController
DEBUG: [ Jiechengkeji ] [ 15:32:59 ] [ _initialized ]AuthController
DEBUG: [ Jiechengkeji ] [ 15:32:59 ] [ __construct ]BaseDAO
SQL: SELECT
	                    *
                      FROM
	                cy_data_area
	                  WHERE  area_name='环翠区'
	                 [ RunTime:0.0020s ]
SQL: SELECT 
                     comments,
                     score,
	                 case_num,
	                 tenders_num,
	                 yuyue_num,
	                 name,
                     addr,
                     logo,
                     phone
                     FROM
	                cy_company 
                         WHERE 1=1  and group_id = '7' and closed = '0' and audit = '1'
	                 LIMIT 0,10 [ RunTime:0.0110s ]
SQL: SELECT 
	                  count(*) AS pageTotal
                     FROM
	                cy_company
                         WHERE 1=1  and closed = '7' and audit = '0' [ RunTime:0.0020s ]
DEBUG: [ Jiechengkeji ] [ 15:33:57 ] [ result ][]
DEBUG: [ Jiechengkeji ] [ 15:33:57 ] [ result ]{"msg":"\u6570\u636e\u83b7\u53d6\u6210\u529f","code":1,"data":{"result":[],"pageTotal":0,"pageCurrent":1,"recordTotal":0}}

[ 2018-01-20T15:39:16+08:00 ] 127.0.0.1 /index.php/Admin/Compay/setFitment
INFO: [ app_init ] --START--
INFO: Run Behavior\BuildLiteBehavior [ RunTime:0.001000s ]
INFO: [ app_init ] --END-- [ RunTime:0.004000s ]
INFO: [ app_begin ] --START--
INFO: Run Behavior\ReadHtmlCacheBehavior [ RunTime:0.002000s ]
INFO: [ app_begin ] --END-- [ RunTime:0.005000s ]
DEBUG: [ Jiechengkeji ] [ 15:35:06 ] [ _initialize ]BaseController
DEBUG: [ Jiechengkeji ] [ 15:35:06 ] [ _initialized ]AuthController
DEBUG: [ Jiechengkeji ] [ 15:35:06 ] [ __construct ]BaseDAO
SQL: SELECT
	                    *
                      FROM
	                cy_data_area
	                  WHERE  area_name='环翠区'
	                 [ RunTime:0.0010s ]

[ 2018-01-20T16:01:31+08:00 ] 127.0.0.1 /index.php/Admin/index/login
INFO: [ app_init ] --START--
INFO: Run Behavior\BuildLiteBehavior [ RunTime:0.000000s ]
INFO: [ app_init ] --END-- [ RunTime:0.003000s ]
INFO: [ app_begin ] --START--
INFO: Run Behavior\ReadHtmlCacheBehavior [ RunTime:0.002000s ]
INFO: [ app_begin ] --END-- [ RunTime:0.004000s ]
DEBUG: [ Jiechengkeji ] [ 16:01:31 ] [ _initialize ]BaseController
DEBUG: [ Jiechengkeji ] [ 16:01:31 ] [ _initialized ]AuthController
DEBUG: [ Jiechengkeji ] [ 16:01:31 ] [ __construct ]BaseDAO
SQL: SELECT 
                      * 
                    FROM
                      cy_member 
                    WHERE uname = '18363100063' 
                      AND passwd = '123456' [ RunTime:0.0020s ]
DEBUG: [ Jiechengkeji ] [ 16:01:31 ] [ result ]0
DEBUG: [ Jiechengkeji ] [ 16:01:31 ] [ result ]{"msg":"\u767b\u5f55\u5931\u8d25!","code":1}

[ 2018-01-20T16:01:32+08:00 ] 127.0.0.1 /index.php/Admin/index/login
INFO: [ app_init ] --START--
INFO: Run Behavior\BuildLiteBehavior [ RunTime:0.000000s ]
INFO: [ app_init ] --END-- [ RunTime:0.005001s ]
INFO: [ app_begin ] --START--
INFO: Run Behavior\ReadHtmlCacheBehavior [ RunTime:0.003000s ]
INFO: [ app_begin ] --END-- [ RunTime:0.004000s ]
DEBUG: [ Jiechengkeji ] [ 16:01:31 ] [ _initialize ]BaseController
DEBUG: [ Jiechengkeji ] [ 16:01:31 ] [ _initialized ]AuthController
DEBUG: [ Jiechengkeji ] [ 16:01:31 ] [ __construct ]BaseDAO
SQL: SELECT 
                      * 
                    FROM
                      cy_member 
                    WHERE uname = '18363100063' 
                      AND passwd = '123456' [ RunTime:0.0010s ]
DEBUG: [ Jiechengkeji ] [ 16:01:32 ] [ result ]0
DEBUG: [ Jiechengkeji ] [ 16:01:32 ] [ result ]{"msg":"\u767b\u5f55\u5931\u8d25!","code":1}

[ 2018-01-20T16:15:06+08:00 ] 127.0.0.1 /?XDEBUG_SESSION_START=11414
INFO: [ app_init ] --START--
INFO: Run Behavior\BuildLiteBehavior [ RunTime:0.001000s ]
INFO: [ app_init ] --END-- [ RunTime:0.003000s ]
INFO: [ app_begin ] --START--
INFO: Run Behavior\ReadHtmlCacheBehavior [ RunTime:0.003000s ]
INFO: [ app_begin ] --END-- [ RunTime:0.006000s ]
DEBUG: [ Jiechengkeji ] [ 16:15:06 ] [ _initialize ]BaseController
DEBUG: [ Jiechengkeji ] [ 16:15:06 ] [ _initialized ]AuthController
DEBUG: [ Jiechengkeji ] [ 16:15:06 ] [ __construct ]BaseDAO
INFO: [ view_parse ] --START--
INFO: [ template_filter ] --START--
INFO: Run Behavior\ContentReplaceBehavior [ RunTime:0.001000s ]
INFO: [ template_filter ] --END-- [ RunTime:0.003000s ]
INFO: Run Behavior\ParseTemplateBehavior [ RunTime:0.034002s ]
INFO: [ view_parse ] --END-- [ RunTime:0.036002s ]
INFO: [ view_filter ] --START--
INFO: Run Behavior\WriteHtmlCacheBehavior [ RunTime:0.002000s ]
INFO: [ view_filter ] --END-- [ RunTime:0.004000s ]
INFO: [ app_end ] --START--
INFO: Run Behavior\ShowPageTraceBehavior [ RunTime:0.003000s ]
INFO: [ app_end ] --END-- [ RunTime:0.007000s ]

[ 2018-01-20T16:15:39+08:00 ] 127.0.0.1 /?XDEBUG_SESSION_START=11941
INFO: [ app_init ] --START--
INFO: Run Behavior\BuildLiteBehavior [ RunTime:0.000000s ]
INFO: [ app_init ] --END-- [ RunTime:0.003000s ]
INFO: [ app_begin ] --START--
INFO: Run Behavior\ReadHtmlCacheBehavior [ RunTime:0.002000s ]
INFO: [ app_begin ] --END-- [ RunTime:0.004000s ]
DEBUG: [ Jiechengkeji ] [ 16:15:39 ] [ _initialize ]BaseController
DEBUG: [ Jiechengkeji ] [ 16:15:39 ] [ _initialized ]AuthController
DEBUG: [ Jiechengkeji ] [ 16:15:39 ] [ __construct ]BaseDAO
INFO: [ view_parse ] --START--
INFO: [ template_filter ] --START--
INFO: Run Behavior\ContentReplaceBehavior [ RunTime:0.001000s ]
INFO: [ template_filter ] --END-- [ RunTime:0.004000s ]
INFO: Run Behavior\ParseTemplateBehavior [ RunTime:0.032002s ]
INFO: [ view_parse ] --END-- [ RunTime:0.034002s ]
INFO: [ view_filter ] --START--
INFO: Run Behavior\WriteHtmlCacheBehavior [ RunTime:0.002000s ]
INFO: [ view_filter ] --END-- [ RunTime:0.004000s ]
INFO: [ app_end ] --START--
INFO: Run Behavior\ShowPageTraceBehavior [ RunTime:0.003000s ]
INFO: [ app_end ] --END-- [ RunTime:0.009001s ]

[ 2018-01-20T16:15:50+08:00 ] 127.0.0.1 /index.php/Admin/Designer/Designer
INFO: [ app_init ] --START--
INFO: Run Behavior\BuildLiteBehavior [ RunTime:0.001000s ]
INFO: [ app_init ] --END-- [ RunTime:0.003000s ]
INFO: [ app_begin ] --START--
INFO: Run Behavior\ReadHtmlCacheBehavior [ RunTime:0.002001s ]
INFO: [ app_begin ] --END-- [ RunTime:0.005001s ]
DEBUG: [ Jiechengkeji ] [ 16:15:44 ] [ _initialize ]BaseController
DEBUG: [ Jiechengkeji ] [ 16:15:44 ] [ _initialized ]AuthController
DEBUG: [ Jiechengkeji ] [ 16:15:44 ] [ __construct ]BaseDAO
SQL: SELECT
	*
FROM
	cy_data_area
WHERE 
area_name=''
	                 [ RunTime:0.0010s ]
NOTIC: [8] Undefined offset: 0 D:\bewin.WhjzProject.com\Application\Admin\Service\DesignerService.class.php 第 58 行.
SQL: SELECT 
	                  	uid,
	                   name,
	                  case_num,
	                  yuyue_num,
	                   mobile,
	                  (
		                CASE 1
		               WHEN '1' THEN
			           '设计师'
		                ELSE
			           '其他'
		               END
                         	) sjs
                       FROM
	                     cy_designer
                           WHERE 1=1  and closed = '0' and audit = '1'
	                    LIMIT 0,10 [ RunTime:0.0000s ]
SQL: SELECT 
	                 count(*) AS pageTotal
                     FROM
	                cy_designer
                         WHERE 1=1  and closed = '0' and audit = '1' [ RunTime:0.0010s ]
SQL: SELECT 
	                 *
                     FROM
	                  cy_member
	                WHERE 
	                   uname = '15166128873' [ RunTime:0.0740s ]
SQL: SELECT
	                    case_id,
                    	photo
                     FROM
	                    cy_case 
                     WHERE
                     	uid = '119'
                     ORDER BY
	                     case_id DESC
                     LIMIT 0,3 [ RunTime:0.0020s ]
SQL: SELECT 
	                 *
                     FROM
	                  cy_member
	                WHERE 
	                   uname = '18863165330' [ RunTime:0.0010s ]
SQL: SELECT
	                    case_id,
                    	photo
                     FROM
	                    cy_case 
                     WHERE
                     	uid = '121'
                     ORDER BY
	                     case_id DESC
                     LIMIT 0,3 [ RunTime:0.0010s ]
SQL: SELECT 
	                 *
                     FROM
	                  cy_member
	                WHERE 
	                   uname = '13721933099' [ RunTime:0.0140s ]
SQL: SELECT
	                    case_id,
                    	photo
                     FROM
	                    cy_case 
                     WHERE
                     	uid = '122'
                     ORDER BY
	                     case_id DESC
                     LIMIT 0,3 [ RunTime:0.0060s ]
SQL: SELECT 
	                 *
                     FROM
	                  cy_member
	                WHERE 
	                   uname = '15106316655' [ RunTime:0.0010s ]
SQL: SELECT
	                    case_id,
                    	photo
                     FROM
	                    cy_case 
                     WHERE
                     	uid = '117'
                     ORDER BY
	                     case_id DESC
                     LIMIT 0,3 [ RunTime:0.0010s ]
DEBUG: [ Jiechengkeji ] [ 16:15:50 ] [ result ][{"uid":"119","name":"\u4f55\u857e","case_num":"10","yuyue_num":"1","mobile":"15166128873","sjs":"\u8bbe\u8ba1\u5e08","photo":["http:\/\/music.shulailo.cn\/attachs\/photo\/201708\/20170810_1674DA169B058EA4F8FDEF36B6A8A4CC.jpg","http:\/\/music.shulailo.cn\/attachs\/photo\/201708\/20170810_5F74769062B07DCE9A1CFD468756E4FB.jpg","http:\/\/music.shulailo.cn\/attachs\/photo\/201708\/20170810_E251AD76100966F2CE414DD4F73605CA.jpg"],"logo":"http:\/\/music.shulailo.cn\/attachs\/face\/face.jpg"},{"uid":"121","name":"\u674e\u6797\u9896","case_num":"5","yuyue_num":"0","mobile":"18863165330","sjs":"\u8bbe\u8ba1\u5e08","photo":["http:\/\/music.shulailo.cn\/attachs\/photo\/201708\/20170811_94E46EC62240771E5E000121AD819551.png","http:\/\/music.shulailo.cn\/attachs\/photo\/201708\/20170811_501E7350323B781FC9A906ACF45AEF66.png","http:\/\/music.shulailo.cn\/attachs\/photo\/201708\/20170810_66831D7F99A7DC4A71E03C064128F0A6.png"],"logo":"http:\/\/music.shulailo.cn\/attachs\/face\/4C5\/180\/4C56FF4CE4AAF9573AA5DFF913DF997A.jpg"},{"uid":"122","name":"\u5b59\u8bb8\u5149","case_num":"17","yuyue_num":"0","mobile":"13721933099","sjs":"\u8bbe\u8ba1\u5e08","photo":["http:\/\/music.shulailo.cn\/attachs\/photo\/201708\/20170825_900DD5A44B7458CE7A914E7A853CEF5E.jpg","http:\/\/music.shulailo.cn\/attachs\/photo\/201708\/20170825_1BCE67AA001118EED20A3855ABD4BEA4.jpg","http:\/\/music.shulailo.cn\/attachs\/photo\/201708\/20170825_C1017CC4EDB6B260D8E5AF40ADAA308E.jpg"],"logo":"http:\/\/music.shulailo.cn\/attachs\/face\/face.jpg"},{"uid":"117","name":"\u4e8e\u677e\u4e3d","case_num":"4","yuyue_num":"0","mobile":"15106316655","sjs":"\u8bbe\u8ba1\u5e08","photo":["http:\/\/music.shulailo.cn\/attachs\/photo\/201708\/20170811_99C946C915B7FE9535654553AC84CF4A.jpg","http:\/\/music.shulailo.cn\/attachs\/photo\/201708\/20170811_39EB60247444D6B7508B63BFDCCBEEF6.jpg","http:\/\/music.shulailo.cn\/attachs\/photo\/201708\/20170811_B1224B15159876AFAA476066A0780022.jpg"],"logo":"http:\/\/music.shulailo.cn\/attachs\/face\/face.jpg"}]
DEBUG: [ Jiechengkeji ] [ 16:15:50 ] [ result ]{"msg":"\u6570\u636e\u83b7\u53d6\u6210\u529f","code":0,"data":{"result":[{"uid":"119","name":"\u4f55\u857e","case_num":"10","yuyue_num":"1","mobile":"15166128873","sjs":"\u8bbe\u8ba1\u5e08","photo":["http:\/\/music.shulailo.cn\/attachs\/photo\/201708\/20170810_1674DA169B058EA4F8FDEF36B6A8A4CC.jpg","http:\/\/music.shulailo.cn\/attachs\/photo\/201708\/20170810_5F74769062B07DCE9A1CFD468756E4FB.jpg","http:\/\/music.shulailo.cn\/attachs\/photo\/201708\/20170810_E251AD76100966F2CE414DD4F73605CA.jpg"],"logo":"http:\/\/music.shulailo.cn\/attachs\/face\/face.jpg"},{"uid":"121","name":"\u674e\u6797\u9896","case_num":"5","yuyue_num":"0","mobile":"18863165330","sjs":"\u8bbe\u8ba1\u5e08","photo":["http:\/\/music.shulailo.cn\/attachs\/photo\/201708\/20170811_94E46EC62240771E5E000121AD819551.png","http:\/\/music.shulailo.cn\/attachs\/photo\/201708\/20170811_501E7350323B781FC9A906ACF45AEF66.png","http:\/\/music.shulailo.cn\/attachs\/photo\/201708\/20170810_66831D7F99A7DC4A71E03C064128F0A6.png"],"logo":"http:\/\/music.shulailo.cn\/attachs\/face\/4C5\/180\/4C56FF4CE4AAF9573AA5DFF913DF997A.jpg"},{"uid":"122","name":"\u5b59\u8bb8\u5149","case_num":"17","yuyue_num":"0","mobile":"13721933099","sjs":"\u8bbe\u8ba1\u5e08","photo":["http:\/\/music.shulailo.cn\/attachs\/photo\/201708\/20170825_900DD5A44B7458CE7A914E7A853CEF5E.jpg","http:\/\/music.shulailo.cn\/attachs\/photo\/201708\/20170825_1BCE67AA001118EED20A3855ABD4BEA4.jpg","http:\/\/music.shulailo.cn\/attachs\/photo\/201708\/20170825_C1017CC4EDB6B260D8E5AF40ADAA308E.jpg"],"logo":"http:\/\/music.shulailo.cn\/attachs\/face\/face.jpg"},{"uid":"117","name":"\u4e8e\u677e\u4e3d","case_num":"4","yuyue_num":"0","mobile":"15106316655","sjs":"\u8bbe\u8ba1\u5e08","photo":["http:\/\/music.shulailo.cn\/attachs\/photo\/201708\/20170811_99C946C915B7FE9535654553AC84CF4A.jpg","http:\/\/music.shulailo.cn\/attachs\/photo\/201708\/20170811_39EB60247444D6B7508B63BFDCCBEEF6.jpg","http:\/\/music.shulailo.cn\/attachs\/photo\/201708\/20170811_B1224B15159876AFAA476066A0780022.jpg"],"logo":"http:\/\/music.shulailo.cn\/attachs\/face\/face.jpg"}],"pageTotal":4,"pageCurrent":1,"recordTotal":1}}

[ 2018-01-20T16:16:12+08:00 ] 127.0.0.1 /index.php/Admin/Designer/Designer
INFO: [ app_init ] --START--
INFO: Run Behavior\BuildLiteBehavior [ RunTime:0.001000s ]
INFO: [ app_init ] --END-- [ RunTime:0.003000s ]
INFO: [ app_begin ] --START--
INFO: Run Behavior\ReadHtmlCacheBehavior [ RunTime:0.002000s ]
INFO: [ app_begin ] --END-- [ RunTime:0.004000s ]
DEBUG: [ Jiechengkeji ] [ 16:16:12 ] [ _initialize ]BaseController
DEBUG: [ Jiechengkeji ] [ 16:16:12 ] [ _initialized ]AuthController
DEBUG: [ Jiechengkeji ] [ 16:16:12 ] [ __construct ]BaseDAO
SQL: SELECT
	*
FROM
	cy_data_area
WHERE 
area_name=''
	                 [ RunTime:0.0010s ]
NOTIC: [8] Undefined offset: 0 D:\bewin.WhjzProject.com\Application\Admin\Service\DesignerService.class.php 第 58 行.
SQL: SELECT 
	                  	uid,
	                   name,
	                  case_num,
	                  yuyue_num,
	                   mobile,
	                  (
		                CASE 1
		               WHEN '1' THEN
			           '设计师'
		                ELSE
			           '其他'
		               END
                         	) sjs
                       FROM
	                     cy_designer
                           WHERE 1=1  AND  
                                  uid IN (
	                          SELECT
		                            uid
	                          FROM
		                            cy_designer_attr
	                          WHERE
		                             attr_id in (
		               	     SELECT
			                          attr_id
			                   FROM
				                       cy_data_attr_value
			                   WHERE
			              	         title = '0-1年'
		                         )
	                          AND 
	                                  attr_value_id in (
	                	         SELECT
		                  	           attr_value_id
		                       FROM
			                             cy_data_attr_value
		                       WHERE
			                           title = '0-1年'
	                             ) ) and closed = '0' and audit = '1'
	                    LIMIT 0,10 [ RunTime:0.0020s ]
SQL: SELECT 
	                 count(*) AS pageTotal
                     FROM
	                cy_designer
                         WHERE 1=1  AND  
                                  uid IN (
	                          SELECT
		                            uid
	                          FROM
		                            cy_designer_attr
	                          WHERE
		                             attr_id in (
		               	     SELECT
			                          attr_id
			                   FROM
				                       cy_data_attr_value
			                   WHERE
			              	         title = '0-1年'
		                         )
	                          AND 
	                                  attr_value_id in (
	                	         SELECT
		                  	           attr_value_id
		                       FROM
			                             cy_data_attr_value
		                       WHERE
			                           title = '0-1年'
	                             ) ) and closed = '0' and audit = '1' [ RunTime:0.0010s ]
DEBUG: [ Jiechengkeji ] [ 16:16:12 ] [ result ][]
DEBUG: [ Jiechengkeji ] [ 16:16:12 ] [ result ]{"msg":"\u6570\u636e\u83b7\u53d6\u6210\u529f","code":1,"data":{"result":[],"pageTotal":0,"pageCurrent":1,"recordTotal":0}}

[ 2018-01-20T16:16:24+08:00 ] 127.0.0.1 /index.php/Admin/Designer/Designer
INFO: [ app_init ] --START--
INFO: Run Behavior\BuildLiteBehavior [ RunTime:0.000000s ]
INFO: [ app_init ] --END-- [ RunTime:0.004000s ]
INFO: [ app_begin ] --START--
INFO: Run Behavior\ReadHtmlCacheBehavior [ RunTime:0.002000s ]
INFO: [ app_begin ] --END-- [ RunTime:0.004000s ]
DEBUG: [ Jiechengkeji ] [ 16:16:24 ] [ _initialize ]BaseController
DEBUG: [ Jiechengkeji ] [ 16:16:24 ] [ _initialized ]AuthController
DEBUG: [ Jiechengkeji ] [ 16:16:24 ] [ __construct ]BaseDAO
SQL: SELECT
	*
FROM
	cy_data_area
WHERE 
area_name=''
	                 [ RunTime:0.0010s ]
NOTIC: [8] Undefined offset: 0 D:\bewin.WhjzProject.com\Application\Admin\Service\DesignerService.class.php 第 58 行.
SQL: SELECT 
	                  	uid,
	                   name,
	                  case_num,
	                  yuyue_num,
	                   mobile,
	                  (
		                CASE 1
		               WHEN '1' THEN
			           '设计师'
		                ELSE
			           '其他'
		               END
                         	) sjs
                       FROM
	                     cy_designer
                           WHERE 1=1  AND  
                                  uid IN (
	                          SELECT
		                            uid
	                          FROM
		                            cy_designer_attr
	                          WHERE
		                             attr_id in (
		               	     SELECT
			                          attr_id
			                   FROM
				                       cy_data_attr_value
			                   WHERE
			              	         title = '0-1年'
		                         )
	                          AND 
	                                  attr_value_id in (
	                	         SELECT
		                  	           attr_value_id
		                       FROM
			                             cy_data_attr_value
		                       WHERE
			                           title = '0-1年'
	                             ) ) and closed = '0' and audit = '1'
	                    LIMIT 0,10 [ RunTime:0.0010s ]
SQL: SELECT 
	                 count(*) AS pageTotal
                     FROM
	                cy_designer
                         WHERE 1=1  AND  
                                  uid IN (
	                          SELECT
		                            uid
	                          FROM
		                            cy_designer_attr
	                          WHERE
		                             attr_id in (
		               	     SELECT
			                          attr_id
			                   FROM
				                       cy_data_attr_value
			                   WHERE
			              	         title = '0-1年'
		                         )
	                          AND 
	                                  attr_value_id in (
	                	         SELECT
		                  	           attr_value_id
		                       FROM
			                             cy_data_attr_value
		                       WHERE
			                           title = '0-1年'
	                             ) ) and closed = '0' and audit = '1' [ RunTime:0.0020s ]
DEBUG: [ Jiechengkeji ] [ 16:16:24 ] [ result ][]
DEBUG: [ Jiechengkeji ] [ 16:16:24 ] [ result ]{"msg":"\u6570\u636e\u83b7\u53d6\u6210\u529f","code":1,"data":{"result":[],"pageTotal":0,"pageCurrent":1,"recordTotal":0}}

[ 2018-01-20T16:17:05+08:00 ] 127.0.0.1 /index.php/Admin/Designer/Designer
INFO: [ app_init ] --START--
INFO: Run Behavior\BuildLiteBehavior [ RunTime:0.001000s ]
INFO: [ app_init ] --END-- [ RunTime:0.003000s ]
INFO: [ app_begin ] --START--
INFO: Run Behavior\ReadHtmlCacheBehavior [ RunTime:0.001000s ]
INFO: [ app_begin ] --END-- [ RunTime:0.004000s ]
DEBUG: [ Jiechengkeji ] [ 16:16:31 ] [ _initialize ]BaseController
DEBUG: [ Jiechengkeji ] [ 16:16:31 ] [ _initialized ]AuthController
DEBUG: [ Jiechengkeji ] [ 16:16:31 ] [ __construct ]BaseDAO
SQL: SELECT
	*
FROM
	cy_data_area
WHERE 
area_name=''
	                 [ RunTime:0.0010s ]
NOTIC: [8] Undefined offset: 0 D:\bewin.WhjzProject.com\Application\Admin\Service\DesignerService.class.php 第 58 行.
SQL: SELECT 
	                  	uid,
	                   name,
	                  case_num,
	                  yuyue_num,
	                   mobile,
	                  (
		                CASE 1
		               WHEN '1' THEN
			           '设计师'
		                ELSE
			           '其他'
		               END
                         	) sjs
                       FROM
	                     cy_designer
                           WHERE 1=1  AND  
                                  uid IN (
	                          SELECT
		                            uid
	                          FROM
		                            cy_designer_attr
	                          WHERE
		                             attr_id in (
		               	     SELECT
			                          attr_id
			                   FROM
				                       cy_data_attr_value
			                   WHERE
			              	         title = '0-1年'
		                         )
	                          AND 
	                                  attr_value_id in (
	                	         SELECT
		                  	           attr_value_id
		                       FROM
			                             cy_data_attr_value
		                       WHERE
			                           title = '0-1年'
	                             ) ) and closed = '0' and audit = '1'
	                    LIMIT 0,10 [ RunTime:0.0020s ]
SQL: SELECT 
	                 count(*) AS pageTotal
                     FROM
	                cy_designer
                         WHERE 1=1  AND  
                                  uid IN (
	                          SELECT
		                            uid
	                          FROM
		                            cy_designer_attr
	                          WHERE
		                             attr_id in (
		               	     SELECT
			                          attr_id
			                   FROM
				                       cy_data_attr_value
			                   WHERE
			              	         title = '0-1年'
		                         )
	                          AND 
	                                  attr_value_id in (
	                	         SELECT
		                  	           attr_value_id
		                       FROM
			                             cy_data_attr_value
		                       WHERE
			                           title = '0-1年'
	                             ) ) and closed = '0' and audit = '1' [ RunTime:0.0010s ]
DEBUG: [ Jiechengkeji ] [ 16:17:05 ] [ result ][]
DEBUG: [ Jiechengkeji ] [ 16:17:05 ] [ result ]{"msg":"\u6570\u636e\u83b7\u53d6\u6210\u529f","code":1,"data":{"result":[],"pageTotal":0,"pageCurrent":1,"recordTotal":0}}

[ 2018-01-20T16:18:58+08:00 ] 127.0.0.1 /index.php/Admin/Designer/Designer
INFO: [ app_init ] --START--
INFO: Run Behavior\BuildLiteBehavior [ RunTime:0.001001s ]
INFO: [ app_init ] --END-- [ RunTime:0.003001s ]
INFO: [ app_begin ] --START--
INFO: Run Behavior\ReadHtmlCacheBehavior [ RunTime:0.002000s ]
INFO: [ app_begin ] --END-- [ RunTime:0.004000s ]
DEBUG: [ Jiechengkeji ] [ 16:17:10 ] [ _initialize ]BaseController
DEBUG: [ Jiechengkeji ] [ 16:17:10 ] [ _initialized ]AuthController
DEBUG: [ Jiechengkeji ] [ 16:17:10 ] [ __construct ]BaseDAO
SQL: SELECT
	*
FROM
	cy_data_area
WHERE 
area_name=''
	                 [ RunTime:0.0010s ]
NOTIC: [8] Undefined offset: 0 D:\bewin.WhjzProject.com\Application\Admin\Service\DesignerService.class.php 第 58 行.
SQL: SELECT 
	                  	uid,
	                   name,
	                  case_num,
	                  yuyue_num,
	                   mobile,
	                  (
		                CASE 1
		               WHEN '1' THEN
			           '设计师'
		                ELSE
			           '其他'
		               END
                         	) sjs
                       FROM
	                     cy_designer
                           WHERE 1=1  AND  
                                  uid IN (
	                          SELECT
		                            uid
	                          FROM
		                            cy_designer_attr
	                          WHERE
		                             attr_id in (
		               	     SELECT
			                          attr_id
			                   FROM
				                       cy_data_attr_value
			                   WHERE
			              	         title = '0-1年'
		                         )
	                          AND 
	                                  attr_value_id in (
	                	         SELECT
		                  	           attr_value_id
		                       FROM
			                             cy_data_attr_value
		                       WHERE
			                           title = '0-1年'
	                             ) ) and closed = '0' and audit = '1'
	                    LIMIT 0,10 [ RunTime:0.0020s ]
SQL: SELECT 
	                 count(*) AS pageTotal
                     FROM
	                cy_designer
                         WHERE 1=1  AND  
                                  uid IN (
	                          SELECT
		                            uid
	                          FROM
		                            cy_designer_attr
	                          WHERE
		                             attr_id in (
		               	     SELECT
			                          attr_id
			                   FROM
				                       cy_data_attr_value
			                   WHERE
			              	         title = '0-1年'
		                         )
	                          AND 
	                                  attr_value_id in (
	                	         SELECT
		                  	           attr_value_id
		                       FROM
			                             cy_data_attr_value
		                       WHERE
			                           title = '0-1年'
	                             ) ) and closed = '0' and audit = '1' [ RunTime:0.0010s ]
DEBUG: [ Jiechengkeji ] [ 16:18:58 ] [ result ][]
DEBUG: [ Jiechengkeji ] [ 16:18:58 ] [ result ]{"msg":"\u6570\u636e\u83b7\u53d6\u6210\u529f","code":1,"data":{"result":[],"pageTotal":0,"pageCurrent":1,"recordTotal":0}}

[ 2018-01-20T16:24:01+08:00 ] 127.0.0.1 /index.php/Admin/Designer/Designer
INFO: [ app_init ] --START--
INFO: Run Behavior\BuildLiteBehavior [ RunTime:0.000000s ]
INFO: [ app_init ] --END-- [ RunTime:0.004000s ]
INFO: [ app_begin ] --START--
INFO: Run Behavior\ReadHtmlCacheBehavior [ RunTime:0.002000s ]
INFO: [ app_begin ] --END-- [ RunTime:0.004000s ]
DEBUG: [ Jiechengkeji ] [ 16:19:02 ] [ _initialize ]BaseController
DEBUG: [ Jiechengkeji ] [ 16:19:02 ] [ _initialized ]AuthController
DEBUG: [ Jiechengkeji ] [ 16:19:02 ] [ __construct ]BaseDAO
SQL: SELECT
	*
FROM
	cy_data_area
WHERE 
area_name=''
	                 [ RunTime:0.0000s ]
NOTIC: [8] Undefined offset: 0 D:\bewin.WhjzProject.com\Application\Admin\Service\DesignerService.class.php 第 58 行.

[ 2018-01-20T16:36:07+08:00 ] 127.0.0.1 /?XDEBUG_SESSION_START=17572
INFO: [ app_init ] --START--
INFO: Run Behavior\BuildLiteBehavior [ RunTime:0.000000s ]
INFO: [ app_init ] --END-- [ RunTime:0.004000s ]
INFO: [ app_begin ] --START--
INFO: Run Behavior\ReadHtmlCacheBehavior [ RunTime:0.002000s ]
INFO: [ app_begin ] --END-- [ RunTime:0.005000s ]
DEBUG: [ Jiechengkeji ] [ 16:36:06 ] [ _initialize ]BaseController
DEBUG: [ Jiechengkeji ] [ 16:36:06 ] [ _initialized ]AuthController
DEBUG: [ Jiechengkeji ] [ 16:36:07 ] [ __construct ]BaseDAO
INFO: [ view_parse ] --START--
INFO: [ template_filter ] --START--
INFO: Run Behavior\ContentReplaceBehavior [ RunTime:0.004001s ]
INFO: [ template_filter ] --END-- [ RunTime:0.006001s ]
INFO: Run Behavior\ParseTemplateBehavior [ RunTime:0.061004s ]
INFO: [ view_parse ] --END-- [ RunTime:0.072004s ]
INFO: [ view_filter ] --START--
INFO: Run Behavior\WriteHtmlCacheBehavior [ RunTime:0.006001s ]
INFO: [ view_filter ] --END-- [ RunTime:0.008001s ]
INFO: [ app_end ] --START--
INFO: Run Behavior\ShowPageTraceBehavior [ RunTime:0.004000s ]
INFO: [ app_end ] --END-- [ RunTime:0.006000s ]

[ 2018-01-20T16:38:33+08:00 ] 127.0.0.1 /index.php/Admin/Compay/setFitment
INFO: [ app_init ] --START--
INFO: Run Behavior\BuildLiteBehavior [ RunTime:0.000000s ]
INFO: [ app_init ] --END-- [ RunTime:0.004000s ]
INFO: [ app_begin ] --START--
INFO: Run Behavior\ReadHtmlCacheBehavior [ RunTime:0.002000s ]
INFO: [ app_begin ] --END-- [ RunTime:0.005000s ]
DEBUG: [ Jiechengkeji ] [ 16:37:10 ] [ _initialize ]BaseController
DEBUG: [ Jiechengkeji ] [ 16:37:10 ] [ _initialized ]AuthController
DEBUG: [ Jiechengkeji ] [ 16:37:10 ] [ __construct ]BaseDAO
NOTIC: [8] Undefined variable: area_name D:\bewin.WhjzProject.com\Application\Admin\Controller\CompayController.class.php 第 89 行.
SQL: SELECT
	                    *
                      FROM
	                cy_data_area
	                  WHERE  area_name=''
	                 [ RunTime:0.0010s ]
NOTIC: [8] Undefined offset: 0 D:\bewin.WhjzProject.com\Application\Admin\Service\CompayService.class.php 第 57 行.
SQL: SELECT 
                     comments,
                     score,
	                 case_num,
	                 tenders_num,
	                 yuyue_num,
	                 name,
                     addr,
                     logo,
                     phone
                     FROM
	                cy_company 
                         WHERE 1=1  AND 
                        company_id 
                         IN (
	                 SELECT
		                  company_id
	                 FROM
		                   cy_company_attr
	                 WHERE
		                   attr_id in (
			          SELECT
				             attr_id
			          FROM
				             cy_data_attr_value
			          WHERE
				              title = '500万元以上'
	                  	)
	                 AND 
	                       attr_value_id in (
		              SELECT
			                 attr_value_id
		              FROM
			                 cy_data_attr_value
		              WHERE
		                  	title = '500万元以上')) and closed = '0' and audit = '1'
	                 LIMIT 0,10 [ RunTime:0.0020s ]
SQL: SELECT 
	                  count(*) AS pageTotal
                     FROM
	                cy_company
                         WHERE 1=1  AND 
                        company_id 
                         IN (
	                 SELECT
		                  company_id
	                 FROM
		                   cy_company_attr
	                 WHERE
		                   attr_id in (
			          SELECT
				             attr_id
			          FROM
				             cy_data_attr_value
			          WHERE
				              title = '500万元以上'
	                  	)
	                 AND 
	                       attr_value_id in (
		              SELECT
			                 attr_value_id
		              FROM
			                 cy_data_attr_value
		              WHERE
		                  	title = '500万元以上')) and closed = '' and audit = '0' [ RunTime:0.0010s ]
DEBUG: [ Jiechengkeji ] [ 16:38:33 ] [ result ][]
DEBUG: [ Jiechengkeji ] [ 16:38:33 ] [ result ]{"msg":"\u6570\u636e\u83b7\u53d6\u6210\u529f","code":1,"data":{"result":[],"pageTotal":0,"pageCurrent":1,"recordTotal":0}}

[ 2018-01-20T17:04:52+08:00 ] 127.0.0.1 /?XDEBUG_SESSION_START=11416
INFO: [ app_init ] --START--
INFO: Run Behavior\BuildLiteBehavior [ RunTime:0.000000s ]
INFO: [ app_init ] --END-- [ RunTime:0.004000s ]
INFO: [ app_begin ] --START--
INFO: Run Behavior\ReadHtmlCacheBehavior [ RunTime:0.003000s ]
INFO: [ app_begin ] --END-- [ RunTime:0.005000s ]
DEBUG: [ Jiechengkeji ] [ 17:04:52 ] [ _initialize ]BaseController
DEBUG: [ Jiechengkeji ] [ 17:04:52 ] [ _initialized ]AuthController
DEBUG: [ Jiechengkeji ] [ 17:04:52 ] [ __construct ]BaseDAO
INFO: [ view_parse ] --START--
INFO: [ template_filter ] --START--
INFO: Run Behavior\ContentReplaceBehavior [ RunTime:0.001000s ]
INFO: [ template_filter ] --END-- [ RunTime:0.003000s ]
INFO: Run Behavior\ParseTemplateBehavior [ RunTime:0.030002s ]
INFO: [ view_parse ] --END-- [ RunTime:0.032002s ]
INFO: [ view_filter ] --START--
INFO: Run Behavior\WriteHtmlCacheBehavior [ RunTime:0.002000s ]
INFO: [ view_filter ] --END-- [ RunTime:0.004001s ]
INFO: [ app_end ] --START--
INFO: Run Behavior\ShowPageTraceBehavior [ RunTime:0.002000s ]
INFO: [ app_end ] --END-- [ RunTime:0.005000s ]

[ 2018-01-20T17:05:01+08:00 ] 127.0.0.1 /index.php/Admin/Umember/Umember
INFO: [ app_init ] --START--
INFO: Run Behavior\BuildLiteBehavior [ RunTime:0.000000s ]
INFO: [ app_init ] --END-- [ RunTime:0.003000s ]
INFO: [ app_begin ] --START--
INFO: Run Behavior\ReadHtmlCacheBehavior [ RunTime:0.002000s ]
INFO: [ app_begin ] --END-- [ RunTime:0.004000s ]
DEBUG: [ Jiechengkeji ] [ 17:04:57 ] [ _initialize ]BaseController
DEBUG: [ Jiechengkeji ] [ 17:04:57 ] [ _initialized ]AuthController
DEBUG: [ Jiechengkeji ] [ 17:04:57 ] [ __construct ]BaseDAO
NOTIC: [8] Undefined index: user D:\bewin.WhjzProject.com\Application\Admin\Service\UmemberService.class.php 第 25 行.
SQL: SELECT
	a.uname,
    a.face,
	(
		CASE a.FROM

		WHEN 'member' THEN
			'家装助手会员'
		WHEN 'designer' THEN
			'家装助手设计师'
		WHEN 'company' THEN
			'家装助手装修公司'
		WHEN 'shop' THEN
			'家装助手建材商家'
		WHEN 'mechanic' THEN
			'家装助手装修工人'
		END
	)  name
    FROM
	cy_member a
	WHERE 
	   uname=''; [ RunTime:0.0010s ]
NOTIC: [2] Invalid argument supplied for foreach() D:\bewin.WhjzProject.com\Application\Admin\Service\UmemberService.class.php 第 36 行.
DEBUG: [ Jiechengkeji ] [ 17:05:01 ] [ result ]0
DEBUG: [ Jiechengkeji ] [ 17:05:01 ] [ result ]{"msg":"\u6570\u636e\u83b7\u53d6\u6210\u529f","code":0,"data":[]}

[ 2018-01-20T17:05:09+08:00 ] 127.0.0.1 /index.php/Admin/Umember/Umember
INFO: [ app_init ] --START--
INFO: Run Behavior\BuildLiteBehavior [ RunTime:0.001000s ]
INFO: [ app_init ] --END-- [ RunTime:0.003000s ]
INFO: [ app_begin ] --START--
INFO: Run Behavior\ReadHtmlCacheBehavior [ RunTime:0.002000s ]
INFO: [ app_begin ] --END-- [ RunTime:0.004001s ]
DEBUG: [ Jiechengkeji ] [ 17:05:09 ] [ _initialize ]BaseController
DEBUG: [ Jiechengkeji ] [ 17:05:09 ] [ _initialized ]AuthController
DEBUG: [ Jiechengkeji ] [ 17:05:09 ] [ __construct ]BaseDAO
NOTIC: [8] Undefined index: user D:\bewin.WhjzProject.com\Application\Admin\Service\UmemberService.class.php 第 25 行.
SQL: SELECT
	a.uname,
    a.face,
	(
		CASE a.FROM

		WHEN 'member' THEN
			'家装助手会员'
		WHEN 'designer' THEN
			'家装助手设计师'
		WHEN 'company' THEN
			'家装助手装修公司'
		WHEN 'shop' THEN
			'家装助手建材商家'
		WHEN 'mechanic' THEN
			'家装助手装修工人'
		END
	)  name
    FROM
	cy_member a
	WHERE 
	   uname=''; [ RunTime:0.0000s ]
NOTIC: [2] Invalid argument supplied for foreach() D:\bewin.WhjzProject.com\Application\Admin\Service\UmemberService.class.php 第 36 行.
DEBUG: [ Jiechengkeji ] [ 17:05:09 ] [ result ]0
DEBUG: [ Jiechengkeji ] [ 17:05:09 ] [ result ]{"msg":"\u6570\u636e\u83b7\u53d6\u6210\u529f","code":0,"data":[]}

[ 2018-01-20T17:05:56+08:00 ] 127.0.0.1 /index.php/Admin/Umember/Umember
INFO: [ app_init ] --START--
INFO: Run Behavior\BuildLiteBehavior [ RunTime:0.001000s ]
INFO: [ app_init ] --END-- [ RunTime:0.003000s ]
INFO: [ app_begin ] --START--
INFO: Run Behavior\ReadHtmlCacheBehavior [ RunTime:0.002000s ]
INFO: [ app_begin ] --END-- [ RunTime:0.004000s ]
DEBUG: [ Jiechengkeji ] [ 17:05:56 ] [ _initialize ]BaseController
DEBUG: [ Jiechengkeji ] [ 17:05:56 ] [ _initialized ]AuthController
DEBUG: [ Jiechengkeji ] [ 17:05:56 ] [ __construct ]BaseDAO
NOTIC: [8] Undefined index: user D:\bewin.WhjzProject.com\Application\Admin\Service\UmemberService.class.php 第 25 行.
SQL: SELECT
	a.uname,
    a.face,
	(
		CASE a.FROM

		WHEN 'member' THEN
			'家装助手会员'
		WHEN 'designer' THEN
			'家装助手设计师'
		WHEN 'company' THEN
			'家装助手装修公司'
		WHEN 'shop' THEN
			'家装助手建材商家'
		WHEN 'mechanic' THEN
			'家装助手装修工人'
		END
	)  name
    FROM
	cy_member a
	WHERE 
	   uname=''; [ RunTime:0.0000s ]
NOTIC: [2] Invalid argument supplied for foreach() D:\bewin.WhjzProject.com\Application\Admin\Service\UmemberService.class.php 第 36 行.
DEBUG: [ Jiechengkeji ] [ 17:05:56 ] [ result ]0
DEBUG: [ Jiechengkeji ] [ 17:05:56 ] [ result ]{"msg":"\u6570\u636e\u83b7\u53d6\u6210\u529f","code":0,"data":[]}

[ 2018-01-20T17:06:48+08:00 ] 127.0.0.1 /?XDEBUG_SESSION_START=13913
INFO: [ app_init ] --START--
INFO: Run Behavior\BuildLiteBehavior [ RunTime:0.001000s ]
INFO: [ app_init ] --END-- [ RunTime:0.003000s ]
INFO: [ app_begin ] --START--
INFO: Run Behavior\ReadHtmlCacheBehavior [ RunTime:0.002000s ]
INFO: [ app_begin ] --END-- [ RunTime:0.004000s ]
DEBUG: [ Jiechengkeji ] [ 17:06:48 ] [ _initialize ]BaseController
DEBUG: [ Jiechengkeji ] [ 17:06:48 ] [ _initialized ]AuthController
DEBUG: [ Jiechengkeji ] [ 17:06:48 ] [ __construct ]BaseDAO
INFO: [ view_parse ] --START--
INFO: [ template_filter ] --START--
INFO: Run Behavior\ContentReplaceBehavior [ RunTime:0.001000s ]
INFO: [ template_filter ] --END-- [ RunTime:0.004000s ]
INFO: Run Behavior\ParseTemplateBehavior [ RunTime:0.030001s ]
INFO: [ view_parse ] --END-- [ RunTime:0.032002s ]
INFO: [ view_filter ] --START--
INFO: Run Behavior\WriteHtmlCacheBehavior [ RunTime:0.002001s ]
INFO: [ view_filter ] --END-- [ RunTime:0.005001s ]
INFO: [ app_end ] --START--
INFO: Run Behavior\ShowPageTraceBehavior [ RunTime:0.002000s ]
INFO: [ app_end ] --END-- [ RunTime:0.004000s ]

[ 2018-01-20T17:06:56+08:00 ] 127.0.0.1 /index.php/Admin/Umember/Umember
INFO: [ app_init ] --START--
INFO: Run Behavior\BuildLiteBehavior [ RunTime:0.000000s ]
INFO: [ app_init ] --END-- [ RunTime:0.003001s ]
INFO: [ app_begin ] --START--
INFO: Run Behavior\ReadHtmlCacheBehavior [ RunTime:0.002000s ]
INFO: [ app_begin ] --END-- [ RunTime:0.004000s ]
DEBUG: [ Jiechengkeji ] [ 17:06:52 ] [ _initialize ]BaseController
DEBUG: [ Jiechengkeji ] [ 17:06:52 ] [ _initialized ]AuthController
DEBUG: [ Jiechengkeji ] [ 17:06:52 ] [ __construct ]BaseDAO
NOTIC: [8] Undefined index: user D:\bewin.WhjzProject.com\Application\Admin\Service\UmemberService.class.php 第 25 行.
SQL: SELECT
	a.uname,
    a.face,
	(
		CASE a.FROM

		WHEN 'member' THEN
			'家装助手会员'
		WHEN 'designer' THEN
			'家装助手设计师'
		WHEN 'company' THEN
			'家装助手装修公司'
		WHEN 'shop' THEN
			'家装助手建材商家'
		WHEN 'mechanic' THEN
			'家装助手装修工人'
		END
	)  name
    FROM
	cy_member a
	WHERE 
	   uname=''; [ RunTime:0.0010s ]
NOTIC: [2] Invalid argument supplied for foreach() D:\bewin.WhjzProject.com\Application\Admin\Service\UmemberService.class.php 第 36 行.
DEBUG: [ Jiechengkeji ] [ 17:06:55 ] [ result ]0
DEBUG: [ Jiechengkeji ] [ 17:06:56 ] [ result ]{"msg":"\u6570\u636e\u83b7\u53d6\u6210\u529f","code":0,"data":[]}

[ 2018-01-20T17:16:43+08:00 ] 127.0.0.1 /index.php/Admin/Designer/Designer
INFO: [ app_init ] --START--
INFO: Run Behavior\BuildLiteBehavior [ RunTime:0.001000s ]
INFO: [ app_init ] --END-- [ RunTime:0.004000s ]
INFO: [ app_begin ] --START--
INFO: Run Behavior\ReadHtmlCacheBehavior [ RunTime:0.002001s ]
INFO: [ app_begin ] --END-- [ RunTime:0.004001s ]
DEBUG: [ Jiechengkeji ] [ 17:07:07 ] [ _initialize ]BaseController
DEBUG: [ Jiechengkeji ] [ 17:07:07 ] [ _initialized ]AuthController
DEBUG: [ Jiechengkeji ] [ 17:07:07 ] [ __construct ]BaseDAO
SQL: SELECT
	*
FROM
	cy_data_area
WHERE 
area_name=''
	                 [ RunTime:0.0010s ]
NOTIC: [8] Undefined offset: 0 D:\bewin.WhjzProject.com\Application\Admin\Service\DesignerService.class.php 第 58 行.

