[ 2018-01-06T10:15:14+08:00 ] 127.0.0.1 /?XDEBUG_SESSION_START=16006
INFO: [ app_init ] --START--
INFO: Run Behavior\BuildLiteBehavior [ RunTime:0.000000s ]
INFO: [ app_init ] --END-- [ RunTime:0.003001s ]
INFO: [ app_begin ] --START--
INFO: Run Behavior\ReadHtmlCacheBehavior [ RunTime:0.002000s ]
INFO: [ app_begin ] --END-- [ RunTime:0.004001s ]
DEBUG: [ Jiechengkeji ] [ 10:15:14 ] [ _initialize ]BaseController
DEBUG: [ Jiechengkeji ] [ 10:15:14 ] [ _initialized ]AuthController
DEBUG: [ Jiechengkeji ] [ 10:15:14 ] [ __construct ]BaseDAO
INFO: [ view_parse ] --START--
INFO: [ template_filter ] --START--
INFO: Run Behavior\ContentReplaceBehavior [ RunTime:0.001000s ]
INFO: [ template_filter ] --END-- [ RunTime:0.003000s ]
INFO: Run Behavior\ParseTemplateBehavior [ RunTime:0.041003s ]
INFO: [ view_parse ] --END-- [ RunTime:0.044003s ]
INFO: [ view_filter ] --START--
INFO: Run Behavior\WriteHtmlCacheBehavior [ RunTime:0.002000s ]
INFO: [ view_filter ] --END-- [ RunTime:0.006000s ]
INFO: [ app_end ] --START--
INFO: Run Behavior\ShowPageTraceBehavior [ RunTime:0.003000s ]
INFO: [ app_end ] --END-- [ RunTime:0.005000s ]

[ 2018-01-06T10:15:22+08:00 ] 127.0.0.1 /index.php/Admin/Gs/cy_tophot
INFO: [ app_init ] --START--
INFO: Run Behavior\BuildLiteBehavior [ RunTime:0.000000s ]
INFO: [ app_init ] --END-- [ RunTime:0.003000s ]
INFO: [ app_begin ] --START--
INFO: Run Behavior\ReadHtmlCacheBehavior [ RunTime:0.001000s ]
INFO: [ app_begin ] --END-- [ RunTime:0.003000s ]
DEBUG: [ Jiechengkeji ] [ 10:15:22 ] [ _initialize ]BaseController
DEBUG: [ Jiechengkeji ] [ 10:15:22 ] [ _initialized ]AuthController
DEBUG: [ Jiechengkeji ] [ 10:15:22 ] [ __construct ]BaseDAO
SQL: SELECT
	                     *
                      FROM
	                    cy_tophot
	                  WHERE  
	                    tophot != ''
                      GROUP BY
	                    id DESC
                      LIMIT 0,
                        6 [ RunTime:0.0020s ]
DEBUG: [ Jiechengkeji ] [ 10:15:22 ] [ result ][{"id":"5","tophot":"\u70ed\u641c\u641c\u7d22","createtime":"2018-01-04 09:54:40","updatetime":"2018-01-04 09:54:40"},{"id":"4","tophot":"\u70ed\u641c\u641c\u7d22","createtime":"2018-01-04 09:53:03","updatetime":"2018-01-04 09:53:03"},{"id":"3","tophot":"\u6574\u4f53\u6d4b\u8bd51","createtime":"2017-12-08 14:28:31","updatetime":"2017-12-11 10:47:44"},{"id":"2","tophot":"\u6574\u4f53\u6d4b\u8bd51","createtime":"2017-12-08 14:23:03","updatetime":"2017-12-11 10:47:44"},{"id":"1","tophot":"\u6574\u4f53\u6d4b\u8bd51","createtime":"2017-12-08 14:20:01","updatetime":"2017-12-11 14:18:41"}]
DEBUG: [ Jiechengkeji ] [ 10:15:22 ] [ result ]{"msg":"\u6570\u636e\u83b7\u53d6\u6210\u529f","code":0,"data":[{"id":"5","tophot":"\u70ed\u641c\u641c\u7d22","createtime":"2018-01-04 09:54:40","updatetime":"2018-01-04 09:54:40"},{"id":"4","tophot":"\u70ed\u641c\u641c\u7d22","createtime":"2018-01-04 09:53:03","updatetime":"2018-01-04 09:53:03"},{"id":"3","tophot":"\u6574\u4f53\u6d4b\u8bd51","createtime":"2017-12-08 14:28:31","updatetime":"2017-12-11 10:47:44"},{"id":"2","tophot":"\u6574\u4f53\u6d4b\u8bd51","createtime":"2017-12-08 14:23:03","updatetime":"2017-12-11 10:47:44"},{"id":"1","tophot":"\u6574\u4f53\u6d4b\u8bd51","createtime":"2017-12-08 14:20:01","updatetime":"2017-12-11 14:18:41"}]}

[ 2018-01-06T10:16:06+08:00 ] 127.0.0.1 /index.php/Admin/Tenders/ZaoBiao
INFO: [ app_init ] --START--
INFO: Run Behavior\BuildLiteBehavior [ RunTime:0.000000s ]
INFO: [ app_init ] --END-- [ RunTime:0.003001s ]
INFO: [ app_begin ] --START--
INFO: Run Behavior\ReadHtmlCacheBehavior [ RunTime:0.002000s ]
INFO: [ app_begin ] --END-- [ RunTime:0.010000s ]
DEBUG: [ Jiechengkeji ] [ 10:15:51 ] [ _initialize ]BaseController
DEBUG: [ Jiechengkeji ] [ 10:15:51 ] [ _initialized ]AuthController
DEBUG: [ Jiechengkeji ] [ 10:15:51 ] [ __construct ]BaseDAO

[ 2018-01-06T10:16:08+08:00 ] 127.0.0.1 /?XDEBUG_SESSION_START=13603
INFO: [ app_init ] --START--
INFO: Run Behavior\BuildLiteBehavior [ RunTime:0.001000s ]
INFO: [ app_init ] --END-- [ RunTime:0.006000s ]
INFO: [ app_begin ] --START--
INFO: Run Behavior\ReadHtmlCacheBehavior [ RunTime:0.049003s ]
INFO: [ app_begin ] --END-- [ RunTime:0.051003s ]
DEBUG: [ Jiechengkeji ] [ 10:16:08 ] [ _initialize ]BaseController
DEBUG: [ Jiechengkeji ] [ 10:16:08 ] [ _initialized ]AuthController
DEBUG: [ Jiechengkeji ] [ 10:16:08 ] [ __construct ]BaseDAO
INFO: [ view_parse ] --START--
INFO: [ template_filter ] --START--
INFO: Run Behavior\ContentReplaceBehavior [ RunTime:0.001000s ]
INFO: [ template_filter ] --END-- [ RunTime:0.004000s ]
INFO: Run Behavior\ParseTemplateBehavior [ RunTime:0.046003s ]
INFO: [ view_parse ] --END-- [ RunTime:0.048003s ]
INFO: [ view_filter ] --START--
INFO: Run Behavior\WriteHtmlCacheBehavior [ RunTime:0.002000s ]
INFO: [ view_filter ] --END-- [ RunTime:0.006000s ]
INFO: [ app_end ] --START--
INFO: Run Behavior\ShowPageTraceBehavior [ RunTime:0.002000s ]
INFO: [ app_end ] --END-- [ RunTime:0.004000s ]

[ 2018-01-06T10:16:33+08:00 ] 127.0.0.1 /index.php/Admin/Tenders/ZaoBiao
INFO: [ app_init ] --START--
INFO: Run Behavior\BuildLiteBehavior [ RunTime:0.001000s ]
INFO: [ app_init ] --END-- [ RunTime:0.003000s ]
INFO: [ app_begin ] --START--
INFO: Run Behavior\ReadHtmlCacheBehavior [ RunTime:0.002000s ]
INFO: [ app_begin ] --END-- [ RunTime:0.004000s ]
DEBUG: [ Jiechengkeji ] [ 10:16:12 ] [ _initialize ]BaseController
DEBUG: [ Jiechengkeji ] [ 10:16:12 ] [ _initialized ]AuthController
DEBUG: [ Jiechengkeji ] [ 10:16:12 ] [ __construct ]BaseDAO
NOTIC: [8] Undefined index: COMPUTERNAME D:\bewin.WhjzProject.com\Application\Admin\Service\TendersService.class.php 第 29 行.
SQL: SELECT 
	                 *
                     FROM
	                cy_tenders_setting
	                WHERE 
	                NAME ='5-8万' [ RunTime:0.0830s ]
SQL: SELECT
	                    *
                      FROM
	                cy_data_city
	                  WHERE  city_name='威海市'
	                 [ RunTime:0.0050s ]
SQL: SELECT
	                    *
                      FROM
	                cy_data_area
	                  WHERE  area_name='环翠区'
	                 [ RunTime:0.0020s ]

[ 2018-01-06T10:16:35+08:00 ] 127.0.0.1 /?XDEBUG_SESSION_START=16452
INFO: [ app_init ] --START--
INFO: Run Behavior\BuildLiteBehavior [ RunTime:0.001000s ]
INFO: [ app_init ] --END-- [ RunTime:0.003000s ]
INFO: [ app_begin ] --START--
INFO: Run Behavior\ReadHtmlCacheBehavior [ RunTime:0.002001s ]
INFO: [ app_begin ] --END-- [ RunTime:0.003001s ]
DEBUG: [ Jiechengkeji ] [ 10:16:35 ] [ _initialize ]BaseController
DEBUG: [ Jiechengkeji ] [ 10:16:35 ] [ _initialized ]AuthController
DEBUG: [ Jiechengkeji ] [ 10:16:35 ] [ __construct ]BaseDAO
INFO: [ view_parse ] --START--
INFO: [ template_filter ] --START--
INFO: Run Behavior\ContentReplaceBehavior [ RunTime:0.001000s ]
INFO: [ template_filter ] --END-- [ RunTime:0.003001s ]
INFO: Run Behavior\ParseTemplateBehavior [ RunTime:0.032002s ]
INFO: [ view_parse ] --END-- [ RunTime:0.034002s ]
INFO: [ view_filter ] --START--
INFO: Run Behavior\WriteHtmlCacheBehavior [ RunTime:0.002000s ]
INFO: [ view_filter ] --END-- [ RunTime:0.004000s ]
INFO: [ app_end ] --START--
INFO: Run Behavior\ShowPageTraceBehavior [ RunTime:0.003001s ]
INFO: [ app_end ] --END-- [ RunTime:0.004001s ]

[ 2018-01-06T10:17:13+08:00 ] 127.0.0.1 /index.php/Admin/Tenders/ZaoBiao
INFO: [ app_init ] --START--
INFO: Run Behavior\BuildLiteBehavior [ RunTime:0.001000s ]
INFO: [ app_init ] --END-- [ RunTime:0.003000s ]
INFO: [ app_begin ] --START--
INFO: Run Behavior\ReadHtmlCacheBehavior [ RunTime:0.002000s ]
INFO: [ app_begin ] --END-- [ RunTime:0.004000s ]
DEBUG: [ Jiechengkeji ] [ 10:16:38 ] [ _initialize ]BaseController
DEBUG: [ Jiechengkeji ] [ 10:16:38 ] [ _initialized ]AuthController
DEBUG: [ Jiechengkeji ] [ 10:16:38 ] [ __construct ]BaseDAO
NOTIC: [8] Undefined index: COMPUTERNAME D:\bewin.WhjzProject.com\Application\Admin\Service\TendersService.class.php 第 29 行.
SQL: SELECT 
	                 *
                     FROM
	                cy_tenders_setting
	                WHERE 
	                NAME ='5-8万' [ RunTime:0.0010s ]
SQL: SELECT
	                    *
                      FROM
	                cy_data_city
	                  WHERE  city_name='威海市'
	                 [ RunTime:0.0020s ]
SQL: SELECT
	                    *
                      FROM
	                cy_data_area
	                  WHERE  area_name='环翠区'
	                 [ RunTime:0.0030s ]
SQL: SELECT  last_insert_id()  AS  id [ RunTime:0.0010s ]
DEBUG: [ Jiechengkeji ] [ 10:16:49 ] [ result ][{"id":"0"}]

[ 2018-01-06T10:17:15+08:00 ] 127.0.0.1 /?XDEBUG_SESSION_START=13560
INFO: [ app_init ] --START--
INFO: Run Behavior\BuildLiteBehavior [ RunTime:0.000000s ]
INFO: [ app_init ] --END-- [ RunTime:0.003000s ]
INFO: [ app_begin ] --START--
INFO: Run Behavior\ReadHtmlCacheBehavior [ RunTime:0.002000s ]
INFO: [ app_begin ] --END-- [ RunTime:0.004000s ]
DEBUG: [ Jiechengkeji ] [ 10:17:15 ] [ _initialize ]BaseController
DEBUG: [ Jiechengkeji ] [ 10:17:15 ] [ _initialized ]AuthController
DEBUG: [ Jiechengkeji ] [ 10:17:15 ] [ __construct ]BaseDAO
INFO: [ view_parse ] --START--
INFO: [ template_filter ] --START--
INFO: Run Behavior\ContentReplaceBehavior [ RunTime:0.000000s ]
INFO: [ template_filter ] --END-- [ RunTime:0.003001s ]
INFO: Run Behavior\ParseTemplateBehavior [ RunTime:0.030002s ]
INFO: [ view_parse ] --END-- [ RunTime:0.032002s ]
INFO: [ view_filter ] --START--
INFO: Run Behavior\WriteHtmlCacheBehavior [ RunTime:0.002000s ]
INFO: [ view_filter ] --END-- [ RunTime:0.004000s ]
INFO: [ app_end ] --START--
INFO: Run Behavior\ShowPageTraceBehavior [ RunTime:0.002001s ]
INFO: [ app_end ] --END-- [ RunTime:0.005001s ]

[ 2018-01-06T10:17:50+08:00 ] 127.0.0.1 /index.php/Admin/Tenders/ZaoBiao
INFO: [ app_init ] --START--
INFO: Run Behavior\BuildLiteBehavior [ RunTime:0.000000s ]
INFO: [ app_init ] --END-- [ RunTime:0.003000s ]
INFO: [ app_begin ] --START--
INFO: Run Behavior\ReadHtmlCacheBehavior [ RunTime:0.002000s ]
INFO: [ app_begin ] --END-- [ RunTime:0.004000s ]
DEBUG: [ Jiechengkeji ] [ 10:17:17 ] [ _initialize ]BaseController
DEBUG: [ Jiechengkeji ] [ 10:17:17 ] [ _initialized ]AuthController
DEBUG: [ Jiechengkeji ] [ 10:17:17 ] [ __construct ]BaseDAO
NOTIC: [8] Undefined index: COMPUTERNAME D:\bewin.WhjzProject.com\Application\Admin\Service\TendersService.class.php 第 29 行.
SQL: SELECT 
	                 *
                     FROM
	                cy_tenders_setting
	                WHERE 
	                NAME ='5-8万' [ RunTime:0.0010s ]
SQL: SELECT
	                    *
                      FROM
	                cy_data_city
	                  WHERE  city_name='威海市'
	                 [ RunTime:0.0010s ]
SQL: SELECT
	                    *
                      FROM
	                cy_data_area
	                  WHERE  area_name='环翠区'
	                 [ RunTime:0.0010s ]
SQL: INSERT INTO `cy_tenders` (
	`from`,
	`zxb_id`,
	`city_id`,
	`area_id`,
	`uid`,
	`contact`,
	`mobile`,
	`home_id`,
	`home_name`,
	`way_id`,
	`type_id`,
	`style_id`,
	`budget_id`,
	`service_id`,
	`house_type_id`,
	`house_mj`,
	`huxing`,
	`addr`,
	`comment`,
	`zx_time`,
	`tx_time`,
	`gold`,
	`max_look`,
	`looks`,
	`views`,
	`tracks`,
	`new_track`,
	`sign_uid`,
	`sign_from`,
	`sign_company_id`,
	`sign_info`,
	`sign_time`,
	`status`,
	`remark`,
	`audit`,
	`clientip`,
	`dateline`,
	`allow_looks`
)
VALUES
	(
		'TJC',
		0,
		'7',
		'3',
		0,
		'王海2',
		'18363100063',
		0,
		'上海大公馆',
		0,
		0,
		0,
		'7',
		0,
		0,
		'88',
		'',
		'龙岗区',
		'测试sss',
		0,
		0,
		0,
		3,
		0,
		0,
		0,
		0,
		0,
		'company',
		0,
		'',
		0,
		0,
		'',
		0,
		'192.168.1.58',
		'1515205041',
		NULL
	) [ RunTime:0.0070s ]
SQL: SELECT  last_insert_id()  AS  id [ RunTime:0.0040s ]
DEBUG: [ Jiechengkeji ] [ 10:17:25 ] [ result ][{"id":"14"}]
SQL: INSERT INTO `cy_tenders_attr` (
	                      `attr_id`,
	                      `attr_value_id`
                                      )
                     VALUES
	                             (
		                    '14',
		                    '1'
	                          ) [ RunTime:0.0070s ]

[ 2018-01-06T10:21:00+08:00 ] 127.0.0.1 /?XDEBUG_SESSION_START=16143
INFO: [ app_init ] --START--
INFO: Run Behavior\BuildLiteBehavior [ RunTime:0.001000s ]
INFO: [ app_init ] --END-- [ RunTime:0.003000s ]
INFO: [ app_begin ] --START--
INFO: Run Behavior\ReadHtmlCacheBehavior [ RunTime:0.002000s ]
INFO: [ app_begin ] --END-- [ RunTime:0.004000s ]
DEBUG: [ Jiechengkeji ] [ 10:21:00 ] [ _initialize ]BaseController
DEBUG: [ Jiechengkeji ] [ 10:21:00 ] [ _initialized ]AuthController
DEBUG: [ Jiechengkeji ] [ 10:21:00 ] [ __construct ]BaseDAO
INFO: [ view_parse ] --START--
INFO: [ template_filter ] --START--
INFO: Run Behavior\ContentReplaceBehavior [ RunTime:0.001000s ]
INFO: [ template_filter ] --END-- [ RunTime:0.003000s ]
INFO: Run Behavior\ParseTemplateBehavior [ RunTime:0.031002s ]
INFO: [ view_parse ] --END-- [ RunTime:0.034002s ]
INFO: [ view_filter ] --START--
INFO: Run Behavior\WriteHtmlCacheBehavior [ RunTime:0.003000s ]
INFO: [ view_filter ] --END-- [ RunTime:0.005000s ]
INFO: [ app_end ] --START--
INFO: Run Behavior\ShowPageTraceBehavior [ RunTime:0.002000s ]
INFO: [ app_end ] --END-- [ RunTime:0.004001s ]

[ 2018-01-06T10:21:54+08:00 ] 127.0.0.1 /index.php/Admin/Tenders/ZaoBiao
INFO: [ app_init ] --START--
INFO: Run Behavior\BuildLiteBehavior [ RunTime:0.001000s ]
INFO: [ app_init ] --END-- [ RunTime:0.003000s ]
INFO: [ app_begin ] --START--
INFO: Run Behavior\ReadHtmlCacheBehavior [ RunTime:0.002000s ]
INFO: [ app_begin ] --END-- [ RunTime:0.004000s ]
DEBUG: [ Jiechengkeji ] [ 10:21:04 ] [ _initialize ]BaseController
DEBUG: [ Jiechengkeji ] [ 10:21:04 ] [ _initialized ]AuthController
DEBUG: [ Jiechengkeji ] [ 10:21:04 ] [ __construct ]BaseDAO

[ 2018-01-06T10:21:56+08:00 ] 127.0.0.1 /?XDEBUG_SESSION_START=11327
INFO: [ app_init ] --START--
INFO: Run Behavior\BuildLiteBehavior [ RunTime:0.000000s ]
INFO: [ app_init ] --END-- [ RunTime:0.003000s ]
INFO: [ app_begin ] --START--
INFO: Run Behavior\ReadHtmlCacheBehavior [ RunTime:0.002001s ]
INFO: [ app_begin ] --END-- [ RunTime:0.004001s ]
DEBUG: [ Jiechengkeji ] [ 10:21:56 ] [ _initialize ]BaseController
DEBUG: [ Jiechengkeji ] [ 10:21:56 ] [ _initialized ]AuthController
DEBUG: [ Jiechengkeji ] [ 10:21:56 ] [ __construct ]BaseDAO
INFO: [ view_parse ] --START--
INFO: [ template_filter ] --START--
INFO: Run Behavior\ContentReplaceBehavior [ RunTime:0.002000s ]
INFO: [ template_filter ] --END-- [ RunTime:0.005001s ]
INFO: Run Behavior\ParseTemplateBehavior [ RunTime:0.062004s ]
INFO: [ view_parse ] --END-- [ RunTime:0.064004s ]
INFO: [ view_filter ] --START--
INFO: Run Behavior\WriteHtmlCacheBehavior [ RunTime:0.005000s ]
INFO: [ view_filter ] --END-- [ RunTime:0.011000s ]
INFO: [ app_end ] --START--
INFO: Run Behavior\ShowPageTraceBehavior [ RunTime:0.005000s ]
INFO: [ app_end ] --END-- [ RunTime:0.007000s ]

[ 2018-01-06T10:22:28+08:00 ] 127.0.0.1 /index.php/Admin/Tenders/ZaoBiao
INFO: [ app_init ] --START--
INFO: Run Behavior\BuildLiteBehavior [ RunTime:0.001000s ]
INFO: [ app_init ] --END-- [ RunTime:0.003000s ]
INFO: [ app_begin ] --START--
INFO: Run Behavior\ReadHtmlCacheBehavior [ RunTime:0.002000s ]
INFO: [ app_begin ] --END-- [ RunTime:0.004001s ]
DEBUG: [ Jiechengkeji ] [ 10:21:59 ] [ _initialize ]BaseController
DEBUG: [ Jiechengkeji ] [ 10:21:59 ] [ _initialized ]AuthController
DEBUG: [ Jiechengkeji ] [ 10:21:59 ] [ __construct ]BaseDAO

[ 2018-01-06T10:22:30+08:00 ] 127.0.0.1 /?XDEBUG_SESSION_START=18729
INFO: [ app_init ] --START--
INFO: Run Behavior\BuildLiteBehavior [ RunTime:0.001000s ]
INFO: [ app_init ] --END-- [ RunTime:0.003000s ]
INFO: [ app_begin ] --START--
INFO: Run Behavior\ReadHtmlCacheBehavior [ RunTime:0.002000s ]
INFO: [ app_begin ] --END-- [ RunTime:0.004000s ]
DEBUG: [ Jiechengkeji ] [ 10:22:30 ] [ _initialize ]BaseController
DEBUG: [ Jiechengkeji ] [ 10:22:30 ] [ _initialized ]AuthController
DEBUG: [ Jiechengkeji ] [ 10:22:30 ] [ __construct ]BaseDAO
INFO: [ view_parse ] --START--
INFO: [ template_filter ] --START--
INFO: Run Behavior\ContentReplaceBehavior [ RunTime:0.001000s ]
INFO: [ template_filter ] --END-- [ RunTime:0.003000s ]
INFO: Run Behavior\ParseTemplateBehavior [ RunTime:0.030002s ]
INFO: [ view_parse ] --END-- [ RunTime:0.033002s ]
INFO: [ view_filter ] --START--
INFO: Run Behavior\WriteHtmlCacheBehavior [ RunTime:0.001000s ]
INFO: [ view_filter ] --END-- [ RunTime:0.004001s ]
INFO: [ app_end ] --START--
INFO: Run Behavior\ShowPageTraceBehavior [ RunTime:0.002000s ]
INFO: [ app_end ] --END-- [ RunTime:0.004000s ]

[ 2018-01-06T10:22:51+08:00 ] 127.0.0.1 /index.php/Admin/Tenders/ZaoBiao
INFO: [ app_init ] --START--
INFO: Run Behavior\BuildLiteBehavior [ RunTime:0.000000s ]
INFO: [ app_init ] --END-- [ RunTime:0.003000s ]
INFO: [ app_begin ] --START--
INFO: Run Behavior\ReadHtmlCacheBehavior [ RunTime:0.002000s ]
INFO: [ app_begin ] --END-- [ RunTime:0.005000s ]
DEBUG: [ Jiechengkeji ] [ 10:22:33 ] [ _initialize ]BaseController
DEBUG: [ Jiechengkeji ] [ 10:22:33 ] [ _initialized ]AuthController
DEBUG: [ Jiechengkeji ] [ 10:22:33 ] [ __construct ]BaseDAO
NOTIC: [8] Undefined index: COMPUTERNAME D:\bewin.WhjzProject.com\Application\Admin\Service\TendersService.class.php 第 29 行.
SQL: SELECT 
	                 *
                     FROM
	                cy_tenders_setting
	                WHERE 
	                NAME ='5-8万' [ RunTime:0.0010s ]
SQL: SELECT
	                    *
                      FROM
	                cy_data_city
	                  WHERE  city_name='威海市'
	                 [ RunTime:0.0020s ]
SQL: SELECT
	                    *
                      FROM
	                cy_data_area
	                  WHERE  area_name='环翠区'
	                 [ RunTime:0.0010s ]
SQL: SELECT  last_insert_id()  AS  id [ RunTime:0.0010s ]
DEBUG: [ Jiechengkeji ] [ 10:22:43 ] [ result ][{"id":"0"}]
SQL: SELECT
	                    *
                      FROM
	                cy_data_attr_value
	                  WHERE  title='地板'
	                 [ RunTime:0.0020s ]

[ 2018-01-06T10:23:33+08:00 ] 127.0.0.1 /?XDEBUG_SESSION_START=10936
INFO: [ app_init ] --START--
INFO: Run Behavior\BuildLiteBehavior [ RunTime:0.000000s ]
INFO: [ app_init ] --END-- [ RunTime:0.005000s ]
INFO: [ app_begin ] --START--
INFO: Run Behavior\ReadHtmlCacheBehavior [ RunTime:0.003000s ]
INFO: [ app_begin ] --END-- [ RunTime:0.005000s ]
DEBUG: [ Jiechengkeji ] [ 10:23:33 ] [ _initialize ]BaseController
DEBUG: [ Jiechengkeji ] [ 10:23:33 ] [ _initialized ]AuthController
DEBUG: [ Jiechengkeji ] [ 10:23:33 ] [ __construct ]BaseDAO
INFO: [ view_parse ] --START--
INFO: [ template_filter ] --START--
INFO: Run Behavior\ContentReplaceBehavior [ RunTime:0.001000s ]
INFO: [ template_filter ] --END-- [ RunTime:0.003000s ]
INFO: Run Behavior\ParseTemplateBehavior [ RunTime:0.032002s ]
INFO: [ view_parse ] --END-- [ RunTime:0.040002s ]
INFO: [ view_filter ] --START--
INFO: Run Behavior\WriteHtmlCacheBehavior [ RunTime:0.001000s ]
INFO: [ view_filter ] --END-- [ RunTime:0.003000s ]
INFO: [ app_end ] --START--
INFO: Run Behavior\ShowPageTraceBehavior [ RunTime:0.002001s ]
INFO: [ app_end ] --END-- [ RunTime:0.003001s ]

[ 2018-01-06T10:23:57+08:00 ] 127.0.0.1 /index.php/Admin/Tenders/ZaoBiao
INFO: [ app_init ] --START--
INFO: Run Behavior\BuildLiteBehavior [ RunTime:0.000000s ]
INFO: [ app_init ] --END-- [ RunTime:0.003000s ]
INFO: [ app_begin ] --START--
INFO: Run Behavior\ReadHtmlCacheBehavior [ RunTime:0.001000s ]
INFO: [ app_begin ] --END-- [ RunTime:0.003000s ]
DEBUG: [ Jiechengkeji ] [ 10:23:36 ] [ _initialize ]BaseController
DEBUG: [ Jiechengkeji ] [ 10:23:36 ] [ _initialized ]AuthController
DEBUG: [ Jiechengkeji ] [ 10:23:36 ] [ __construct ]BaseDAO
NOTIC: [8] Undefined index: COMPUTERNAME D:\bewin.WhjzProject.com\Application\Admin\Service\TendersService.class.php 第 29 行.
SQL: SELECT 
	                 *
                     FROM
	                cy_tenders_setting
	                WHERE 
	                NAME ='5-8万' [ RunTime:0.0020s ]
SQL: SELECT
	                    *
                      FROM
	                cy_data_city
	                  WHERE  city_name='威海市'
	                 [ RunTime:0.0030s ]
SQL: SELECT
	                    *
                      FROM
	                cy_data_area
	                  WHERE  area_name='环翠区'
	                 [ RunTime:0.0010s ]
SQL: INSERT INTO `cy_tenders` (
	`from`,
	`zxb_id`,
	`city_id`,
	`area_id`,
	`uid`,
	`contact`,
	`mobile`,
	`home_id`,
	`home_name`,
	`way_id`,
	`type_id`,
	`style_id`,
	`budget_id`,
	`service_id`,
	`house_type_id`,
	`house_mj`,
	`huxing`,
	`addr`,
	`comment`,
	`zx_time`,
	`tx_time`,
	`gold`,
	`max_look`,
	`looks`,
	`views`,
	`tracks`,
	`new_track`,
	`sign_uid`,
	`sign_from`,
	`sign_company_id`,
	`sign_info`,
	`sign_time`,
	`status`,
	`remark`,
	`audit`,
	`clientip`,
	`dateline`,
	`allow_looks`
)
VALUES
	(
		'TJC',
		0,
		'7',
		'3',
		0,
		'王海2',
		'18363100063',
		0,
		'上海大公馆',
		0,
		0,
		0,
		'7',
		0,
		0,
		'88',
		'',
		'龙岗区',
		'测试sss',
		0,
		0,
		0,
		3,
		0,
		0,
		0,
		0,
		0,
		'company',
		0,
		'',
		0,
		0,
		'',
		0,
		'192.168.1.58',
		'1515205418',
		NULL
	) [ RunTime:0.0020s ]
SQL: SELECT  last_insert_id()  AS  id [ RunTime:0.0010s ]
DEBUG: [ Jiechengkeji ] [ 10:23:42 ] [ result ][{"id":"15"}]
SQL: SELECT
	                    *
                      FROM
	                cy_data_attr_value
	                  WHERE  title='地板'
	                 [ RunTime:0.0010s ]
SQL: INSERT INTO `cy_tenders_attr` (
	                      `attr_id`,
	                      `attr_value_id`
                                      )
                     VALUES
	                             (
		                    '15',
		                    '62'
	                          ) [ RunTime:0.0040s ]
SQL: SELECT
	                    *
                      FROM
	                cy_data_attr_value
	                  WHERE  title='油漆'
	                 [ RunTime:0.0010s ]
SQL: INSERT INTO `cy_tenders_attr` (
	                      `attr_id`,
	                      `attr_value_id`
                                      )
                     VALUES
	                             (
		                    '15',
		                    '63'
	                          ) [ RunTime:0.0030s ]
SQL: SELECT
	                    *
                      FROM
	                cy_data_attr_value
	                  WHERE  title='门窗'
	                 [ RunTime:0.0010s ]
SQL: INSERT INTO `cy_tenders_attr` (
	                      `attr_id`,
	                      `attr_value_id`
                                      )
                     VALUES
	                             (
		                    '15',
		                    '64'
	                          ) [ RunTime:0.0010s ]
DEBUG: [ Jiechengkeji ] [ 10:23:57 ] [ result ]{"msg":"\u514d\u8d39\u62db\u6807\u6dfb\u52a0\u6210\u529f!","code":0,"data":[]}

[ 2018-01-06T10:26:17+08:00 ] 127.0.0.1 /index.php/Admin/Tenders/cy_trenders_a
INFO: [ app_init ] --START--
INFO: Run Behavior\BuildLiteBehavior [ RunTime:0.001000s ]
INFO: [ app_init ] --END-- [ RunTime:0.008000s ]
INFO: [ app_begin ] --START--
INFO: Run Behavior\ReadHtmlCacheBehavior [ RunTime:0.002000s ]
INFO: [ app_begin ] --END-- [ RunTime:0.006000s ]
DEBUG: [ Jiechengkeji ] [ 10:26:17 ] [ _initialize ]BaseController
DEBUG: [ Jiechengkeji ] [ 10:26:17 ] [ _initialized ]AuthController
DEBUG: [ Jiechengkeji ] [ 10:26:17 ] [ __construct ]BaseDAO
SQL: SELECT
	                    *
                      FROM
	                cy_tenders
	                WHERE 
	                title!=NULL 
	                 [ RunTime:0.0020s ]
DEBUG: [ Jiechengkeji ] [ 10:26:17 ] [ result ]{"msg":"\u6570\u636e\u83b7\u53d6\u6210\u529f","code":0,"data":[]}

[ 2018-01-06T10:26:21+08:00 ] 127.0.0.1 /index.php/Admin/Tenders/cy_trenders_a
INFO: [ app_init ] --START--
INFO: Run Behavior\BuildLiteBehavior [ RunTime:0.000000s ]
INFO: [ app_init ] --END-- [ RunTime:0.003001s ]
INFO: [ app_begin ] --START--
INFO: Run Behavior\ReadHtmlCacheBehavior [ RunTime:0.002000s ]
INFO: [ app_begin ] --END-- [ RunTime:0.004000s ]
DEBUG: [ Jiechengkeji ] [ 10:26:21 ] [ _initialize ]BaseController
DEBUG: [ Jiechengkeji ] [ 10:26:21 ] [ _initialized ]AuthController
DEBUG: [ Jiechengkeji ] [ 10:26:21 ] [ __construct ]BaseDAO
SQL: SELECT
	                    *
                      FROM
	                cy_tenders
	                WHERE 
	                title!=NULL 
	                 [ RunTime:0.0010s ]
DEBUG: [ Jiechengkeji ] [ 10:26:21 ] [ result ]{"msg":"\u6570\u636e\u83b7\u53d6\u6210\u529f","code":0,"data":[]}

[ 2018-01-06T10:28:03+08:00 ] 127.0.0.1 /index.php/Admin/Tenders/cy_trenders_a
INFO: [ app_init ] --START--
INFO: Run Behavior\BuildLiteBehavior [ RunTime:0.000000s ]
INFO: [ app_init ] --END-- [ RunTime:0.002000s ]
INFO: [ app_begin ] --START--
INFO: Run Behavior\ReadHtmlCacheBehavior [ RunTime:0.002000s ]
INFO: [ app_begin ] --END-- [ RunTime:0.004000s ]
DEBUG: [ Jiechengkeji ] [ 10:27:11 ] [ _initialize ]BaseController
DEBUG: [ Jiechengkeji ] [ 10:27:11 ] [ _initialized ]AuthController
DEBUG: [ Jiechengkeji ] [ 10:27:11 ] [ __construct ]BaseDAO
SQL: SELECT
	                    *
                      FROM
	                cy_tenders
	                WHERE 
	                title!=NULL 
	                 [ RunTime:0.0020s ]
DEBUG: [ Jiechengkeji ] [ 10:28:03 ] [ result ]{"msg":"\u6570\u636e\u83b7\u53d6\u6210\u529f","code":0,"data":[]}

[ 2018-01-06T10:28:15+08:00 ] 127.0.0.1 /index.php/Admin/Tenders/cy_trenders_a
INFO: [ app_init ] --START--
INFO: Run Behavior\BuildLiteBehavior [ RunTime:0.000000s ]
INFO: [ app_init ] --END-- [ RunTime:0.002000s ]
INFO: [ app_begin ] --START--
INFO: Run Behavior\ReadHtmlCacheBehavior [ RunTime:0.002000s ]
INFO: [ app_begin ] --END-- [ RunTime:0.004000s ]
DEBUG: [ Jiechengkeji ] [ 10:28:05 ] [ _initialize ]BaseController
DEBUG: [ Jiechengkeji ] [ 10:28:05 ] [ _initialized ]AuthController
DEBUG: [ Jiechengkeji ] [ 10:28:05 ] [ __construct ]BaseDAO
SQL: SELECT
	                    *
                      FROM
	                cy_tenders
	                WHERE 
	                title!='' 
	                 [ RunTime:0.0010s ]
DEBUG: [ Jiechengkeji ] [ 10:28:15 ] [ result ]{"msg":"\u6570\u636e\u83b7\u53d6\u6210\u529f","code":0,"data":[{"tenders_id":"4","from":"\u62db\u6807","zxb_id":"0","city_id":"7","area_id":"3","title":"5-8\u4e07","uid":"0","contact":"\u90d1\u5fd7\u5174","mobile":"13181148765","home_id":"0","home_name":"\u4e5d\u9f99\u6e7e","way_id":"18","type_id":"1","style_id":"3","budget_id":"7","service_id":"9","house_type_id":"12","house_mj":"90","huxing":"","addr":"\u5c71\u4e1c\u7701\u5a01\u6d77\u5e02\u73af\u7fe0\u533a","comment":"\u6211\u662f\u90d1\u5fd7\u5174\uff0c \u6211\u6b63\u5728\u6d4b\u8bd5","zx_time":"0","tx_time":"0","gold":"0","max_look":"3","looks":"0","views":"0","tracks":"0","new_track":"0","sign_uid":"0","sign_from":"company","sign_company_id":"0","sign_info":"","sign_time":"0","status":"0","remark":"","audit":"1","clientip":"39.80.34.126","dateline":"1502867032","allow_looks":null}]}

[ 2018-01-06T10:33:04+08:00 ] 127.0.0.1 /index.php/Admin/Tenders/cy_trenders_a
INFO: [ app_init ] --START--
INFO: Run Behavior\BuildLiteBehavior [ RunTime:0.001000s ]
INFO: [ app_init ] --END-- [ RunTime:0.003000s ]
INFO: [ app_begin ] --START--
INFO: Run Behavior\ReadHtmlCacheBehavior [ RunTime:0.002000s ]
INFO: [ app_begin ] --END-- [ RunTime:0.009000s ]
DEBUG: [ Jiechengkeji ] [ 10:32:59 ] [ _initialize ]BaseController
DEBUG: [ Jiechengkeji ] [ 10:32:59 ] [ _initialized ]AuthController
DEBUG: [ Jiechengkeji ] [ 10:32:59 ] [ __construct ]BaseDAO
SQL: SELECT
	                    *,from_unixtime(dateline,'%Y-%m-%d')
                      FROM
	                cy_tenders
	                WHERE 
	                title!='' 
	                 [ RunTime:0.0010s ]
DEBUG: [ Jiechengkeji ] [ 10:33:04 ] [ result ]{"msg":"\u6570\u636e\u83b7\u53d6\u6210\u529f","code":0,"data":[{"tenders_id":"4","from":"\u62db\u6807","zxb_id":"0","city_id":"7","area_id":"3","title":"5-8\u4e07","uid":"0","contact":"\u90d1\u5fd7\u5174","mobile":"13181148765","home_id":"0","home_name":"\u4e5d\u9f99\u6e7e","way_id":"18","type_id":"1","style_id":"3","budget_id":"7","service_id":"9","house_type_id":"12","house_mj":"90","huxing":"","addr":"\u5c71\u4e1c\u7701\u5a01\u6d77\u5e02\u73af\u7fe0\u533a","comment":"\u6211\u662f\u90d1\u5fd7\u5174\uff0c \u6211\u6b63\u5728\u6d4b\u8bd5","zx_time":"0","tx_time":"0","gold":"0","max_look":"3","looks":"0","views":"0","tracks":"0","new_track":"0","sign_uid":"0","sign_from":"company","sign_company_id":"0","sign_info":"","sign_time":"0","status":"0","remark":"","audit":"1","clientip":"39.80.34.126","dateline":"1502867032","allow_looks":null,"from_unixtime(dateline,'%y-%m-%d')":"2017-08-16"}]}

[ 2018-01-06T10:36:29+08:00 ] 127.0.0.1 /index.php/Admin/Tenders/cy_trenders_a
INFO: [ app_init ] --START--
INFO: Run Behavior\BuildLiteBehavior [ RunTime:0.001000s ]
INFO: [ app_init ] --END-- [ RunTime:0.003000s ]
INFO: [ app_begin ] --START--
INFO: Run Behavior\ReadHtmlCacheBehavior [ RunTime:0.002000s ]
INFO: [ app_begin ] --END-- [ RunTime:0.004000s ]
DEBUG: [ Jiechengkeji ] [ 10:36:23 ] [ _initialize ]BaseController
DEBUG: [ Jiechengkeji ] [ 10:36:23 ] [ _initialized ]AuthController
DEBUG: [ Jiechengkeji ] [ 10:36:23 ] [ __construct ]BaseDAO
ERR: 1064:You have an error in your SQL syntax; check the manual that corresponds to your MySQL server version for the right syntax to use near 'from,
	                    house_mj,
	                    budget_id 
        ' at line 5
 [ SQL语句 ] : SELECT
	                    *,
	                    from_unixtime(dateline,'%Y-%m-%d')  dateline,
	                    contact,
	                    from,
	                    house_mj,
	                    budget_id 
                      FROM
	                cy_tenders
	                WHERE 
	                title!='' 
	                
ERR: 1064:You have an error in your SQL syntax; check the manual that corresponds to your MySQL server version for the right syntax to use near 'from,
	                    house_mj,
	                    budget_id 
        ' at line 5
 [ SQL语句 ] : SELECT
	                    *,
	                    from_unixtime(dateline,'%Y-%m-%d')  dateline,
	                    contact,
	                    from,
	                    house_mj,
	                    budget_id 
                      FROM
	                cy_tenders
	                WHERE 
	                title!='' 
	                

[ 2018-01-06T10:36:35+08:00 ] 127.0.0.1 /index.php/Admin/Tenders/cy_trenders_a
INFO: [ app_init ] --START--
INFO: Run Behavior\BuildLiteBehavior [ RunTime:0.001000s ]
INFO: [ app_init ] --END-- [ RunTime:0.005000s ]
INFO: [ app_begin ] --START--
INFO: Run Behavior\ReadHtmlCacheBehavior [ RunTime:0.002000s ]
INFO: [ app_begin ] --END-- [ RunTime:0.004000s ]
DEBUG: [ Jiechengkeji ] [ 10:36:32 ] [ _initialize ]BaseController
DEBUG: [ Jiechengkeji ] [ 10:36:32 ] [ _initialized ]AuthController
DEBUG: [ Jiechengkeji ] [ 10:36:32 ] [ __construct ]BaseDAO
ERR: 1064:You have an error in your SQL syntax; check the manual that corresponds to your MySQL server version for the right syntax to use near 'from,
	                    house_mj,
	                    budget_id 
        ' at line 4
 [ SQL语句 ] : SELECT
	                    from_unixtime(dateline,'%Y-%m-%d')  dateline,
	                    contact,
	                    from,
	                    house_mj,
	                    budget_id 
                      FROM
	                cy_tenders
	                WHERE 
	                title!='' 
	                
ERR: 1064:You have an error in your SQL syntax; check the manual that corresponds to your MySQL server version for the right syntax to use near 'from,
	                    house_mj,
	                    budget_id 
        ' at line 4
 [ SQL语句 ] : SELECT
	                    from_unixtime(dateline,'%Y-%m-%d')  dateline,
	                    contact,
	                    from,
	                    house_mj,
	                    budget_id 
                      FROM
	                cy_tenders
	                WHERE 
	                title!='' 
	                

[ 2018-01-06T10:37:17+08:00 ] 127.0.0.1 /index.php/Admin/Tenders/cy_trenders_a
INFO: [ app_init ] --START--
INFO: Run Behavior\BuildLiteBehavior [ RunTime:0.000000s ]
INFO: [ app_init ] --END-- [ RunTime:0.002000s ]
INFO: [ app_begin ] --START--
INFO: Run Behavior\ReadHtmlCacheBehavior [ RunTime:0.001000s ]
INFO: [ app_begin ] --END-- [ RunTime:0.004000s ]
DEBUG: [ Jiechengkeji ] [ 10:37:17 ] [ _initialize ]BaseController
DEBUG: [ Jiechengkeji ] [ 10:37:17 ] [ _initialized ]AuthController
DEBUG: [ Jiechengkeji ] [ 10:37:17 ] [ __construct ]BaseDAO
ERR: 1064:You have an error in your SQL syntax; check the manual that corresponds to your MySQL server version for the right syntax to use near ''from'',
	                    house_mj,
	                    budget_id 
     ' at line 4
 [ SQL语句 ] : SELECT
	                    from_unixtime(dateline,'%Y-%m-%d')  dateline,
	                    contact,
	                    'from'',
	                    house_mj,
	                    budget_id 
                      FROM
	                cy_tenders
	                WHERE 
	                title!='' 
	                
ERR: 1064:You have an error in your SQL syntax; check the manual that corresponds to your MySQL server version for the right syntax to use near ''from'',
	                    house_mj,
	                    budget_id 
     ' at line 4
 [ SQL语句 ] : SELECT
	                    from_unixtime(dateline,'%Y-%m-%d')  dateline,
	                    contact,
	                    'from'',
	                    house_mj,
	                    budget_id 
                      FROM
	                cy_tenders
	                WHERE 
	                title!='' 
	                

[ 2018-01-06T10:37:28+08:00 ] 127.0.0.1 /index.php/Admin/Tenders/cy_trenders_a
INFO: [ app_init ] --START--
INFO: Run Behavior\BuildLiteBehavior [ RunTime:0.000000s ]
INFO: [ app_init ] --END-- [ RunTime:0.003000s ]
INFO: [ app_begin ] --START--
INFO: Run Behavior\ReadHtmlCacheBehavior [ RunTime:0.001000s ]
INFO: [ app_begin ] --END-- [ RunTime:0.004000s ]
DEBUG: [ Jiechengkeji ] [ 10:37:28 ] [ _initialize ]BaseController
DEBUG: [ Jiechengkeji ] [ 10:37:28 ] [ _initialized ]AuthController
DEBUG: [ Jiechengkeji ] [ 10:37:28 ] [ __construct ]BaseDAO
SQL: SELECT
	                    from_unixtime(dateline,'%Y-%m-%d')  dateline,
	                    contact,
	                    'from',
	                    house_mj,
	                    budget_id 
                      FROM
	                cy_tenders
	                WHERE 
	                title!='' 
	                 [ RunTime:0.0010s ]
DEBUG: [ Jiechengkeji ] [ 10:37:28 ] [ result ]{"msg":"\u6570\u636e\u83b7\u53d6\u6210\u529f","code":0,"data":[{"dateline":"2017-08-16","contact":"\u90d1\u5fd7\u5174","from":"from","house_mj":"90","budget_id":"7"}]}

[ 2018-01-06T10:38:04+08:00 ] 127.0.0.1 /?XDEBUG_SESSION_START=18136
INFO: [ app_init ] --START--
INFO: Run Behavior\BuildLiteBehavior [ RunTime:0.000000s ]
INFO: [ app_init ] --END-- [ RunTime:0.004000s ]
INFO: [ app_begin ] --START--
INFO: Run Behavior\ReadHtmlCacheBehavior [ RunTime:0.005000s ]
INFO: [ app_begin ] --END-- [ RunTime:0.007000s ]
DEBUG: [ Jiechengkeji ] [ 10:38:03 ] [ _initialize ]BaseController
DEBUG: [ Jiechengkeji ] [ 10:38:03 ] [ _initialized ]AuthController
DEBUG: [ Jiechengkeji ] [ 10:38:03 ] [ __construct ]BaseDAO
INFO: [ view_parse ] --START--
INFO: [ template_filter ] --START--
INFO: Run Behavior\ContentReplaceBehavior [ RunTime:0.001000s ]
INFO: [ template_filter ] --END-- [ RunTime:0.002000s ]
INFO: Run Behavior\ParseTemplateBehavior [ RunTime:0.029002s ]
INFO: [ view_parse ] --END-- [ RunTime:0.031002s ]
INFO: [ view_filter ] --START--
INFO: Run Behavior\WriteHtmlCacheBehavior [ RunTime:0.002000s ]
INFO: [ view_filter ] --END-- [ RunTime:0.004000s ]
INFO: [ app_end ] --START--
INFO: Run Behavior\ShowPageTraceBehavior [ RunTime:0.002000s ]
INFO: [ app_end ] --END-- [ RunTime:0.004000s ]

[ 2018-01-06T10:38:57+08:00 ] 127.0.0.1 /index.php/Admin/Tenders/cy_trenders_a
INFO: [ app_init ] --START--
INFO: Run Behavior\BuildLiteBehavior [ RunTime:0.001000s ]
INFO: [ app_init ] --END-- [ RunTime:0.003000s ]
INFO: [ app_begin ] --START--
INFO: Run Behavior\ReadHtmlCacheBehavior [ RunTime:0.002000s ]
INFO: [ app_begin ] --END-- [ RunTime:0.004000s ]
DEBUG: [ Jiechengkeji ] [ 10:38:07 ] [ _initialize ]BaseController
DEBUG: [ Jiechengkeji ] [ 10:38:07 ] [ _initialized ]AuthController
DEBUG: [ Jiechengkeji ] [ 10:38:07 ] [ __construct ]BaseDAO
SQL: SELECT
	                    from_unixtime(dateline,'%Y-%m-%d')  dateline,
	                    contact,
	                    'from',
	                    house_mj,
	                    budget_id 
                      FROM
	                cy_tenders
	                WHERE 
	                title!='' 
	                 [ RunTime:0.0010s ]
DEBUG: [ Jiechengkeji ] [ 10:38:57 ] [ result ]{"msg":"\u6570\u636e\u83b7\u53d6\u6210\u529f","code":0,"data":[{"dateline":"2017-08-16","contact":"\u90d1\u5fd7\u5174","from":"from","house_mj":"90","budget_id":"7"}]}

[ 2018-01-06T10:40:24+08:00 ] 127.0.0.1 /index.php/Admin/Tenders/cy_trenders_a
INFO: [ app_init ] --START--
INFO: Run Behavior\BuildLiteBehavior [ RunTime:0.001000s ]
INFO: [ app_init ] --END-- [ RunTime:0.003000s ]
INFO: [ app_begin ] --START--
INFO: Run Behavior\ReadHtmlCacheBehavior [ RunTime:0.002000s ]
INFO: [ app_begin ] --END-- [ RunTime:0.004000s ]
DEBUG: [ Jiechengkeji ] [ 10:39:35 ] [ _initialize ]BaseController
DEBUG: [ Jiechengkeji ] [ 10:39:35 ] [ _initialized ]AuthController
DEBUG: [ Jiechengkeji ] [ 10:39:35 ] [ __construct ]BaseDAO
SQL: SELECT
	                    from_unixtime(dateline,'%Y-%m-%d')  dateline,
	                    contact,
	                    'from',
	                    house_mj,
	                    budget_id 
                      FROM
	                cy_tenders
	                WHERE 
	                title!='' 
	                 [ RunTime:0.0010s ]
NOTIC: [8] Use of undefined constant from - assumed 'from' xdebug://debug-eval(1) : eval()'d code 第 1 行.
DEBUG: [ Jiechengkeji ] [ 10:40:24 ] [ result ]{"msg":"\u6570\u636e\u83b7\u53d6\u6210\u529f","code":0,"data":[{"dateline":"2017-08-16","contact":"\u90d1\u5fd7\u5174","from":"from","house_mj":"90","budget_id":"7"}]}

[ 2018-01-06T10:43:41+08:00 ] 127.0.0.1 /index.php/Admin/Tenders/cy_trenders_a
INFO: [ app_init ] --START--
INFO: Run Behavior\BuildLiteBehavior [ RunTime:0.000000s ]
INFO: [ app_init ] --END-- [ RunTime:0.003000s ]
INFO: [ app_begin ] --START--
INFO: Run Behavior\ReadHtmlCacheBehavior [ RunTime:0.002000s ]
INFO: [ app_begin ] --END-- [ RunTime:0.004000s ]
DEBUG: [ Jiechengkeji ] [ 10:40:27 ] [ _initialize ]BaseController
DEBUG: [ Jiechengkeji ] [ 10:40:27 ] [ _initialized ]AuthController
DEBUG: [ Jiechengkeji ] [ 10:40:27 ] [ __construct ]BaseDAO
SQL: SELECT
                     *,
	                    from_unixtime(dateline,'%Y-%m-%d')  dateline,
	                    contact,
	                    house_mj,
	                    budget_id 
                      FROM
	                cy_tenders
	                WHERE 
	                title!='' 
	                 [ RunTime:0.0030s ]

[ 2018-01-06T10:48:54+08:00 ] 127.0.0.1 /index.php/Admin/Tenders/cy_trenders_a
INFO: [ app_init ] --START--
INFO: Run Behavior\BuildLiteBehavior [ RunTime:0.001000s ]
INFO: [ app_init ] --END-- [ RunTime:0.003000s ]
INFO: [ app_begin ] --START--
INFO: Run Behavior\ReadHtmlCacheBehavior [ RunTime:0.002001s ]
INFO: [ app_begin ] --END-- [ RunTime:0.004001s ]
DEBUG: [ Jiechengkeji ] [ 10:48:54 ] [ _initialize ]BaseController
DEBUG: [ Jiechengkeji ] [ 10:48:54 ] [ _initialized ]AuthController
DEBUG: [ Jiechengkeji ] [ 10:48:54 ] [ __construct ]BaseDAO
SQL: SELECT
                     *,
	                 from_unixtime(dateline,'%Y-%m-%d')  dateline
                      FROM
	                cy_tenders
	                WHERE 
	                title!='' 
	                 [ RunTime:0.0010s ]
SQL: SELECT
                     *
                      FROM
	                cy_tenders_setting
	                WHERE 
	                setting_id='7' 
	                 [ RunTime:0.0010s ]
DEBUG: [ Jiechengkeji ] [ 10:48:54 ] [ result ]{"msg":"\u6570\u636e\u83b7\u53d6\u6210\u529f","code":0,"data":[{"tenders_id":"4","from":"\u62db\u6807","zxb_id":"0","city_id":"7","area_id":"3","title":"5-8\u4e07","uid":"0","contact":"\u90d1\u5fd7\u5174","mobile":"13181148765","home_id":"0","home_name":"\u4e5d\u9f99\u6e7e","way_id":"18","type_id":"1","style_id":"3","budget_id":"7","service_id":"9","house_type_id":"12","house_mj":"90","huxing":"","addr":"\u5c71\u4e1c\u7701\u5a01\u6d77\u5e02\u73af\u7fe0\u533a","comment":"\u6211\u662f\u90d1\u5fd7\u5174\uff0c \u6211\u6b63\u5728\u6d4b\u8bd5","zx_time":"0","tx_time":"0","gold":"0","max_look":"3","looks":"0","views":"0","tracks":"0","new_track":"0","sign_uid":"0","sign_from":"company","sign_company_id":"0","sign_info":"","sign_time":"0","status":"0","remark":"","audit":"1","clientip":"39.80.34.126","dateline":"2017-08-16","allow_looks":null,"budget_name":"5-8\u4e07"}]}

[ 2018-01-06T15:33:28+08:00 ] 127.0.0.1 /index.php/Admin/Tenders/cy_trenders_b
INFO: [ app_init ] --START--
INFO: Run Behavior\BuildLiteBehavior [ RunTime:0.000000s ]
INFO: [ app_init ] --END-- [ RunTime:0.002000s ]
INFO: [ app_begin ] --START--
INFO: Run Behavior\ReadHtmlCacheBehavior [ RunTime:0.002001s ]
INFO: [ app_begin ] --END-- [ RunTime:0.009001s ]
DEBUG: [ Jiechengkeji ] [ 15:33:28 ] [ _initialize ]BaseController
DEBUG: [ Jiechengkeji ] [ 15:33:28 ] [ _initialized ]AuthController
DEBUG: [ Jiechengkeji ] [ 15:33:28 ] [ __construct ]BaseDAO
SQL: SELECT
                     *
                      FROM
	                cy_tenders_setting
	                WHERE 
	                  type='3' 
	                 [ RunTime:0.0010s ]
DEBUG: [ Jiechengkeji ] [ 15:33:28 ] [ result ]{"msg":"\u6570\u636e\u83b7\u53d6\u6210\u529f","code":0,"data":[{"setting_id":"5","type":"3","name":"3\u4e07\u4ee5\u4e0b","orderby":"50"},{"setting_id":"6","type":"3","name":"3\u4e07-5\u4e07","orderby":"50"},{"setting_id":"7","type":"3","name":"5-8\u4e07","orderby":"50"},{"setting_id":"8","type":"3","name":"8\u4e07\u4ee5\u4e0a","orderby":"50"}]}

[ 2018-01-06T15:33:38+08:00 ] 127.0.0.1 /index.php/Admin/Tenders/cy_trenders_c
INFO: [ app_init ] --START--
INFO: Run Behavior\BuildLiteBehavior [ RunTime:0.001000s ]
INFO: [ app_init ] --END-- [ RunTime:0.003000s ]
INFO: [ app_begin ] --START--
INFO: Run Behavior\ReadHtmlCacheBehavior [ RunTime:0.002000s ]
INFO: [ app_begin ] --END-- [ RunTime:0.004000s ]
DEBUG: [ Jiechengkeji ] [ 15:33:38 ] [ _initialize ]BaseController
DEBUG: [ Jiechengkeji ] [ 15:33:38 ] [ _initialized ]AuthController
DEBUG: [ Jiechengkeji ] [ 15:33:38 ] [ __construct ]BaseDAO
SQL: SELECT
                     *
                      FROM
	                cy_tenders_setting
	                WHERE 
	                  type='1' 
	                 [ RunTime:0.0000s ]
DEBUG: [ Jiechengkeji ] [ 15:33:38 ] [ result ]{"msg":"\u6570\u636e\u83b7\u53d6\u6210\u529f","code":0,"data":[{"setting_id":"1","type":"1","name":"\u5bb6\u88c5","orderby":"50"},{"setting_id":"2","type":"1","name":"\u516c\u88c5","orderby":"50"}]}

[ 2018-01-06T15:33:47+08:00 ] 127.0.0.1 /index.php/Admin/Tenders/cy_trenders_d
INFO: [ app_init ] --START--
INFO: Run Behavior\BuildLiteBehavior [ RunTime:0.000000s ]
INFO: [ app_init ] --END-- [ RunTime:0.005001s ]
INFO: [ app_begin ] --START--
INFO: Run Behavior\ReadHtmlCacheBehavior [ RunTime:0.002000s ]
INFO: [ app_begin ] --END-- [ RunTime:0.004001s ]
DEBUG: [ Jiechengkeji ] [ 15:33:47 ] [ _initialize ]BaseController
DEBUG: [ Jiechengkeji ] [ 15:33:47 ] [ _initialized ]AuthController
DEBUG: [ Jiechengkeji ] [ 15:33:47 ] [ __construct ]BaseDAO
SQL: SELECT
                     *
                      FROM
	                cy_data_attr_value
	                WHERE 
	                  attr_id='13' 
	                 [ RunTime:0.0010s ]
DEBUG: [ Jiechengkeji ] [ 15:33:47 ] [ result ]{"msg":"\u6570\u636e\u83b7\u53d6\u6210\u529f","code":0,"data":[{"attr_value_id":"62","attr_id":"13","title":"\u5730\u677f","orderby":"50"},{"attr_value_id":"63","attr_id":"13","title":"\u6cb9\u6f06 ","orderby":"50"},{"attr_value_id":"64","attr_id":"13","title":"\u95e8\u7a97","orderby":"50"},{"attr_value_id":"65","attr_id":"13","title":"\u74f7\u7816 ","orderby":"50"},{"attr_value_id":"66","attr_id":"13","title":"\u5899\u7eb8","orderby":"50"}]}

[ 2018-01-06T15:33:57+08:00 ] 127.0.0.1 /index.php/Admin/Tenders/cy_trenders_e
INFO: [ app_init ] --START--
INFO: Run Behavior\BuildLiteBehavior [ RunTime:0.001000s ]
INFO: [ app_init ] --END-- [ RunTime:0.002000s ]
INFO: [ app_begin ] --START--
INFO: Run Behavior\ReadHtmlCacheBehavior [ RunTime:0.001000s ]
INFO: [ app_begin ] --END-- [ RunTime:0.006000s ]
DEBUG: [ Jiechengkeji ] [ 15:33:57 ] [ _initialize ]BaseController
DEBUG: [ Jiechengkeji ] [ 15:33:57 ] [ _initialized ]AuthController
DEBUG: [ Jiechengkeji ] [ 15:33:57 ] [ __construct ]BaseDAO
SQL: SELECT
                     *
                      FROM
	                cy_tenders_setting
	                WHERE 
	                  type='6' 
	                 [ RunTime:0.0030s ]
DEBUG: [ Jiechengkeji ] [ 15:33:57 ] [ result ]{"msg":"\u6570\u636e\u83b7\u53d6\u6210\u529f","code":0,"data":[{"setting_id":"18","type":"6","name":"\u6e05\u5305","orderby":"50"},{"setting_id":"19","type":"6","name":"\u534a\u5305","orderby":"50"},{"setting_id":"20","type":"6","name":"\u5168\u5305","orderby":"50"}]}

[ 2018-01-06T15:44:00+08:00 ] 127.0.0.1 /index.php/Admin/Tenders/cy_tenders_photo
INFO: [ app_init ] --START--
INFO: Run Behavior\BuildLiteBehavior [ RunTime:0.000000s ]
INFO: [ app_init ] --END-- [ RunTime:0.003000s ]
INFO: [ app_begin ] --START--
INFO: Run Behavior\ReadHtmlCacheBehavior [ RunTime:0.002000s ]
INFO: [ app_begin ] --END-- [ RunTime:0.004001s ]
DEBUG: [ Jiechengkeji ] [ 15:43:59 ] [ _initialize ]BaseController
DEBUG: [ Jiechengkeji ] [ 15:43:59 ] [ _initialized ]AuthController
DEBUG: [ Jiechengkeji ] [ 15:44:00 ] [ __construct ]BaseDAO
SQL: SELECT
                     *
                      FROM
	                cy_tenders_photo 
	                 [ RunTime:0.0020s ]
DEBUG: [ Jiechengkeji ] [ 15:44:00 ] [ result ]{"msg":"\u6570\u636e\u83b7\u53d6\u6210\u529f","code":0,"data":[{"id":"1","fromb":"\u6574\u4f53\u6d4b\u8bd51","photo":null,"createtime":"2017-12-08 14:20:01","updatetime":"2017-12-11 14:18:41"},{"id":"2","fromb":"\u6574\u4f53\u6d4b\u8bd51","photo":null,"createtime":"2017-12-08 14:23:03","updatetime":"2017-12-11 10:47:44"},{"id":"3","fromb":"\u6574\u4f53\u6d4b\u8bd51","photo":null,"createtime":"2017-12-08 14:28:31","updatetime":"2017-12-11 10:47:44"},{"id":"4","fromb":"\u70ed\u641c\u641c\u7d22","photo":null,"createtime":"2018-01-04 09:54:53","updatetime":"2018-01-04 09:54:53"},{"id":"5","fromb":"\u70ed\u641c\u641c\u7d222","photo":null,"createtime":"2018-01-04 09:55:44","updatetime":"2018-01-04 09:55:44"},{"id":"6","fromb":"\u70ed\u641c\u641c\u7d222","photo":null,"createtime":"2018-01-04 10:01:13","updatetime":"2018-01-04 10:01:13"},{"id":"7","fromb":"","photo":null,"createtime":"2018-01-04 10:12:44","updatetime":"2018-01-04 10:12:44"},{"id":"8","fromb":"","photo":null,"createtime":"2018-01-04 10:13:28","updatetime":"2018-01-04 10:13:28"},{"id":"9","fromb":"","photo":null,"createtime":"2018-01-04 10:14:05","updatetime":"2018-01-04 10:14:05"},{"id":"10","fromb":"","photo":null,"createtime":"2018-01-04 10:14:17","updatetime":"2018-01-04 10:14:17"},{"id":"11","fromb":"","photo":null,"createtime":"2018-01-04 10:24:13","updatetime":"2018-01-04 10:24:14"},{"id":"12","fromb":"","photo":null,"createtime":"2018-01-04 10:29:06","updatetime":"2018-01-04 10:29:07"},{"id":"13","fromb":"","photo":null,"createtime":"2018-01-04 10:31:24","updatetime":"2018-01-04 10:31:24"},{"id":"14","fromb":"","photo":null,"createtime":"2018-01-04 10:33:35","updatetime":"2018-01-04 10:33:35"},{"id":"15","fromb":"","photo":null,"createtime":"2018-01-04 10:35:15","updatetime":"2018-01-04 10:35:15"},{"id":"16","fromb":"","photo":null,"createtime":"2018-01-04 10:36:00","updatetime":"2018-01-04 10:36:00"}]}

