[ 2018-02-06T11:03:27+08:00 ] 127.0.0.1 /?XDEBUG_SESSION_START=17603
INFO: [ app_init ] --START--
INFO: Run Behavior\BuildLiteBehavior [ RunTime:0.000000s ]
INFO: [ app_init ] --END-- [ RunTime:0.014001s ]
INFO: [ app_begin ] --START--
INFO: Run Behavior\ReadHtmlCacheBehavior [ RunTime:0.016001s ]
INFO: [ app_begin ] --END-- [ RunTime:0.018001s ]
DEBUG: [ Jiechengkeji ] [ 11:03:27 ] [ _initialize ]BaseController
DEBUG: [ Jiechengkeji ] [ 11:03:27 ] [ _initialized ]AuthController
DEBUG: [ Jiechengkeji ] [ 11:03:27 ] [ __construct ]BaseDAO
INFO: [ view_parse ] --START--
INFO: [ template_filter ] --START--
INFO: Run Behavior\ContentReplaceBehavior [ RunTime:0.001000s ]
INFO: [ template_filter ] --END-- [ RunTime:0.004001s ]
INFO: Run Behavior\ParseTemplateBehavior [ RunTime:0.039002s ]
INFO: [ view_parse ] --END-- [ RunTime:0.041002s ]
INFO: [ view_filter ] --START--
INFO: Run Behavior\WriteHtmlCacheBehavior [ RunTime:0.015001s ]
INFO: [ view_filter ] --END-- [ RunTime:0.021001s ]
INFO: [ app_end ] --START--
INFO: Run Behavior\ShowPageTraceBehavior [ RunTime:0.051003s ]
INFO: [ app_end ] --END-- [ RunTime:0.060003s ]

[ 2018-02-06T11:03:38+08:00 ] 127.0.0.1 /index.php/Admin/Umember/Umember
INFO: [ app_init ] --START--
INFO: Run Behavior\BuildLiteBehavior [ RunTime:0.000000s ]
INFO: [ app_init ] --END-- [ RunTime:0.002000s ]
INFO: [ app_begin ] --START--
INFO: Run Behavior\ReadHtmlCacheBehavior [ RunTime:0.002000s ]
INFO: [ app_begin ] --END-- [ RunTime:0.004000s ]
DEBUG: [ Jiechengkeji ] [ 11:03:38 ] [ _initialize ]BaseController
DEBUG: [ Jiechengkeji ] [ 11:03:38 ] [ _initialized ]AuthController
DEBUG: [ Jiechengkeji ] [ 11:03:38 ] [ __construct ]BaseDAO
NOTIC: [8] Undefined index: user D:\bewin.WhjzProject.com\Application\Admin\Service\UmemberService.class.php 第 96 行.
NOTIC: [8] Undefined index: user D:\bewin.WhjzProject.com\Application\Admin\Service\UmemberService.class.php 第 99 行.
SQL: SELECT
    a.uid,
	a.uname,
    a.face,
	(
		CASE a.FROM

		WHEN 'member' THEN
			'家装助手会员'
		WHEN 'designer' THEN
			'家装助手设计师'
		WHEN 'company' THEN
			'家装助手装修公司'
		WHEN 'shop' THEN
			'家装助手建材商家'
		WHEN 'mechanic' THEN
			'家装助手装修工人'
		END
	)  name
    FROM
	cy_member a
	WHERE 
	   a.uname=''
	    [ RunTime:0.0010s ]
DEBUG: [ Jiechengkeji ] [ 11:03:38 ] [ result ]null
INFO: [ app_end ] --START--
INFO: Run Behavior\ShowPageTraceBehavior [ RunTime:0.002000s ]
INFO: [ app_end ] --END-- [ RunTime:0.004000s ]

